============================= test session starts ==============================
platform darwin -- Python 3.13.5, pytest-8.3.4, pluggy-1.6.0
rootdir: /Users/pratik_n/Desktop/MyComputer/universal-anomaly-intelligence-v2
configfile: pytest.ini
testpaths: tests
plugins: anyio-4.7.0, hydra-core-1.3.2

----------------------------- live log collection ------------------------------
2026-01-21 11:00:14 [INFO] NumExpr defaulting to 10 threads.
2026-01-21 11:00:16 [INFO] Production middleware configured successfully
collected 91 items / 1 skipped

tests/e2e/test_rag_dsa.py::test_dsa_doc_rag_roundtrip PASSED             [  1%]
tests/e2e/test_smoke.py::test_health PASSED                              [  2%]
tests/e2e/test_smoke.py::test_chat PASSED                                [  3%]
tests/test_api_payloads.py::test_fusion_keys_sorted_for_payload PASSED   [  4%]
tests/test_api_v1_contract.py::test_api_v1_contract_in_openapi PASSED    [  5%]
tests/test_auth_password.py::test_password_hash_roundtrip 
-------------------------------- live log call ---------------------------------
2026-01-21 11:00:16 [WARNING] (trapped) error reading bcrypt version
Traceback (most recent call last):
  File "/opt/anaconda3/lib/python3.13/site-packages/passlib/handlers/bcrypt.py", line 620, in _load_backend_mixin
    version = _bcrypt.__about__.__version__
              ^^^^^^^^^^^^^^^^^
AttributeError: module 'bcrypt' has no attribute '__about__'
PASSED                                                                   [  6%]
tests/test_behavior_logs_api.py::test_behavior_logs_endpoint_accepts_csv 
-------------------------------- live log call ---------------------------------
2026-01-21 11:00:17 [INFO] Request started: POST /api/behavior/logs request_id=75c540dd-f3c0-4511-aeb7-7d5c217fe44b client=testclient
2026-01-21 11:00:17 [INFO] Request completed: POST /api/behavior/logs status=200 duration=71.56ms request_id=75c540dd-f3c0-4511-aeb7-7d5c217fe44b
2026-01-21 11:00:17 [INFO] HTTP Request: POST http://testserver/api/behavior/logs?max_rows=1000&top_n=5 "HTTP/1.1 200 OK"
PASSED                                                                   [  7%]
tests/test_brand_routes_import.py::test_brand_route_import_does_not_require_weights PASSED [  8%]
tests/test_build_30seq_dataset.py::test_build_sequences_writes_files PASSED [  9%]
tests/test_build_recommender_index_script.py::test_build_recommender_index_script_runs PASSED [ 10%]
tests/test_chat.py::test_chat_route 
-------------------------------- live log call ---------------------------------
2026-01-21 11:00:18 [INFO] Request started: POST /api/chat request_id=24b8c40d-e27c-453e-be13-69539a9c9664 client=testclient
2026-01-21 11:00:18 [INFO] Request completed: POST /api/chat status=200 duration=160.17ms request_id=24b8c40d-e27c-453e-be13-69539a9c9664
2026-01-21 11:00:18 [INFO] HTTP Request: POST http://testserver/api/chat "HTTP/1.1 200 OK"
PASSED                                                                   [ 12%]
tests/test_chat_multimodal_stt.py::test_chat_multimodal_transcribe_flag_does_not_break 
-------------------------------- live log call ---------------------------------
2026-01-21 11:00:18 [INFO] Request started: POST /api/chat/multimodal request_id=70d879e5-fdb5-4b44-8e00-3444981618e2 client=testclient
2026-01-21 11:00:19 [INFO] Request completed: POST /api/chat/multimodal status=200 duration=689.61ms request_id=70d879e5-fdb5-4b44-8e00-3444981618e2
2026-01-21 11:00:19 [INFO] HTTP Request: POST http://testserver/api/chat/multimodal "HTTP/1.1 200 OK"
PASSED                                                                   [ 13%]
tests/test_clothes_catalog.py::test_recommend_clothes_includes_brand_and_title PASSED [ 14%]
tests/test_clothes_catalog.py::test_recommend_clothes_works_without_preferred_tags PASSED [ 15%]
tests/test_decision_engine.py::test_make_decision_blocks_on_high_fraud PASSED [ 16%]
tests/test_decision_engine.py::test_make_decision_step_up_on_combined_risk PASSED [ 17%]
tests/test_decision_engine.py::test_make_decision_allows_low_risk PASSED [ 18%]
tests/test_dsa_algorithms_api.py::test_dsa_lca_api 
-------------------------------- live log call ---------------------------------
2026-01-21 11:00:19 [INFO] Request started: POST /api/dsa/algorithms/lca request_id=f1520343-3ccd-4d73-849a-11376ac2bdd2 client=testclient
2026-01-21 11:00:19 [INFO] Request completed: POST /api/dsa/algorithms/lca status=200 duration=1.32ms request_id=f1520343-3ccd-4d73-849a-11376ac2bdd2
2026-01-21 11:00:19 [INFO] HTTP Request: POST http://testserver/api/dsa/algorithms/lca "HTTP/1.1 200 OK"
PASSED                                                                   [ 19%]
tests/test_dsa_algorithms_api.py::test_dsa_segment_tree_api 
-------------------------------- live log call ---------------------------------
2026-01-21 11:00:19 [INFO] Request started: POST /api/dsa/algorithms/segment-tree request_id=31d46de1-9912-45b5-9b65-7dfe8a754eb7 client=testclient
2026-01-21 11:00:19 [INFO] Request completed: POST /api/dsa/algorithms/segment-tree status=200 duration=1.38ms request_id=31d46de1-9912-45b5-9b65-7dfe8a754eb7
2026-01-21 11:00:19 [INFO] HTTP Request: POST http://testserver/api/dsa/algorithms/segment-tree "HTTP/1.1 200 OK"
PASSED                                                                   [ 20%]
tests/test_dsa_algorithms_api.py::test_dsa_min_cost_max_flow_api 
-------------------------------- live log call ---------------------------------
2026-01-21 11:00:19 [INFO] Request started: POST /api/dsa/algorithms/min-cost-max-flow request_id=439cd16e-07a8-4ecf-a874-4cb7691be494 client=testclient
2026-01-21 11:00:19 [INFO] Request completed: POST /api/dsa/algorithms/min-cost-max-flow status=200 duration=1.13ms request_id=439cd16e-07a8-4ecf-a874-4cb7691be494
2026-01-21 11:00:19 [INFO] HTTP Request: POST http://testserver/api/dsa/algorithms/min-cost-max-flow "HTTP/1.1 200 OK"
PASSED                                                                   [ 21%]
tests/test_dsa_algorithms_api.py::test_dsa_graph_algorithms_api 
-------------------------------- live log call ---------------------------------
2026-01-21 11:00:19 [INFO] Request started: POST /api/dsa/algorithms/bfs request_id=8953b953-db98-4549-838b-cdafc8d64e04 client=testclient
2026-01-21 11:00:19 [INFO] Request completed: POST /api/dsa/algorithms/bfs status=200 duration=1.51ms request_id=8953b953-db98-4549-838b-cdafc8d64e04
2026-01-21 11:00:19 [INFO] HTTP Request: POST http://testserver/api/dsa/algorithms/bfs "HTTP/1.1 200 OK"
2026-01-21 11:00:19 [INFO] Request started: POST /api/dsa/algorithms/dfs request_id=9b50d569-edc1-41d7-a311-68dd018cf0ef client=testclient
2026-01-21 11:00:19 [INFO] Request completed: POST /api/dsa/algorithms/dfs status=200 duration=1.06ms request_id=9b50d569-edc1-41d7-a311-68dd018cf0ef
2026-01-21 11:00:19 [INFO] HTTP Request: POST http://testserver/api/dsa/algorithms/dfs "HTTP/1.1 200 OK"
2026-01-21 11:00:19 [INFO] Request started: POST /api/dsa/algorithms/shortest-paths request_id=c9c28d60-811e-4f1d-81c6-e820ea348d6d client=testclient
2026-01-21 11:00:19 [INFO] Request completed: POST /api/dsa/algorithms/shortest-paths status=200 duration=1.41ms request_id=c9c28d60-811e-4f1d-81c6-e820ea348d6d
2026-01-21 11:00:19 [INFO] HTTP Request: POST http://testserver/api/dsa/algorithms/shortest-paths "HTTP/1.1 200 OK"
2026-01-21 11:00:19 [INFO] Request started: POST /api/dsa/algorithms/mst request_id=d9188a94-fff2-4d2a-b0d4-ac893aec52a6 client=testclient
2026-01-21 11:00:19 [INFO] Request completed: POST /api/dsa/algorithms/mst status=200 duration=1.01ms request_id=d9188a94-fff2-4d2a-b0d4-ac893aec52a6
2026-01-21 11:00:19 [INFO] HTTP Request: POST http://testserver/api/dsa/algorithms/mst "HTTP/1.1 200 OK"
2026-01-21 11:00:19 [INFO] Request started: POST /api/dsa/algorithms/scc request_id=b67cfcb5-d766-4af3-9724-af83a13f5a99 client=testclient
2026-01-21 11:00:19 [INFO] Request completed: POST /api/dsa/algorithms/scc status=200 duration=1.27ms request_id=b67cfcb5-d766-4af3-9724-af83a13f5a99
2026-01-21 11:00:19 [INFO] HTTP Request: POST http://testserver/api/dsa/algorithms/scc "HTTP/1.1 200 OK"
PASSED                                                                   [ 23%]
tests/test_dsa_algorithms_api.py::test_dsa_segment_tree_min_api 
-------------------------------- live log call ---------------------------------
2026-01-21 11:00:19 [INFO] Request started: POST /api/dsa/algorithms/segment-tree-min request_id=2290b311-de64-43c0-aca2-f9728e27b789 client=testclient
2026-01-21 11:00:19 [INFO] Request completed: POST /api/dsa/algorithms/segment-tree-min status=200 duration=1.05ms request_id=2290b311-de64-43c0-aca2-f9728e27b789
2026-01-21 11:00:19 [INFO] HTTP Request: POST http://testserver/api/dsa/algorithms/segment-tree-min "HTTP/1.1 200 OK"
PASSED                                                                   [ 24%]
tests/test_dsa_algorithms_api.py::test_dsa_shortest_path_variants_api 
-------------------------------- live log call ---------------------------------
2026-01-21 11:00:19 [INFO] Request started: POST /api/dsa/algorithms/shortest-paths/bellman-ford request_id=d39d23aa-db6b-434d-aae1-2d8442e83e0e client=testclient
2026-01-21 11:00:19 [INFO] Request completed: POST /api/dsa/algorithms/shortest-paths/bellman-ford status=200 duration=1.18ms request_id=d39d23aa-db6b-434d-aae1-2d8442e83e0e
2026-01-21 11:00:19 [INFO] HTTP Request: POST http://testserver/api/dsa/algorithms/shortest-paths/bellman-ford "HTTP/1.1 200 OK"
2026-01-21 11:00:19 [INFO] Request started: POST /api/dsa/algorithms/shortest-paths/floyd-warshall request_id=a94d9ec7-8ee7-464b-ae6f-574c48e9ccdd client=testclient
2026-01-21 11:00:19 [INFO] Request completed: POST /api/dsa/algorithms/shortest-paths/floyd-warshall status=200 duration=0.99ms request_id=a94d9ec7-8ee7-464b-ae6f-574c48e9ccdd
2026-01-21 11:00:19 [INFO] HTTP Request: POST http://testserver/api/dsa/algorithms/shortest-paths/floyd-warshall "HTTP/1.1 200 OK"
2026-01-21 11:00:19 [INFO] Request started: POST /api/dsa/algorithms/shortest-paths/zero-one-bfs request_id=5a79b7ec-e1b4-4197-aa87-4424fa1366b2 client=testclient
2026-01-21 11:00:19 [INFO] Request completed: POST /api/dsa/algorithms/shortest-paths/zero-one-bfs status=200 duration=1.14ms request_id=5a79b7ec-e1b4-4197-aa87-4424fa1366b2
2026-01-21 11:00:19 [INFO] HTTP Request: POST http://testserver/api/dsa/algorithms/shortest-paths/zero-one-bfs "HTTP/1.1 200 OK"
PASSED                                                                   [ 25%]
tests/test_dsa_algorithms_api.py::test_dsa_trie_api 
-------------------------------- live log call ---------------------------------
2026-01-21 11:00:19 [INFO] Request started: POST /api/dsa/algorithms/trie request_id=93e3464a-3ead-4c6f-9274-07e1234be628 client=testclient
2026-01-21 11:00:19 [INFO] Request completed: POST /api/dsa/algorithms/trie status=200 duration=0.98ms request_id=93e3464a-3ead-4c6f-9274-07e1234be628
2026-01-21 11:00:19 [INFO] HTTP Request: POST http://testserver/api/dsa/algorithms/trie "HTTP/1.1 200 OK"
PASSED                                                                   [ 26%]
tests/test_dsa_algorithms_api.py::test_dsa_dp_api 
-------------------------------- live log call ---------------------------------
2026-01-21 11:00:19 [INFO] Request started: POST /api/dsa/algorithms/dp request_id=702e6e7b-f19a-41e3-9d70-7542baaeb808 client=testclient
2026-01-21 11:00:19 [INFO] Request completed: POST /api/dsa/algorithms/dp status=200 duration=1.08ms request_id=702e6e7b-f19a-41e3-9d70-7542baaeb808
2026-01-21 11:00:19 [INFO] HTTP Request: POST http://testserver/api/dsa/algorithms/dp "HTTP/1.1 200 OK"
2026-01-21 11:00:19 [INFO] Request started: POST /api/dsa/algorithms/dp request_id=d9a1b551-a510-4a86-8fa4-b0b0f2e5824b client=testclient
2026-01-21 11:00:19 [INFO] Request completed: POST /api/dsa/algorithms/dp status=200 duration=0.89ms request_id=d9a1b551-a510-4a86-8fa4-b0b0f2e5824b
2026-01-21 11:00:19 [INFO] HTTP Request: POST http://testserver/api/dsa/algorithms/dp "HTTP/1.1 200 OK"
2026-01-21 11:00:19 [INFO] Request started: POST /api/dsa/algorithms/dp request_id=f897ae7e-f5fa-44b4-8785-25f9fd42c147 client=testclient
2026-01-21 11:00:19 [INFO] Request completed: POST /api/dsa/algorithms/dp status=200 duration=0.92ms request_id=f897ae7e-f5fa-44b4-8785-25f9fd42c147
2026-01-21 11:00:19 [INFO] HTTP Request: POST http://testserver/api/dsa/algorithms/dp "HTTP/1.1 200 OK"
PASSED                                                                   [ 27%]
tests/test_face_emotion_endpoint.py::test_face_emotion_predict_no_file 
-------------------------------- live log call ---------------------------------
2026-01-21 11:00:19 [INFO] Request started: POST /api/vision/face_emotion/predict request_id=da783db8-eeff-4cc3-9e8c-0317ebbc3e84 client=testclient
2026-01-21 11:00:19 [INFO] Request completed: POST /api/vision/face_emotion/predict status=422 duration=0.53ms request_id=da783db8-eeff-4cc3-9e8c-0317ebbc3e84
2026-01-21 11:00:19 [INFO] HTTP Request: POST http://testserver/api/vision/face_emotion/predict "HTTP/1.1 422 Unprocessable Entity"
PASSED                                                                   [ 28%]
tests/test_face_emotion_endpoint.py::test_face_emotion_predict_invalid_file 
-------------------------------- live log call ---------------------------------
2026-01-21 11:00:19 [INFO] Request started: POST /api/vision/face_emotion/predict request_id=ef44e069-c4cf-4ae6-837b-6ab5f60c5102 client=testclient
2026-01-21 11:00:19 [INFO] Request completed: POST /api/vision/face_emotion/predict status=400 duration=0.94ms request_id=ef44e069-c4cf-4ae6-837b-6ab5f60c5102
2026-01-21 11:00:19 [INFO] HTTP Request: POST http://testserver/api/vision/face_emotion/predict "HTTP/1.1 400 Bad Request"
PASSED                                                                   [ 29%]
tests/test_fusion_run.py::test_generate_meta_features_and_train PASSED   [ 30%]
tests/test_health.py::test_health_endpoint 
-------------------------------- live log call ---------------------------------
2026-01-21 11:00:19 [INFO] Request started: GET /health request_id=f0f04fef-7293-4cc9-809b-427a23cae14f client=testclient
2026-01-21 11:00:19 [INFO] Request completed: GET /health status=200 duration=0.55ms request_id=f0f04fef-7293-4cc9-809b-427a23cae14f
2026-01-21 11:00:19 [INFO] HTTP Request: GET http://testserver/health "HTTP/1.1 200 OK"
PASSED                                                                   [ 31%]
tests/test_health_endpoint.py::test_api_health_contract 
-------------------------------- live log call ---------------------------------
2026-01-21 11:00:19 [INFO] Request started: GET /api/health request_id=f82f37c6-2683-4142-9179-96b0dd667638 client=testclient
2026-01-21 11:00:19 [INFO] Request completed: GET /api/health status=200 duration=1.38ms request_id=f82f37c6-2683-4142-9179-96b0dd667638
2026-01-21 11:00:19 [INFO] HTTP Request: GET http://testserver/api/health "HTTP/1.1 200 OK"
PASSED                                                                   [ 32%]
tests/test_monitoring.py::test_monitor_workflow 
-------------------------------- live log call ---------------------------------
2026-01-21 11:00:19 [INFO] Request started: POST /api/monitor/log request_id=97bfcc90-d9a7-467b-856a-73cc27add3fa client=testclient
2026-01-21 11:00:19 [INFO] Request completed: POST /api/monitor/log status=200 duration=1.10ms request_id=97bfcc90-d9a7-467b-856a-73cc27add3fa
2026-01-21 11:00:19 [INFO] HTTP Request: POST http://testserver/api/monitor/log "HTTP/1.1 200 OK"
2026-01-21 11:00:19 [INFO] Request started: GET /api/monitor/summary request_id=141290fa-d81e-45ab-9cf2-3066fc4f02ed client=testclient
2026-01-21 11:00:19 [INFO] Request completed: GET /api/monitor/summary status=200 duration=1.35ms request_id=141290fa-d81e-45ab-9cf2-3066fc4f02ed
2026-01-21 11:00:19 [INFO] HTTP Request: GET http://testserver/api/monitor/summary?window_n=10 "HTTP/1.1 200 OK"
2026-01-21 11:00:19 [INFO] Request started: POST /api/monitor/baseline/build request_id=8166be61-23ae-45c0-b5f4-330388725933 client=testclient
2026-01-21 11:00:19 [INFO] Request completed: POST /api/monitor/baseline/build status=200 duration=1.11ms request_id=8166be61-23ae-45c0-b5f4-330388725933
2026-01-21 11:00:19 [INFO] HTTP Request: POST http://testserver/api/monitor/baseline/build "HTTP/1.1 200 OK"
2026-01-21 11:00:19 [INFO] Request started: GET /api/monitor/drift request_id=88e36255-0043-45d9-be3a-61ce30fc981f client=testclient
2026-01-21 11:00:19 [INFO] Request completed: GET /api/monitor/drift status=200 duration=0.72ms request_id=88e36255-0043-45d9-be3a-61ce30fc981f
2026-01-21 11:00:19 [INFO] HTTP Request: GET http://testserver/api/monitor/drift?window_n=10 "HTTP/1.1 200 OK"
PASSED                                                                   [ 34%]
tests/test_multi_sequence_30_torch.py::test_forward_pass_small_shape PASSED [ 35%]
tests/test_nlp_tiny.py::test_distilbert_forward_smoke SKIPPED (could...) [ 36%]
tests/test_paths.py::test_paths_exist PASSED                             [ 37%]
tests/test_production.py::TestHealthEndpoints::test_health_check 
-------------------------------- live log call ---------------------------------
2026-01-21 11:00:19 [INFO] Request started: GET /health request_id=495e26dd-859d-4de3-9202-9aec8fc0098f client=testclient
2026-01-21 11:00:19 [INFO] Request completed: GET /health status=200 duration=0.48ms request_id=495e26dd-859d-4de3-9202-9aec8fc0098f
2026-01-21 11:00:19 [INFO] HTTP Request: GET http://testserver/health "HTTP/1.1 200 OK"
PASSED                                                                   [ 38%]
tests/test_production.py::TestHealthEndpoints::test_liveness_check 
-------------------------------- live log call ---------------------------------
2026-01-21 11:00:19 [INFO] Request started: GET /health/live request_id=89d0dd1e-b63a-479f-8936-20635406d186 client=testclient
2026-01-21 11:00:19 [INFO] Request completed: GET /health/live status=200 duration=0.42ms request_id=89d0dd1e-b63a-479f-8936-20635406d186
2026-01-21 11:00:19 [INFO] HTTP Request: GET http://testserver/health/live "HTTP/1.1 200 OK"
PASSED                                                                   [ 39%]
tests/test_production.py::TestHealthEndpoints::test_readiness_check 
-------------------------------- live log call ---------------------------------
2026-01-21 11:00:19 [INFO] Request started: GET /health/ready request_id=5dafa342-9aa7-4674-a03f-9107d992ebc5 client=testclient
2026-01-21 11:00:19 [INFO] Request completed: GET /health/ready status=200 duration=1.18ms request_id=5dafa342-9aa7-4674-a03f-9107d992ebc5
2026-01-21 11:00:19 [INFO] HTTP Request: GET http://testserver/health/ready "HTTP/1.1 200 OK"
PASSED                                                                   [ 40%]
tests/test_production.py::TestHealthEndpoints::test_detailed_health 
-------------------------------- live log call ---------------------------------
2026-01-21 11:00:19 [INFO] Request started: GET /health/detailed request_id=36c2ff31-e2e5-498f-8caf-1d2e1c340192 client=testclient
2026-01-21 11:00:19 [INFO] Request completed: GET /health/detailed status=200 duration=31.80ms request_id=36c2ff31-e2e5-498f-8caf-1d2e1c340192
2026-01-21 11:00:19 [INFO] HTTP Request: GET http://testserver/health/detailed "HTTP/1.1 200 OK"
PASSED                                                                   [ 41%]
tests/test_production.py::TestChatAPI::test_chat_endpoint 
-------------------------------- live log call ---------------------------------
2026-01-21 11:00:19 [INFO] Request started: POST /api/chat request_id=7d143617-759f-4eec-97a8-f10c69ec04e7 client=testclient
2026-01-21 11:00:19 [INFO] Request completed: POST /api/chat status=200 duration=1.06ms request_id=7d143617-759f-4eec-97a8-f10c69ec04e7
2026-01-21 11:00:19 [INFO] HTTP Request: POST http://testserver/api/chat "HTTP/1.1 200 OK"
PASSED                                                                   [ 42%]
tests/test_production.py::TestChatAPI::test_chat_empty_message 
-------------------------------- live log call ---------------------------------
2026-01-21 11:00:19 [INFO] Request started: POST /api/chat request_id=19199f8a-68af-43e5-86bf-f3014fcccae4 client=testclient
2026-01-21 11:00:19 [INFO] Request completed: POST /api/chat status=422 duration=1.17ms request_id=19199f8a-68af-43e5-86bf-f3014fcccae4
2026-01-21 11:00:19 [INFO] HTTP Request: POST http://testserver/api/chat "HTTP/1.1 422 Unprocessable Entity"
PASSED                                                                   [ 43%]
tests/test_production.py::TestChatAPI::test_chat_with_rag 
-------------------------------- live log call ---------------------------------
2026-01-21 11:00:19 [INFO] Request started: POST /api/chat request_id=ad356af4-1fe0-4f0e-a6ab-490f4b59a992 client=testclient
2026-01-21 11:00:19 [WARNING] SHAP explanation failed: property 'feature_names_in_' of 'Pipeline' object has no setter
2026-01-21 11:00:19 [INFO] Request completed: POST /api/chat status=200 duration=6.09ms request_id=ad356af4-1fe0-4f0e-a6ab-490f4b59a992
2026-01-21 11:00:19 [INFO] HTTP Request: POST http://testserver/api/chat "HTTP/1.1 200 OK"
PASSED                                                                   [ 45%]
tests/test_production.py::TestFraudAPI::test_fraud_scoring 
-------------------------------- live log call ---------------------------------
2026-01-21 11:00:19 [INFO] Request started: POST /api/fraud request_id=9a4ba183-73a5-461c-8ffd-5267528f7694 client=testclient
2026-01-21 11:00:19 [INFO] Request completed: POST /api/fraud status=200 duration=4.19ms request_id=9a4ba183-73a5-461c-8ffd-5267528f7694
2026-01-21 11:00:19 [INFO] HTTP Request: POST http://testserver/api/fraud "HTTP/1.1 200 OK"
PASSED                                                                   [ 46%]
tests/test_production.py::TestFraudAPI::test_fraud_invalid_features 
-------------------------------- live log call ---------------------------------
2026-01-21 11:00:19 [INFO] Request started: POST /api/fraud request_id=5e9630dd-ef39-4218-9cab-b23b2b9967ae client=testclient
2026-01-21 11:00:19 [INFO] Request completed: POST /api/fraud status=422 duration=1.22ms request_id=5e9630dd-ef39-4218-9cab-b23b2b9967ae
2026-01-21 11:00:19 [INFO] HTTP Request: POST http://testserver/api/fraud "HTTP/1.1 422 Unprocessable Entity"
PASSED                                                                   [ 47%]
tests/test_production.py::TestFraudAPI::test_fraud_empty_features 
-------------------------------- live log call ---------------------------------
2026-01-21 11:00:19 [INFO] Request started: POST /api/fraud request_id=0deb2430-7e8f-4082-b1c0-21fa8c633c19 client=testclient
2026-01-21 11:00:19 [INFO] Request completed: POST /api/fraud status=200 duration=2.91ms request_id=0deb2430-7e8f-4082-b1c0-21fa8c633c19
2026-01-21 11:00:19 [INFO] HTTP Request: POST http://testserver/api/fraud "HTTP/1.1 200 OK"
PASSED                                                                   [ 48%]
tests/test_production.py::TestCyberAPI::test_cyber_scoring 
-------------------------------- live log call ---------------------------------
2026-01-21 11:00:19 [INFO] Request started: POST /api/cyber request_id=cbc1cca8-b828-4bb9-9bc0-c4383db3b60a client=testclient
2026-01-21 11:00:19 [INFO] Request completed: POST /api/cyber status=200 duration=21.50ms request_id=cbc1cca8-b828-4bb9-9bc0-c4383db3b60a
2026-01-21 11:00:19 [INFO] HTTP Request: POST http://testserver/api/cyber "HTTP/1.1 200 OK"
PASSED                                                                   [ 49%]
tests/test_production.py::TestBehaviorAPI::test_behavior_scoring 
-------------------------------- live log call ---------------------------------
2026-01-21 11:00:19 [INFO] Request started: POST /api/behavior request_id=d478a64a-adca-418d-80d9-1d0e5c003fc9 client=testclient
2026-01-21 11:00:19 [INFO] Request completed: POST /api/behavior status=200 duration=2.75ms request_id=d478a64a-adca-418d-80d9-1d0e5c003fc9
2026-01-21 11:00:19 [INFO] HTTP Request: POST http://testserver/api/behavior "HTTP/1.1 200 OK"
PASSED                                                                   [ 50%]
tests/test_production.py::TestVisionAPI::test_vision_predict_no_file 
-------------------------------- live log call ---------------------------------
2026-01-21 11:00:19 [INFO] Request started: POST /api/vision/predict request_id=26e3821f-e0f0-4061-a430-7ad1eb91e420 client=testclient
2026-01-21 11:00:19 [INFO] Request completed: POST /api/vision/predict status=400 duration=0.71ms request_id=26e3821f-e0f0-4061-a430-7ad1eb91e420
2026-01-21 11:00:19 [INFO] HTTP Request: POST http://testserver/api/vision/predict "HTTP/1.1 400 Bad Request"
PASSED                                                                   [ 51%]
tests/test_production.py::TestVisionAPI::test_vision_predict_invalid_file 
-------------------------------- live log call ---------------------------------
2026-01-21 11:00:19 [INFO] Request started: POST /api/vision/predict request_id=4d921ed9-ed31-47fe-a59d-a3f7146d6279 client=testclient
2026-01-21 11:00:19 [INFO] Request completed: POST /api/vision/predict status=400 duration=1.19ms request_id=4d921ed9-ed31-47fe-a59d-a3f7146d6279
2026-01-21 11:00:19 [INFO] HTTP Request: POST http://testserver/api/vision/predict "HTTP/1.1 400 Bad Request"
PASSED                                                                   [ 52%]
tests/test_production.py::TestRecommendAPI::test_recommend_movies 
-------------------------------- live log call ---------------------------------
2026-01-21 11:00:19 [INFO] Request started: POST /api/recommend request_id=a8a175ef-f1ed-4bad-b4e5-d4ebe4fe9b58 client=testclient
2026-01-21 11:00:22 [INFO] Request completed: POST /api/recommend status=200 duration=2539.33ms request_id=a8a175ef-f1ed-4bad-b4e5-d4ebe4fe9b58
2026-01-21 11:00:22 [INFO] HTTP Request: POST http://testserver/api/recommend "HTTP/1.1 200 OK"
PASSED                                                                   [ 53%]
tests/test_production.py::TestRecommendAPI::test_recommend_products 
-------------------------------- live log call ---------------------------------
2026-01-21 11:00:22 [INFO] Request started: POST /api/recommend request_id=d95037e2-89f4-48d9-b5a2-49c83e73c9a9 client=testclient
2026-01-21 11:00:22 [INFO] Request completed: POST /api/recommend status=200 duration=259.27ms request_id=d95037e2-89f4-48d9-b5a2-49c83e73c9a9
2026-01-21 11:00:22 [INFO] HTTP Request: POST http://testserver/api/recommend "HTTP/1.1 200 OK"
PASSED                                                                   [ 54%]
tests/test_production.py::TestRAGAPI::test_rag_query 
-------------------------------- live log call ---------------------------------
2026-01-21 11:00:22 [INFO] Request started: POST /api/rag/query request_id=57d3b16c-defb-4240-9ce2-e099cb1b3c41 client=testclient
2026-01-21 11:00:22 [INFO] Request completed: POST /api/rag/query status=200 duration=2.13ms request_id=57d3b16c-defb-4240-9ce2-e099cb1b3c41
2026-01-21 11:00:22 [INFO] HTTP Request: POST http://testserver/api/rag/query "HTTP/1.1 200 OK"
PASSED                                                                   [ 56%]
tests/test_production.py::TestRAGAPI::test_rag_upload_no_file 
-------------------------------- live log call ---------------------------------
2026-01-21 11:00:22 [INFO] Request started: POST /api/rag/upload request_id=4dbbb868-5d27-40ad-bcd5-9fb4a39eda72 client=testclient
2026-01-21 11:00:22 [INFO] Request completed: POST /api/rag/upload status=422 duration=0.72ms request_id=4dbbb868-5d27-40ad-bcd5-9fb4a39eda72
2026-01-21 11:00:22 [INFO] HTTP Request: POST http://testserver/api/rag/upload "HTTP/1.1 422 Unprocessable Entity"
PASSED                                                                   [ 57%]
tests/test_production.py::TestAuthentication::test_protected_endpoint_no_token 
-------------------------------- live log call ---------------------------------
2026-01-21 11:00:22 [INFO] Request started: GET /api/monitor/summary request_id=5e291ba9-ed61-418a-b822-b52af21f4e1a client=testclient
2026-01-21 11:00:22 [INFO] Request completed: GET /api/monitor/summary status=200 duration=1.54ms request_id=5e291ba9-ed61-418a-b822-b52af21f4e1a
2026-01-21 11:00:22 [INFO] HTTP Request: GET http://testserver/api/monitor/summary "HTTP/1.1 200 OK"
PASSED                                                                   [ 58%]
tests/test_production.py::TestAuthentication::test_protected_endpoint_invalid_token 
-------------------------------- live log call ---------------------------------
2026-01-21 11:00:22 [INFO] Request started: GET /api/monitor/summary request_id=ef0825e7-160a-4ed4-8a5c-25bdee3efc17 client=testclient
2026-01-21 11:00:22 [INFO] Request completed: GET /api/monitor/summary status=200 duration=1.83ms request_id=ef0825e7-160a-4ed4-8a5c-25bdee3efc17
2026-01-21 11:00:22 [INFO] HTTP Request: GET http://testserver/api/monitor/summary "HTTP/1.1 200 OK"
PASSED                                                                   [ 59%]
tests/test_production.py::TestRateLimiting::test_rate_limit_not_exceeded 
-------------------------------- live log call ---------------------------------
2026-01-21 11:00:22 [INFO] Request started: GET /health request_id=aa57bddc-8d0e-46fb-981a-541e31a216bd client=testclient
2026-01-21 11:00:22 [INFO] Request completed: GET /health status=200 duration=0.58ms request_id=aa57bddc-8d0e-46fb-981a-541e31a216bd
2026-01-21 11:00:22 [INFO] HTTP Request: GET http://testserver/health "HTTP/1.1 200 OK"
2026-01-21 11:00:22 [INFO] Request started: GET /health request_id=d6da532b-2da2-4298-bc3f-c52c8da4eaba client=testclient
2026-01-21 11:00:22 [INFO] Request completed: GET /health status=200 duration=0.55ms request_id=d6da532b-2da2-4298-bc3f-c52c8da4eaba
2026-01-21 11:00:22 [INFO] HTTP Request: GET http://testserver/health "HTTP/1.1 200 OK"
2026-01-21 11:00:22 [INFO] Request started: GET /health request_id=4ba636b2-9ad9-418d-a6b6-c223239db301 client=testclient
2026-01-21 11:00:22 [INFO] Request completed: GET /health status=200 duration=0.69ms request_id=4ba636b2-9ad9-418d-a6b6-c223239db301
2026-01-21 11:00:22 [INFO] HTTP Request: GET http://testserver/health "HTTP/1.1 200 OK"
2026-01-21 11:00:22 [INFO] Request started: GET /health request_id=80aedf32-f847-4875-bb58-cc5e2ac01cd5 client=testclient
2026-01-21 11:00:22 [INFO] Request completed: GET /health status=200 duration=0.38ms request_id=80aedf32-f847-4875-bb58-cc5e2ac01cd5
2026-01-21 11:00:22 [INFO] HTTP Request: GET http://testserver/health "HTTP/1.1 200 OK"
2026-01-21 11:00:22 [INFO] Request started: GET /health request_id=82b989f5-2e39-48fe-8031-15889da732af client=testclient
2026-01-21 11:00:22 [INFO] Request completed: GET /health status=200 duration=0.38ms request_id=82b989f5-2e39-48fe-8031-15889da732af
2026-01-21 11:00:22 [INFO] HTTP Request: GET http://testserver/health "HTTP/1.1 200 OK"
PASSED                                                                   [ 60%]
tests/test_production.py::TestRateLimiting::test_rate_limit_header 
-------------------------------- live log call ---------------------------------
2026-01-21 11:00:22 [INFO] Request started: GET /health request_id=2639b006-2871-4dc7-a5eb-a049a52d2b3e client=testclient
2026-01-21 11:00:22 [INFO] Request completed: GET /health status=200 duration=0.75ms request_id=2639b006-2871-4dc7-a5eb-a049a52d2b3e
2026-01-21 11:00:22 [INFO] HTTP Request: GET http://testserver/health "HTTP/1.1 200 OK"
PASSED                                                                   [ 61%]
tests/test_production.py::TestErrorHandling::test_404_endpoint 
-------------------------------- live log call ---------------------------------
2026-01-21 11:00:22 [INFO] Request started: GET /api/nonexistent request_id=09e81d7f-5acc-4f07-a922-6abe2977daad client=testclient
2026-01-21 11:00:22 [INFO] Request completed: GET /api/nonexistent status=404 duration=9.71ms request_id=09e81d7f-5acc-4f07-a922-6abe2977daad
2026-01-21 11:00:22 [INFO] HTTP Request: GET http://testserver/api/nonexistent "HTTP/1.1 404 Not Found"
PASSED                                                                   [ 62%]
tests/test_production.py::TestErrorHandling::test_method_not_allowed 
-------------------------------- live log call ---------------------------------
2026-01-21 11:00:22 [INFO] Request started: DELETE /health request_id=5c57b4e4-7ead-4a89-8a81-4a6c7b20de70 client=testclient
2026-01-21 11:00:22 [INFO] Request completed: DELETE /health status=405 duration=0.59ms request_id=5c57b4e4-7ead-4a89-8a81-4a6c7b20de70
2026-01-21 11:00:22 [INFO] HTTP Request: DELETE http://testserver/health "HTTP/1.1 405 Method Not Allowed"
PASSED                                                                   [ 63%]
tests/test_production.py::TestErrorHandling::test_invalid_json 
-------------------------------- live log call ---------------------------------
2026-01-21 11:00:22 [INFO] Request started: POST /api/chat request_id=16e1939a-3480-4623-a30b-784be8ab861d client=testclient
2026-01-21 11:00:22 [INFO] Request completed: POST /api/chat status=422 duration=1.49ms request_id=16e1939a-3480-4623-a30b-784be8ab861d
2026-01-21 11:00:22 [INFO] HTTP Request: POST http://testserver/api/chat "HTTP/1.1 422 Unprocessable Entity"
PASSED                                                                   [ 64%]
tests/test_production.py::TestResponseFormat::test_json_response 
-------------------------------- live log call ---------------------------------
2026-01-21 11:00:22 [INFO] Request started: GET /health request_id=229f4b13-7c28-4c4d-a428-a5f88b942402 client=testclient
2026-01-21 11:00:22 [INFO] Request completed: GET /health status=200 duration=0.47ms request_id=229f4b13-7c28-4c4d-a428-a5f88b942402
2026-01-21 11:00:22 [INFO] HTTP Request: GET http://testserver/health "HTTP/1.1 200 OK"
PASSED                                                                   [ 65%]
tests/test_production.py::TestResponseFormat::test_request_id_header 
-------------------------------- live log call ---------------------------------
2026-01-21 11:00:22 [INFO] Request started: GET /health request_id=bb6f5db3-b7b7-436e-b870-5f929ebf1639 client=testclient
2026-01-21 11:00:22 [INFO] Request completed: GET /health status=200 duration=0.50ms request_id=bb6f5db3-b7b7-436e-b870-5f929ebf1639
2026-01-21 11:00:22 [INFO] HTTP Request: GET http://testserver/health "HTTP/1.1 200 OK"
PASSED                                                                   [ 67%]
tests/test_production.py::TestResponseFormat::test_cors_headers 
-------------------------------- live log call ---------------------------------
2026-01-21 11:00:22 [INFO] Request started: OPTIONS /health request_id=f55547f5-4d8e-4107-9e78-294560472930 client=testclient
2026-01-21 11:00:22 [INFO] Request completed: OPTIONS /health status=405 duration=0.51ms request_id=f55547f5-4d8e-4107-9e78-294560472930
2026-01-21 11:00:22 [INFO] HTTP Request: OPTIONS http://testserver/health "HTTP/1.1 405 Method Not Allowed"
PASSED                                                                   [ 68%]
tests/test_production.py::TestPerformance::test_health_response_time 
-------------------------------- live log call ---------------------------------
2026-01-21 11:00:22 [INFO] Request started: GET /health request_id=aa9f671a-2cdf-416d-ba5a-7e0334ee1ad1 client=testclient
2026-01-21 11:00:22 [INFO] Request completed: GET /health status=200 duration=0.49ms request_id=aa9f671a-2cdf-416d-ba5a-7e0334ee1ad1
2026-01-21 11:00:22 [INFO] HTTP Request: GET http://testserver/health "HTTP/1.1 200 OK"
PASSED                                                                   [ 69%]
tests/test_production.py::TestPerformance::test_concurrent_requests 
-------------------------------- live log call ---------------------------------
2026-01-21 11:00:22 [INFO] Request started: GET /health request_id=23c6dfcd-353d-451b-b4eb-4eaa88ad61b3 client=testclient
2026-01-21 11:00:22 [INFO] Request started: GET /health request_id=886cb236-a25a-449d-8909-9778a3bba514 client=testclient
2026-01-21 11:00:22 [INFO] Request started: GET /health request_id=2152149a-1fa3-4fa8-ab51-85fdf08037e9 client=testclient
2026-01-21 11:00:22 [INFO] Request started: GET /health request_id=6b89d5da-e344-458d-88e2-b0e9ad680e6f client=testclient
2026-01-21 11:00:22 [INFO] Request started: GET /health request_id=36c7800b-0b7c-402d-ba4e-0ba08e3c3999 client=testclient
2026-01-21 11:00:22 [INFO] Request started: GET /health request_id=9e12bcd9-f7e5-4347-b582-a0c0d3feba16 client=testclient
2026-01-21 11:00:22 [INFO] Request started: GET /health request_id=09da5ab0-730a-4f3a-a661-ef51fec34c4e client=testclient
2026-01-21 11:00:22 [INFO] Request started: GET /health request_id=a8d8972d-1018-490e-aea7-85b588b0a4ca client=testclient
2026-01-21 11:00:22 [INFO] Request started: GET /health request_id=3614af5e-fe79-4e35-af31-9d086f826e94 client=testclient
2026-01-21 11:00:22 [INFO] Request started: GET /health request_id=daae10f0-0d70-43a1-afb8-bce46b92ef21 client=testclient
2026-01-21 11:00:22 [INFO] Request completed: GET /health status=200 duration=2.66ms request_id=23c6dfcd-353d-451b-b4eb-4eaa88ad61b3
2026-01-21 11:00:22 [INFO] Request completed: GET /health status=200 duration=3.29ms request_id=886cb236-a25a-449d-8909-9778a3bba514
2026-01-21 11:00:22 [INFO] Request completed: GET /health status=200 duration=3.83ms request_id=2152149a-1fa3-4fa8-ab51-85fdf08037e9
2026-01-21 11:00:22 [INFO] Request completed: GET /health status=200 duration=2.88ms request_id=36c7800b-0b7c-402d-ba4e-0ba08e3c3999
2026-01-21 11:00:22 [INFO] Request completed: GET /health status=200 duration=3.35ms request_id=9e12bcd9-f7e5-4347-b582-a0c0d3feba16
2026-01-21 11:00:22 [INFO] Request completed: GET /health status=200 duration=4.41ms request_id=6b89d5da-e344-458d-88e2-b0e9ad680e6f
2026-01-21 11:00:22 [INFO] Request completed: GET /health status=200 duration=4.10ms request_id=09da5ab0-730a-4f3a-a661-ef51fec34c4e
2026-01-21 11:00:22 [INFO] Request completed: GET /health status=200 duration=4.23ms request_id=a8d8972d-1018-490e-aea7-85b588b0a4ca
2026-01-21 11:00:22 [INFO] Request completed: GET /health status=200 duration=4.21ms request_id=3614af5e-fe79-4e35-af31-9d086f826e94
2026-01-21 11:00:22 [INFO] Request completed: GET /health status=200 duration=5.29ms request_id=daae10f0-0d70-43a1-afb8-bce46b92ef21
2026-01-21 11:00:22 [INFO] HTTP Request: GET http://testserver/health "HTTP/1.1 200 OK"
2026-01-21 11:00:22 [INFO] HTTP Request: GET http://testserver/health "HTTP/1.1 200 OK"
2026-01-21 11:00:22 [INFO] HTTP Request: GET http://testserver/health "HTTP/1.1 200 OK"
2026-01-21 11:00:22 [INFO] HTTP Request: GET http://testserver/health "HTTP/1.1 200 OK"
2026-01-21 11:00:22 [INFO] HTTP Request: GET http://testserver/health "HTTP/1.1 200 OK"
2026-01-21 11:00:22 [INFO] HTTP Request: GET http://testserver/health "HTTP/1.1 200 OK"
2026-01-21 11:00:22 [INFO] HTTP Request: GET http://testserver/health "HTTP/1.1 200 OK"
2026-01-21 11:00:22 [INFO] HTTP Request: GET http://testserver/health "HTTP/1.1 200 OK"
2026-01-21 11:00:22 [INFO] HTTP Request: GET http://testserver/health "HTTP/1.1 200 OK"
2026-01-21 11:00:22 [INFO] HTTP Request: GET http://testserver/health "HTTP/1.1 200 OK"
PASSED                                                                   [ 70%]
tests/test_production.py::TestIntegration::test_chat_workflow 
-------------------------------- live log call ---------------------------------
2026-01-21 11:00:22 [INFO] Request started: GET /health request_id=700e9089-a648-4018-a8be-4c7ab23db1fb client=testclient
2026-01-21 11:00:22 [INFO] Request completed: GET /health status=200 duration=0.46ms request_id=700e9089-a648-4018-a8be-4c7ab23db1fb
2026-01-21 11:00:22 [INFO] HTTP Request: GET http://testserver/health "HTTP/1.1 200 OK"
2026-01-21 11:00:22 [INFO] Request started: POST /api/chat request_id=0ce2160b-e92e-436a-a07d-c756419120dd client=testclient
2026-01-21 11:00:22 [INFO] Request completed: POST /api/chat status=200 duration=1.05ms request_id=0ce2160b-e92e-436a-a07d-c756419120dd
2026-01-21 11:00:22 [INFO] HTTP Request: POST http://testserver/api/chat "HTTP/1.1 200 OK"
PASSED                                                                   [ 71%]
tests/test_production.py::TestIntegration::test_multimodal_workflow 
-------------------------------- live log call ---------------------------------
2026-01-21 11:00:22 [INFO] Request started: POST /api/chat/multimodal request_id=21293243-cc96-4bf3-afdc-5226e000698a client=testclient
2026-01-21 11:00:22 [INFO] Built RAG index with 29 passages.
2026-01-21 11:00:22 [INFO] Request completed: POST /api/chat/multimodal status=200 duration=4.03ms request_id=21293243-cc96-4bf3-afdc-5226e000698a
2026-01-21 11:00:22 [INFO] HTTP Request: POST http://testserver/api/chat/multimodal "HTTP/1.1 200 OK"
PASSED                                                                   [ 72%]
tests/test_production.py::TestMetrics::test_metrics_endpoint 
-------------------------------- live log call ---------------------------------
2026-01-21 11:00:22 [INFO] Request started: GET /metrics request_id=03d5b386-cc1a-4a5f-bd1b-e360e9978bff client=testclient
2026-01-21 11:00:22 [INFO] Request completed: GET /metrics status=200 duration=2.92ms request_id=03d5b386-cc1a-4a5f-bd1b-e360e9978bff
2026-01-21 11:00:22 [INFO] HTTP Request: GET http://testserver/metrics "HTTP/1.1 200 OK"
PASSED                                                                   [ 73%]
tests/test_production.py::TestConfiguration::test_settings_load PASSED   [ 74%]
tests/test_production.py::TestConfiguration::test_settings_cached PASSED [ 75%]
tests/test_production.py::TestMiddleware::test_exception_handling 
-------------------------------- live log call ---------------------------------
2026-01-21 11:00:22 [INFO] Request started: POST /api/fraud request_id=78d5df0e-c133-420a-bb77-8baf70f420af client=testclient
2026-01-21 11:00:22 [INFO] Request completed: POST /api/fraud status=422 duration=0.74ms request_id=78d5df0e-c133-420a-bb77-8baf70f420af
2026-01-21 11:00:22 [INFO] HTTP Request: POST http://testserver/api/fraud "HTTP/1.1 422 Unprocessable Entity"
PASSED                                                                   [ 76%]
tests/test_rag.py::test_rag_ingest_and_chat 
-------------------------------- live log call ---------------------------------
2026-01-21 11:00:22 [INFO] Request started: POST /api/rag/ingest request_id=dab20a3b-3b35-4155-a2d8-2ff641527766 client=testclient
2026-01-21 11:00:22 [INFO] Auto-selected chunking strategy: ChunkingStrategy.SENTENCE
2026-01-21 11:00:22 [INFO] Auto-selected chunking strategy: ChunkingStrategy.SENTENCE
2026-01-21 11:00:22 [INFO] Auto-selected chunking strategy: ChunkingStrategy.SENTENCE
2026-01-21 11:00:22 [INFO] Request completed: POST /api/rag/ingest status=200 duration=10.84ms request_id=dab20a3b-3b35-4155-a2d8-2ff641527766
2026-01-21 11:00:22 [INFO] HTTP Request: POST http://testserver/api/rag/ingest "HTTP/1.1 200 OK"
2026-01-21 11:00:22 [INFO] Request started: POST /api/chat request_id=ec0d9833-bc92-4e63-b555-d1d6fb1a893f client=testclient
2026-01-21 11:00:22 [INFO] Request completed: POST /api/chat status=200 duration=1.31ms request_id=ec0d9833-bc92-4e63-b555-d1d6fb1a893f
2026-01-21 11:00:22 [INFO] HTTP Request: POST http://testserver/api/chat "HTTP/1.1 200 OK"
PASSED                                                                   [ 78%]
tests/test_recommender.py::test_recommender_endpoints 
-------------------------------- live log call ---------------------------------
2026-01-21 11:00:22 [INFO] Request started: POST /api/recommend request_id=53a3945f-fc41-4309-9f7a-b63619694b9f client=testclient
2026-01-21 11:00:22 [INFO] Request completed: POST /api/recommend status=200 duration=263.54ms request_id=53a3945f-fc41-4309-9f7a-b63619694b9f
2026-01-21 11:00:22 [INFO] HTTP Request: POST http://testserver/api/recommend "HTTP/1.1 200 OK"
2026-01-21 11:00:22 [INFO] Request started: POST /api/recommend/explain request_id=69f67a05-fd37-414f-af10-0d0414c1b228 client=testclient
2026-01-21 11:00:22 [INFO] Request completed: POST /api/recommend/explain status=200 duration=2.62ms request_id=69f67a05-fd37-414f-af10-0d0414c1b228
2026-01-21 11:00:22 [INFO] HTTP Request: POST http://testserver/api/recommend/explain "HTTP/1.1 200 OK"
PASSED                                                                   [ 79%]
tests/test_recommender_multimodal_api.py::test_recommender_multimodal_endpoint_returns_503_when_index_missing 
-------------------------------- live log call ---------------------------------
2026-01-21 11:00:22 [INFO] Request started: POST /api/recommend/multimodal request_id=bc5b2062-0828-49a2-817a-1cb2bed83e32 client=testclient
2026-01-21 11:00:22 [INFO] Request completed: POST /api/recommend/multimodal status=503 duration=0.89ms request_id=bc5b2062-0828-49a2-817a-1cb2bed83e32
2026-01-21 11:00:22 [INFO] HTTP Request: POST http://testserver/api/recommend/multimodal "HTTP/1.1 503 Service Unavailable"
PASSED                                                                   [ 80%]
tests/test_recommender_multimodal_api.py::test_recommender_multimodal_endpoint_accepts_text 
-------------------------------- live log call ---------------------------------
2026-01-21 11:00:22 [INFO] Request started: POST /api/recommend/multimodal request_id=7e13bbae-7348-4e28-8a6f-4431dc29e1d7 client=testclient
2026-01-21 11:00:22 [INFO] Request completed: POST /api/recommend/multimodal status=200 duration=0.73ms request_id=7e13bbae-7348-4e28-8a6f-4431dc29e1d7
2026-01-21 11:00:22 [INFO] HTTP Request: POST http://testserver/api/recommend/multimodal "HTTP/1.1 200 OK"
PASSED                                                                   [ 81%]
tests/test_recommender_multimodal_api.py::test_recommender_multimodal_endpoint_accepts_text_and_image 
-------------------------------- live log call ---------------------------------
2026-01-21 11:00:22 [INFO] Request started: POST /api/recommend/multimodal request_id=cc830484-ccb9-4528-b450-1f59fdcaa367 client=testclient
2026-01-21 11:00:22 [INFO] Request completed: POST /api/recommend/multimodal status=200 duration=1.33ms request_id=cc830484-ccb9-4528-b450-1f59fdcaa367
2026-01-21 11:00:22 [INFO] HTTP Request: POST http://testserver/api/recommend/multimodal "HTTP/1.1 200 OK"
PASSED                                                                   [ 82%]
tests/test_recommender_multimodal_catalog.py::test_unified_catalog_loads_multiple_domains PASSED [ 83%]
tests/test_recommender_multimodal_import.py::test_multimodal_recommender_import_is_lightweight PASSED [ 84%]
tests/test_risk_api.py::test_risk_analyze_endpoint_happy_path 
-------------------------------- live log call ---------------------------------
2026-01-21 11:00:22 [INFO] Request started: POST /api/risk/analyze request_id=c1318ec7-d389-4b05-8ec5-e227e56d256f client=testclient
2026-01-21 11:00:22 [INFO] Request completed: POST /api/risk/analyze status=200 duration=22.76ms request_id=c1318ec7-d389-4b05-8ec5-e227e56d256f
2026-01-21 11:00:22 [INFO] HTTP Request: POST http://testserver/api/risk/analyze "HTTP/1.1 200 OK"
PASSED                                                                   [ 85%]
tests/test_vision_resnet.py::test_resnet_forward_smoke PASSED            [ 86%]
tests/test_voice_emotion.py::test_voice_emotion_endpoint 
-------------------------------- live log call ---------------------------------
2026-01-21 11:00:23 [INFO] Request started: POST /api/voice/emotion request_id=436d9605-3dea-446d-8e2a-25be8f66d4c7 client=testclient
2026-01-21 11:00:23 [INFO] Request completed: POST /api/voice/emotion status=200 duration=9.19ms request_id=436d9605-3dea-446d-8e2a-25be8f66d4c7
2026-01-21 11:00:23 [INFO] HTTP Request: POST http://testserver/api/voice/emotion "HTTP/1.1 200 OK"
PASSED                                                                   [ 87%]
tests/test_voice_noise.py::TestNoiseGenerator::test_white_noise_shape PASSED [ 89%]
tests/test_voice_noise.py::TestNoiseGenerator::test_pink_noise_generation PASSED [ 90%]
tests/test_voice_noise.py::TestNoiseGenerator::test_babble_noise_generation PASSED [ 91%]
tests/test_voice_noise.py::TestNoiseGenerator::test_add_noise_at_snr PASSED [ 92%]
tests/test_voice_noise.py::TestMockVoiceModel::test_prediction_output PASSED [ 93%]
tests/test_voice_noise.py::TestMockVoiceModel::test_noise_affects_accuracy PASSED [ 94%]
tests/test_voice_noise.py::TestVoiceRobustnessTester::test_run_test_returns_results PASSED [ 95%]
tests/test_voice_noise.py::TestVoiceRobustnessTester::test_result_fields PASSED [ 96%]
tests/test_voice_noise.py::TestVoiceRobustnessTester::test_accuracy_degrades_with_noise PASSED [ 97%]
tests/test_voice_noise.py::TestVoiceRobustnessTester::test_generate_report PASSED [ 98%]
tests/test_voice_noise.py::TestRobustnessResult::test_to_dict PASSED     [100%]

=============================== warnings summary ===============================
../../../../../opt/anaconda3/lib/python3.13/site-packages/_pytest/config/__init__.py:1441
  /opt/anaconda3/lib/python3.13/site-packages/_pytest/config/__init__.py:1441: PytestConfigWarning: Unknown config option: asyncio_mode
  
    self._warn_or_fail_if_strict(f"Unknown config option: {key}\n")

../../../../../opt/anaconda3/lib/python3.13/site-packages/_pytest/config/__init__.py:1441
  /opt/anaconda3/lib/python3.13/site-packages/_pytest/config/__init__.py:1441: PytestConfigWarning: Unknown config option: timeout
  
    self._warn_or_fail_if_strict(f"Unknown config option: {key}\n")

tests/test_behavior_logs_api.py::test_behavior_logs_endpoint_accepts_csv
tests/test_behavior_logs_api.py::test_behavior_logs_endpoint_accepts_csv
tests/test_production.py::TestBehaviorAPI::test_behavior_scoring
tests/test_risk_api.py::test_risk_analyze_endpoint_happy_path
  /opt/anaconda3/lib/python3.13/site-packages/sklearn/base.py:493: UserWarning: X does not have valid feature names, but StandardScaler was fitted with feature names
    warnings.warn(

tests/test_production.py::TestCyberAPI::test_cyber_scoring
tests/test_risk_api.py::test_risk_analyze_endpoint_happy_path
  /opt/anaconda3/lib/python3.13/site-packages/sklearn/base.py:493: UserWarning: X does not have valid feature names, but HistGradientBoostingClassifier was fitted with feature names
    warnings.warn(

tests/test_production.py::TestRecommendAPI::test_recommend_movies
  /opt/anaconda3/lib/python3.13/site-packages/sklearn/base.py:376: InconsistentVersionWarning: Trying to unpickle estimator DummyClassifier from version 1.7.2 when using version 1.5.2. This might lead to breaking code or invalid results. Use at your own risk. For more info please refer to:
  https://scikit-learn.org/stable/model_persistence.html#security-maintainability-limitations
    warnings.warn(

tests/test_production.py::TestRecommendAPI::test_recommend_movies
  /opt/anaconda3/lib/python3.13/site-packages/sklearn/base.py:376: InconsistentVersionWarning: Trying to unpickle estimator DecisionTreeRegressor from version 1.7.2 when using version 1.5.2. This might lead to breaking code or invalid results. Use at your own risk. For more info please refer to:
  https://scikit-learn.org/stable/model_persistence.html#security-maintainability-limitations
    warnings.warn(

tests/test_production.py::TestRecommendAPI::test_recommend_movies
  /opt/anaconda3/lib/python3.13/site-packages/sklearn/base.py:376: InconsistentVersionWarning: Trying to unpickle estimator GradientBoostingClassifier from version 1.7.2 when using version 1.5.2. This might lead to breaking code or invalid results. Use at your own risk. For more info please refer to:
  https://scikit-learn.org/stable/model_persistence.html#security-maintainability-limitations
    warnings.warn(

-- Docs: https://docs.pytest.org/en/stable/how-to/capture-warnings.html
=========================== short test summary info ============================
SKIPPED [1] tests/test_multi_sequence_30_tf.py:8: Set RUN_TF_TESTS=1 to execute TensorFlow tests
SKIPPED [1] tests/test_nlp_tiny.py:6: could not import 'transformers': No module named 'transformers'
================= 90 passed, 2 skipped, 11 warnings in 10.23s ==================
