============================= test session starts ==============================
platform darwin -- Python 3.13.5, pytest-8.3.4, pluggy-1.6.0
rootdir: /Users/pratik_n/Desktop/MyComputer/universal-anomaly-intelligence-v2
configfile: pytest.ini
testpaths: tests
plugins: anyio-4.7.0, hydra-core-1.3.2

----------------------------- live log collection ------------------------------
2026-01-21 10:51:27 [INFO] NumExpr defaulting to 10 threads.
2026-01-21 10:51:29 [INFO] Production middleware configured successfully
collected 91 items / 1 skipped

tests/e2e/test_rag_dsa.py::test_dsa_doc_rag_roundtrip PASSED             [  1%]
tests/e2e/test_smoke.py::test_health PASSED                              [  2%]
tests/e2e/test_smoke.py::test_chat PASSED                                [  3%]
tests/test_api_payloads.py::test_fusion_keys_sorted_for_payload PASSED   [  4%]
tests/test_api_v1_contract.py::test_api_v1_contract_in_openapi PASSED    [  5%]
tests/test_auth_password.py::test_password_hash_roundtrip 
-------------------------------- live log call ---------------------------------
2026-01-21 10:51:30 [WARNING] (trapped) error reading bcrypt version
Traceback (most recent call last):
  File "/opt/anaconda3/lib/python3.13/site-packages/passlib/handlers/bcrypt.py", line 620, in _load_backend_mixin
    version = _bcrypt.__about__.__version__
              ^^^^^^^^^^^^^^^^^
AttributeError: module 'bcrypt' has no attribute '__about__'
PASSED                                                                   [  6%]
tests/test_behavior_logs_api.py::test_behavior_logs_endpoint_accepts_csv 
-------------------------------- live log call ---------------------------------
2026-01-21 10:51:30 [INFO] Request started: POST /api/behavior/logs request_id=b85487a1-b76e-4109-a414-f89886943ff3 client=testclient
2026-01-21 10:51:30 [INFO] Request completed: POST /api/behavior/logs status=200 duration=97.38ms request_id=b85487a1-b76e-4109-a414-f89886943ff3
2026-01-21 10:51:30 [INFO] HTTP Request: POST http://testserver/api/behavior/logs?max_rows=1000&top_n=5 "HTTP/1.1 200 OK"
PASSED                                                                   [  7%]
tests/test_brand_routes_import.py::test_brand_route_import_does_not_require_weights PASSED [  8%]
tests/test_build_30seq_dataset.py::test_build_sequences_writes_files PASSED [  9%]
tests/test_build_recommender_index_script.py::test_build_recommender_index_script_runs PASSED [ 10%]
tests/test_chat.py::test_chat_route 
-------------------------------- live log call ---------------------------------
2026-01-21 10:51:31 [INFO] Request started: POST /api/chat request_id=49cf5083-6c21-4706-b3a6-011dda1eab9f client=testclient
2026-01-21 10:51:32 [INFO] Request completed: POST /api/chat status=200 duration=164.42ms request_id=49cf5083-6c21-4706-b3a6-011dda1eab9f
2026-01-21 10:51:32 [INFO] HTTP Request: POST http://testserver/api/chat "HTTP/1.1 200 OK"
PASSED                                                                   [ 12%]
tests/test_chat_multimodal_stt.py::test_chat_multimodal_transcribe_flag_does_not_break 
-------------------------------- live log call ---------------------------------
2026-01-21 10:51:32 [INFO] Request started: POST /api/chat/multimodal request_id=bc7413a7-f2a5-4fce-aad4-633c3898986f client=testclient
2026-01-21 10:51:33 [INFO] Request completed: POST /api/chat/multimodal status=200 duration=957.12ms request_id=bc7413a7-f2a5-4fce-aad4-633c3898986f
2026-01-21 10:51:33 [INFO] HTTP Request: POST http://testserver/api/chat/multimodal "HTTP/1.1 200 OK"
PASSED                                                                   [ 13%]
tests/test_clothes_catalog.py::test_recommend_clothes_includes_brand_and_title PASSED [ 14%]
tests/test_clothes_catalog.py::test_recommend_clothes_works_without_preferred_tags PASSED [ 15%]
tests/test_decision_engine.py::test_make_decision_blocks_on_high_fraud PASSED [ 16%]
tests/test_decision_engine.py::test_make_decision_step_up_on_combined_risk PASSED [ 17%]
tests/test_decision_engine.py::test_make_decision_allows_low_risk PASSED [ 18%]
tests/test_dsa_algorithms_api.py::test_dsa_lca_api 
-------------------------------- live log call ---------------------------------
2026-01-21 10:51:33 [INFO] Request started: POST /api/dsa/algorithms/lca request_id=ac5cc88b-2be9-4ec8-8a83-16f3f0a0dff4 client=testclient
2026-01-21 10:51:33 [INFO] Request completed: POST /api/dsa/algorithms/lca status=200 duration=1.39ms request_id=ac5cc88b-2be9-4ec8-8a83-16f3f0a0dff4
2026-01-21 10:51:33 [INFO] HTTP Request: POST http://testserver/api/dsa/algorithms/lca "HTTP/1.1 200 OK"
PASSED                                                                   [ 19%]
tests/test_dsa_algorithms_api.py::test_dsa_segment_tree_api 
-------------------------------- live log call ---------------------------------
2026-01-21 10:51:33 [INFO] Request started: POST /api/dsa/algorithms/segment-tree request_id=5ebb7e08-11b9-4aca-bf7b-43d80f18244e client=testclient
2026-01-21 10:51:33 [INFO] Request completed: POST /api/dsa/algorithms/segment-tree status=200 duration=1.27ms request_id=5ebb7e08-11b9-4aca-bf7b-43d80f18244e
2026-01-21 10:51:33 [INFO] HTTP Request: POST http://testserver/api/dsa/algorithms/segment-tree "HTTP/1.1 200 OK"
PASSED                                                                   [ 20%]
tests/test_dsa_algorithms_api.py::test_dsa_min_cost_max_flow_api 
-------------------------------- live log call ---------------------------------
2026-01-21 10:51:33 [INFO] Request started: POST /api/dsa/algorithms/min-cost-max-flow request_id=8848e7db-0d23-495c-bc6e-6032f4f382fd client=testclient
2026-01-21 10:51:33 [INFO] Request completed: POST /api/dsa/algorithms/min-cost-max-flow status=200 duration=2.21ms request_id=8848e7db-0d23-495c-bc6e-6032f4f382fd
2026-01-21 10:51:33 [INFO] HTTP Request: POST http://testserver/api/dsa/algorithms/min-cost-max-flow "HTTP/1.1 200 OK"
PASSED                                                                   [ 21%]
tests/test_dsa_algorithms_api.py::test_dsa_graph_algorithms_api 
-------------------------------- live log call ---------------------------------
2026-01-21 10:51:33 [INFO] Request started: POST /api/dsa/algorithms/bfs request_id=a36ed38f-9ce6-480d-8855-8df326095ba3 client=testclient
2026-01-21 10:51:33 [INFO] Request completed: POST /api/dsa/algorithms/bfs status=200 duration=1.37ms request_id=a36ed38f-9ce6-480d-8855-8df326095ba3
2026-01-21 10:51:33 [INFO] HTTP Request: POST http://testserver/api/dsa/algorithms/bfs "HTTP/1.1 200 OK"
2026-01-21 10:51:33 [INFO] Request started: POST /api/dsa/algorithms/dfs request_id=74b701db-3088-458a-b969-d3d79ce60873 client=testclient
2026-01-21 10:51:33 [INFO] Request completed: POST /api/dsa/algorithms/dfs status=200 duration=0.99ms request_id=74b701db-3088-458a-b969-d3d79ce60873
2026-01-21 10:51:33 [INFO] HTTP Request: POST http://testserver/api/dsa/algorithms/dfs "HTTP/1.1 200 OK"
2026-01-21 10:51:33 [INFO] Request started: POST /api/dsa/algorithms/shortest-paths request_id=1242f15b-7a8a-413e-ba38-fe589e713615 client=testclient
2026-01-21 10:51:33 [INFO] Request completed: POST /api/dsa/algorithms/shortest-paths status=200 duration=1.12ms request_id=1242f15b-7a8a-413e-ba38-fe589e713615
2026-01-21 10:51:33 [INFO] HTTP Request: POST http://testserver/api/dsa/algorithms/shortest-paths "HTTP/1.1 200 OK"
2026-01-21 10:51:33 [INFO] Request started: POST /api/dsa/algorithms/mst request_id=81af88d2-db5f-41d1-8c55-5a4fccb02377 client=testclient
2026-01-21 10:51:33 [INFO] Request completed: POST /api/dsa/algorithms/mst status=200 duration=0.93ms request_id=81af88d2-db5f-41d1-8c55-5a4fccb02377
2026-01-21 10:51:33 [INFO] HTTP Request: POST http://testserver/api/dsa/algorithms/mst "HTTP/1.1 200 OK"
2026-01-21 10:51:33 [INFO] Request started: POST /api/dsa/algorithms/scc request_id=a504c284-4bf1-475c-9690-1b2fd168f6e3 client=testclient
2026-01-21 10:51:33 [INFO] Request completed: POST /api/dsa/algorithms/scc status=200 duration=1.01ms request_id=a504c284-4bf1-475c-9690-1b2fd168f6e3
2026-01-21 10:51:33 [INFO] HTTP Request: POST http://testserver/api/dsa/algorithms/scc "HTTP/1.1 200 OK"
PASSED                                                                   [ 23%]
tests/test_dsa_algorithms_api.py::test_dsa_segment_tree_min_api 
-------------------------------- live log call ---------------------------------
2026-01-21 10:51:33 [INFO] Request started: POST /api/dsa/algorithms/segment-tree-min request_id=d7e3e6cc-61ce-4029-944e-68edd8b63561 client=testclient
2026-01-21 10:51:33 [INFO] Request completed: POST /api/dsa/algorithms/segment-tree-min status=200 duration=1.08ms request_id=d7e3e6cc-61ce-4029-944e-68edd8b63561
2026-01-21 10:51:33 [INFO] HTTP Request: POST http://testserver/api/dsa/algorithms/segment-tree-min "HTTP/1.1 200 OK"
PASSED                                                                   [ 24%]
tests/test_dsa_algorithms_api.py::test_dsa_shortest_path_variants_api 
-------------------------------- live log call ---------------------------------
2026-01-21 10:51:33 [INFO] Request started: POST /api/dsa/algorithms/shortest-paths/bellman-ford request_id=b4ad5b2f-de47-47e8-8681-67d76a204d79 client=testclient
2026-01-21 10:51:33 [INFO] Request completed: POST /api/dsa/algorithms/shortest-paths/bellman-ford status=200 duration=1.24ms request_id=b4ad5b2f-de47-47e8-8681-67d76a204d79
2026-01-21 10:51:33 [INFO] HTTP Request: POST http://testserver/api/dsa/algorithms/shortest-paths/bellman-ford "HTTP/1.1 200 OK"
2026-01-21 10:51:33 [INFO] Request started: POST /api/dsa/algorithms/shortest-paths/floyd-warshall request_id=8fe700fa-c20e-4d19-8892-3f363205f416 client=testclient
2026-01-21 10:51:33 [INFO] Request completed: POST /api/dsa/algorithms/shortest-paths/floyd-warshall status=200 duration=1.02ms request_id=8fe700fa-c20e-4d19-8892-3f363205f416
2026-01-21 10:51:33 [INFO] HTTP Request: POST http://testserver/api/dsa/algorithms/shortest-paths/floyd-warshall "HTTP/1.1 200 OK"
2026-01-21 10:51:33 [INFO] Request started: POST /api/dsa/algorithms/shortest-paths/zero-one-bfs request_id=a36d3758-6a81-454d-9d9b-53b0cc8f1546 client=testclient
2026-01-21 10:51:33 [INFO] Request completed: POST /api/dsa/algorithms/shortest-paths/zero-one-bfs status=200 duration=1.33ms request_id=a36d3758-6a81-454d-9d9b-53b0cc8f1546
2026-01-21 10:51:33 [INFO] HTTP Request: POST http://testserver/api/dsa/algorithms/shortest-paths/zero-one-bfs "HTTP/1.1 200 OK"
PASSED                                                                   [ 25%]
tests/test_dsa_algorithms_api.py::test_dsa_trie_api 
-------------------------------- live log call ---------------------------------
2026-01-21 10:51:33 [INFO] Request started: POST /api/dsa/algorithms/trie request_id=de4c00ee-6831-46fd-a2b2-1201d99b7483 client=testclient
2026-01-21 10:51:33 [INFO] Request completed: POST /api/dsa/algorithms/trie status=200 duration=0.95ms request_id=de4c00ee-6831-46fd-a2b2-1201d99b7483
2026-01-21 10:51:33 [INFO] HTTP Request: POST http://testserver/api/dsa/algorithms/trie "HTTP/1.1 200 OK"
PASSED                                                                   [ 26%]
tests/test_dsa_algorithms_api.py::test_dsa_dp_api 
-------------------------------- live log call ---------------------------------
2026-01-21 10:51:33 [INFO] Request started: POST /api/dsa/algorithms/dp request_id=bdea5c54-bea5-4946-9dc3-8378d4469b8c client=testclient
2026-01-21 10:51:33 [INFO] Request completed: POST /api/dsa/algorithms/dp status=200 duration=1.31ms request_id=bdea5c54-bea5-4946-9dc3-8378d4469b8c
2026-01-21 10:51:33 [INFO] HTTP Request: POST http://testserver/api/dsa/algorithms/dp "HTTP/1.1 200 OK"
2026-01-21 10:51:33 [INFO] Request started: POST /api/dsa/algorithms/dp request_id=474c2dcc-b760-40d2-b111-1c2ad5b61897 client=testclient
2026-01-21 10:51:33 [INFO] Request completed: POST /api/dsa/algorithms/dp status=200 duration=0.88ms request_id=474c2dcc-b760-40d2-b111-1c2ad5b61897
2026-01-21 10:51:33 [INFO] HTTP Request: POST http://testserver/api/dsa/algorithms/dp "HTTP/1.1 200 OK"
2026-01-21 10:51:33 [INFO] Request started: POST /api/dsa/algorithms/dp request_id=3a286a9d-f89e-4765-824b-6ace504a688c client=testclient
2026-01-21 10:51:33 [INFO] Request completed: POST /api/dsa/algorithms/dp status=200 duration=0.98ms request_id=3a286a9d-f89e-4765-824b-6ace504a688c
2026-01-21 10:51:33 [INFO] HTTP Request: POST http://testserver/api/dsa/algorithms/dp "HTTP/1.1 200 OK"
PASSED                                                                   [ 27%]
tests/test_face_emotion_endpoint.py::test_face_emotion_predict_no_file 
-------------------------------- live log call ---------------------------------
2026-01-21 10:51:33 [INFO] Request started: POST /api/vision/face_emotion/predict request_id=98543cbd-5a75-4f95-8261-17b972cc1f03 client=testclient
2026-01-21 10:51:33 [INFO] Request completed: POST /api/vision/face_emotion/predict status=422 duration=0.96ms request_id=98543cbd-5a75-4f95-8261-17b972cc1f03
2026-01-21 10:51:33 [INFO] HTTP Request: POST http://testserver/api/vision/face_emotion/predict "HTTP/1.1 422 Unprocessable Entity"
PASSED                                                                   [ 28%]
tests/test_face_emotion_endpoint.py::test_face_emotion_predict_invalid_file 
-------------------------------- live log call ---------------------------------
2026-01-21 10:51:33 [INFO] Request started: POST /api/vision/face_emotion/predict request_id=9ad9884b-6cc1-436f-a955-76e1679eb88d client=testclient
2026-01-21 10:51:33 [INFO] Request completed: POST /api/vision/face_emotion/predict status=400 duration=0.90ms request_id=9ad9884b-6cc1-436f-a955-76e1679eb88d
2026-01-21 10:51:33 [INFO] HTTP Request: POST http://testserver/api/vision/face_emotion/predict "HTTP/1.1 400 Bad Request"
PASSED                                                                   [ 29%]
tests/test_fusion_run.py::test_generate_meta_features_and_train PASSED   [ 30%]
tests/test_health.py::test_health_endpoint 
-------------------------------- live log call ---------------------------------
2026-01-21 10:51:33 [INFO] Request started: GET /health request_id=8ce2beb4-9495-416a-91f2-e6aac9918b9d client=testclient
2026-01-21 10:51:33 [INFO] Request completed: GET /health status=200 duration=0.58ms request_id=8ce2beb4-9495-416a-91f2-e6aac9918b9d
2026-01-21 10:51:33 [INFO] HTTP Request: GET http://testserver/health "HTTP/1.1 200 OK"
PASSED                                                                   [ 31%]
tests/test_health_endpoint.py::test_api_health_contract 
-------------------------------- live log call ---------------------------------
2026-01-21 10:51:33 [INFO] Request started: GET /api/health request_id=a45a3fcc-4db3-4bb2-b0db-eca7bcfc4cf5 client=testclient
2026-01-21 10:51:33 [INFO] Request completed: GET /api/health status=200 duration=1.16ms request_id=a45a3fcc-4db3-4bb2-b0db-eca7bcfc4cf5
2026-01-21 10:51:33 [INFO] HTTP Request: GET http://testserver/api/health "HTTP/1.1 200 OK"
PASSED                                                                   [ 32%]
tests/test_monitoring.py::test_monitor_workflow 
-------------------------------- live log call ---------------------------------
2026-01-21 10:51:33 [INFO] Request started: POST /api/monitor/log request_id=37a01c3c-8a22-43e3-b50b-b4c1271e93e1 client=testclient
2026-01-21 10:51:33 [INFO] Request completed: POST /api/monitor/log status=200 duration=1.13ms request_id=37a01c3c-8a22-43e3-b50b-b4c1271e93e1
2026-01-21 10:51:33 [INFO] HTTP Request: POST http://testserver/api/monitor/log "HTTP/1.1 200 OK"
2026-01-21 10:51:33 [INFO] Request started: GET /api/monitor/summary request_id=e31d34af-79c3-4148-8cde-f4c9ab949a86 client=testclient
2026-01-21 10:51:33 [INFO] Request completed: GET /api/monitor/summary status=200 duration=1.37ms request_id=e31d34af-79c3-4148-8cde-f4c9ab949a86
2026-01-21 10:51:33 [INFO] HTTP Request: GET http://testserver/api/monitor/summary?window_n=10 "HTTP/1.1 200 OK"
2026-01-21 10:51:33 [INFO] Request started: POST /api/monitor/baseline/build request_id=6f59e9f1-45d3-4487-9c74-d4bebce0df72 client=testclient
2026-01-21 10:51:33 [INFO] Request completed: POST /api/monitor/baseline/build status=200 duration=1.08ms request_id=6f59e9f1-45d3-4487-9c74-d4bebce0df72
2026-01-21 10:51:33 [INFO] HTTP Request: POST http://testserver/api/monitor/baseline/build "HTTP/1.1 200 OK"
2026-01-21 10:51:33 [INFO] Request started: GET /api/monitor/drift request_id=461f3807-2a1a-4514-a223-adc848375061 client=testclient
2026-01-21 10:51:33 [INFO] Request completed: GET /api/monitor/drift status=200 duration=0.86ms request_id=461f3807-2a1a-4514-a223-adc848375061
2026-01-21 10:51:33 [INFO] HTTP Request: GET http://testserver/api/monitor/drift?window_n=10 "HTTP/1.1 200 OK"
PASSED                                                                   [ 34%]
tests/test_multi_sequence_30_torch.py::test_forward_pass_small_shape PASSED [ 35%]
tests/test_nlp_tiny.py::test_distilbert_forward_smoke SKIPPED (could...) [ 36%]
tests/test_paths.py::test_paths_exist PASSED                             [ 37%]
tests/test_production.py::TestHealthEndpoints::test_health_check 
-------------------------------- live log call ---------------------------------
2026-01-21 10:51:33 [INFO] Request started: GET /health request_id=124a9617-2877-4b32-896c-01881c760cc1 client=testclient
2026-01-21 10:51:33 [INFO] Request completed: GET /health status=200 duration=0.55ms request_id=124a9617-2877-4b32-896c-01881c760cc1
2026-01-21 10:51:33 [INFO] HTTP Request: GET http://testserver/health "HTTP/1.1 200 OK"
PASSED                                                                   [ 38%]
tests/test_production.py::TestHealthEndpoints::test_liveness_check 
-------------------------------- live log call ---------------------------------
2026-01-21 10:51:33 [INFO] Request started: GET /health/live request_id=85d89ed3-7441-4254-9b82-6e38d397271b client=testclient
2026-01-21 10:51:33 [INFO] Request completed: GET /health/live status=200 duration=0.40ms request_id=85d89ed3-7441-4254-9b82-6e38d397271b
2026-01-21 10:51:33 [INFO] HTTP Request: GET http://testserver/health/live "HTTP/1.1 200 OK"
PASSED                                                                   [ 39%]
tests/test_production.py::TestHealthEndpoints::test_readiness_check 
-------------------------------- live log call ---------------------------------
2026-01-21 10:51:33 [INFO] Request started: GET /health/ready request_id=3524c7b4-07a9-4e37-bc8d-179201edf57a client=testclient
2026-01-21 10:51:33 [INFO] Request completed: GET /health/ready status=200 duration=0.75ms request_id=3524c7b4-07a9-4e37-bc8d-179201edf57a
2026-01-21 10:51:33 [INFO] HTTP Request: GET http://testserver/health/ready "HTTP/1.1 200 OK"
PASSED                                                                   [ 40%]
tests/test_production.py::TestHealthEndpoints::test_detailed_health 
-------------------------------- live log call ---------------------------------
2026-01-21 10:51:33 [INFO] Request started: GET /health/detailed request_id=071e39f8-4cb9-4e9c-b24f-edd148cadc42 client=testclient
2026-01-21 10:51:33 [INFO] Request completed: GET /health/detailed status=200 duration=36.93ms request_id=071e39f8-4cb9-4e9c-b24f-edd148cadc42
2026-01-21 10:51:33 [INFO] HTTP Request: GET http://testserver/health/detailed "HTTP/1.1 200 OK"
PASSED                                                                   [ 41%]
tests/test_production.py::TestChatAPI::test_chat_endpoint 
-------------------------------- live log call ---------------------------------
2026-01-21 10:51:33 [INFO] Request started: POST /api/chat request_id=1ad71913-cb34-4b96-a670-082c6f3e9b85 client=testclient
2026-01-21 10:51:33 [INFO] Request completed: POST /api/chat status=200 duration=1.22ms request_id=1ad71913-cb34-4b96-a670-082c6f3e9b85
2026-01-21 10:51:33 [INFO] HTTP Request: POST http://testserver/api/chat "HTTP/1.1 200 OK"
PASSED                                                                   [ 42%]
tests/test_production.py::TestChatAPI::test_chat_empty_message 
-------------------------------- live log call ---------------------------------
2026-01-21 10:51:33 [INFO] Request started: POST /api/chat request_id=020cc0ca-e8fb-4bc3-b56f-eeda6e471438 client=testclient
2026-01-21 10:51:33 [INFO] Request completed: POST /api/chat status=422 duration=1.11ms request_id=020cc0ca-e8fb-4bc3-b56f-eeda6e471438
2026-01-21 10:51:33 [INFO] HTTP Request: POST http://testserver/api/chat "HTTP/1.1 422 Unprocessable Entity"
PASSED                                                                   [ 43%]
tests/test_production.py::TestChatAPI::test_chat_with_rag 
-------------------------------- live log call ---------------------------------
2026-01-21 10:51:33 [INFO] Request started: POST /api/chat request_id=f28310bb-ca34-4804-9fff-19262c32d83c client=testclient
2026-01-21 10:51:33 [WARNING] SHAP explanation failed: property 'feature_names_in_' of 'Pipeline' object has no setter
2026-01-21 10:51:33 [INFO] Request completed: POST /api/chat status=200 duration=5.37ms request_id=f28310bb-ca34-4804-9fff-19262c32d83c
2026-01-21 10:51:33 [INFO] HTTP Request: POST http://testserver/api/chat "HTTP/1.1 200 OK"
PASSED                                                                   [ 45%]
tests/test_production.py::TestFraudAPI::test_fraud_scoring 
-------------------------------- live log call ---------------------------------
2026-01-21 10:51:33 [INFO] Request started: POST /api/fraud request_id=95f85e4f-eed0-4474-9f1f-a4311785fbd4 client=testclient
2026-01-21 10:51:33 [INFO] Request completed: POST /api/fraud status=200 duration=4.01ms request_id=95f85e4f-eed0-4474-9f1f-a4311785fbd4
2026-01-21 10:51:33 [INFO] HTTP Request: POST http://testserver/api/fraud "HTTP/1.1 200 OK"
PASSED                                                                   [ 46%]
tests/test_production.py::TestFraudAPI::test_fraud_invalid_features 
-------------------------------- live log call ---------------------------------
2026-01-21 10:51:33 [INFO] Request started: POST /api/fraud request_id=3c014c1b-c492-4b27-924b-da23504f6fb2 client=testclient
2026-01-21 10:51:33 [INFO] Request completed: POST /api/fraud status=422 duration=1.32ms request_id=3c014c1b-c492-4b27-924b-da23504f6fb2
2026-01-21 10:51:33 [INFO] HTTP Request: POST http://testserver/api/fraud "HTTP/1.1 422 Unprocessable Entity"
PASSED                                                                   [ 47%]
tests/test_production.py::TestFraudAPI::test_fraud_empty_features 
-------------------------------- live log call ---------------------------------
2026-01-21 10:51:33 [INFO] Request started: POST /api/fraud request_id=9ec52df7-97d2-4253-af62-b54583cb82e6 client=testclient
2026-01-21 10:51:33 [INFO] Request completed: POST /api/fraud status=200 duration=2.91ms request_id=9ec52df7-97d2-4253-af62-b54583cb82e6
2026-01-21 10:51:33 [INFO] HTTP Request: POST http://testserver/api/fraud "HTTP/1.1 200 OK"
PASSED                                                                   [ 48%]
tests/test_production.py::TestCyberAPI::test_cyber_scoring 
-------------------------------- live log call ---------------------------------
2026-01-21 10:51:33 [INFO] Request started: POST /api/cyber request_id=b05c5db4-ebe2-44e2-8d5b-ac714636e8e8 client=testclient
2026-01-21 10:51:33 [INFO] Request completed: POST /api/cyber status=200 duration=46.93ms request_id=b05c5db4-ebe2-44e2-8d5b-ac714636e8e8
2026-01-21 10:51:33 [INFO] HTTP Request: POST http://testserver/api/cyber "HTTP/1.1 200 OK"
PASSED                                                                   [ 49%]
tests/test_production.py::TestBehaviorAPI::test_behavior_scoring 
-------------------------------- live log call ---------------------------------
2026-01-21 10:51:33 [INFO] Request started: POST /api/behavior request_id=9298c401-56d1-47b4-a348-d19cd93429e4 client=testclient
2026-01-21 10:51:33 [INFO] Request completed: POST /api/behavior status=200 duration=2.32ms request_id=9298c401-56d1-47b4-a348-d19cd93429e4
2026-01-21 10:51:33 [INFO] HTTP Request: POST http://testserver/api/behavior "HTTP/1.1 200 OK"
PASSED                                                                   [ 50%]
tests/test_production.py::TestVisionAPI::test_vision_predict_no_file 
-------------------------------- live log call ---------------------------------
2026-01-21 10:51:33 [INFO] Request started: POST /api/vision/predict request_id=b49a4557-051b-4f00-8353-b206450052a8 client=testclient
2026-01-21 10:51:33 [INFO] Request completed: POST /api/vision/predict status=400 duration=0.75ms request_id=b49a4557-051b-4f00-8353-b206450052a8
2026-01-21 10:51:33 [INFO] HTTP Request: POST http://testserver/api/vision/predict "HTTP/1.1 400 Bad Request"
PASSED                                                                   [ 51%]
tests/test_production.py::TestVisionAPI::test_vision_predict_invalid_file 
-------------------------------- live log call ---------------------------------
2026-01-21 10:51:33 [INFO] Request started: POST /api/vision/predict request_id=14b49111-c312-4781-b552-9eaf4977278f client=testclient
2026-01-21 10:51:33 [INFO] Request completed: POST /api/vision/predict status=400 duration=1.33ms request_id=14b49111-c312-4781-b552-9eaf4977278f
2026-01-21 10:51:33 [INFO] HTTP Request: POST http://testserver/api/vision/predict "HTTP/1.1 400 Bad Request"
PASSED                                                                   [ 52%]
tests/test_production.py::TestRecommendAPI::test_recommend_movies 
-------------------------------- live log call ---------------------------------
2026-01-21 10:51:33 [INFO] Request started: POST /api/recommend request_id=b8e0239a-a76b-46f6-a1f4-e6af9be58ad9 client=testclient
2026-01-21 10:51:35 [INFO] Request completed: POST /api/recommend status=200 duration=2499.56ms request_id=b8e0239a-a76b-46f6-a1f4-e6af9be58ad9
2026-01-21 10:51:35 [INFO] HTTP Request: POST http://testserver/api/recommend "HTTP/1.1 200 OK"
PASSED                                                                   [ 53%]
tests/test_production.py::TestRecommendAPI::test_recommend_products 
-------------------------------- live log call ---------------------------------
2026-01-21 10:51:35 [INFO] Request started: POST /api/recommend request_id=f713e3d0-c14e-4520-aa77-440ce11036b0 client=testclient
2026-01-21 10:51:36 [INFO] Request completed: POST /api/recommend status=200 duration=264.76ms request_id=f713e3d0-c14e-4520-aa77-440ce11036b0
2026-01-21 10:51:36 [INFO] HTTP Request: POST http://testserver/api/recommend "HTTP/1.1 200 OK"
PASSED                                                                   [ 54%]
tests/test_production.py::TestRAGAPI::test_rag_query 
-------------------------------- live log call ---------------------------------
2026-01-21 10:51:36 [INFO] Request started: POST /api/rag/query request_id=15b8bc15-7061-494b-8c03-4e1622a451b5 client=testclient
2026-01-21 10:51:36 [INFO] Request completed: POST /api/rag/query status=200 duration=2.07ms request_id=15b8bc15-7061-494b-8c03-4e1622a451b5
2026-01-21 10:51:36 [INFO] HTTP Request: POST http://testserver/api/rag/query "HTTP/1.1 200 OK"
PASSED                                                                   [ 56%]
tests/test_production.py::TestRAGAPI::test_rag_upload_no_file 
-------------------------------- live log call ---------------------------------
2026-01-21 10:51:36 [INFO] Request started: POST /api/rag/upload request_id=056dc634-5a1e-4341-827f-fb786259cd17 client=testclient
2026-01-21 10:51:36 [INFO] Request completed: POST /api/rag/upload status=422 duration=0.65ms request_id=056dc634-5a1e-4341-827f-fb786259cd17
2026-01-21 10:51:36 [INFO] HTTP Request: POST http://testserver/api/rag/upload "HTTP/1.1 422 Unprocessable Entity"
PASSED                                                                   [ 57%]
tests/test_production.py::TestAuthentication::test_protected_endpoint_no_token 
-------------------------------- live log call ---------------------------------
2026-01-21 10:51:36 [INFO] Request started: GET /api/monitor/summary request_id=2557fdc3-5591-48d2-8fa2-04e5c98a8780 client=testclient
2026-01-21 10:51:36 [INFO] Request completed: GET /api/monitor/summary status=200 duration=1.60ms request_id=2557fdc3-5591-48d2-8fa2-04e5c98a8780
2026-01-21 10:51:36 [INFO] HTTP Request: GET http://testserver/api/monitor/summary "HTTP/1.1 200 OK"
PASSED                                                                   [ 58%]
tests/test_production.py::TestAuthentication::test_protected_endpoint_invalid_token 
-------------------------------- live log call ---------------------------------
2026-01-21 10:51:36 [INFO] Request started: GET /api/monitor/summary request_id=9c853b74-4c45-4fa1-9488-a04bb81d2d4e client=testclient
2026-01-21 10:51:36 [INFO] Request completed: GET /api/monitor/summary status=200 duration=1.41ms request_id=9c853b74-4c45-4fa1-9488-a04bb81d2d4e
2026-01-21 10:51:36 [INFO] HTTP Request: GET http://testserver/api/monitor/summary "HTTP/1.1 200 OK"
PASSED                                                                   [ 59%]
tests/test_production.py::TestRateLimiting::test_rate_limit_not_exceeded 
-------------------------------- live log call ---------------------------------
2026-01-21 10:51:36 [INFO] Request started: GET /health request_id=773ab0f7-6707-4a7b-bf4e-48242e849734 client=testclient
2026-01-21 10:51:36 [INFO] Request completed: GET /health status=200 duration=0.70ms request_id=773ab0f7-6707-4a7b-bf4e-48242e849734
2026-01-21 10:51:36 [INFO] HTTP Request: GET http://testserver/health "HTTP/1.1 200 OK"
2026-01-21 10:51:36 [INFO] Request started: GET /health request_id=4beb7c3b-15ef-4439-bc84-047d0d3d003d client=testclient
2026-01-21 10:51:36 [INFO] Request completed: GET /health status=200 duration=0.39ms request_id=4beb7c3b-15ef-4439-bc84-047d0d3d003d
2026-01-21 10:51:36 [INFO] HTTP Request: GET http://testserver/health "HTTP/1.1 200 OK"
2026-01-21 10:51:36 [INFO] Request started: GET /health request_id=f3f8d813-6d19-48a9-9b11-dce16d7ea5fe client=testclient
2026-01-21 10:51:36 [INFO] Request completed: GET /health status=200 duration=0.74ms request_id=f3f8d813-6d19-48a9-9b11-dce16d7ea5fe
2026-01-21 10:51:36 [INFO] HTTP Request: GET http://testserver/health "HTTP/1.1 200 OK"
2026-01-21 10:51:36 [INFO] Request started: GET /health request_id=7c2bfd2f-3106-4a15-8886-498748b44a28 client=testclient
2026-01-21 10:51:36 [INFO] Request completed: GET /health status=200 duration=0.37ms request_id=7c2bfd2f-3106-4a15-8886-498748b44a28
2026-01-21 10:51:36 [INFO] HTTP Request: GET http://testserver/health "HTTP/1.1 200 OK"
2026-01-21 10:51:36 [INFO] Request started: GET /health request_id=e91d348a-9b25-409f-bffc-3a3d110f2cb3 client=testclient
2026-01-21 10:51:36 [INFO] Request completed: GET /health status=200 duration=0.38ms request_id=e91d348a-9b25-409f-bffc-3a3d110f2cb3
2026-01-21 10:51:36 [INFO] HTTP Request: GET http://testserver/health "HTTP/1.1 200 OK"
PASSED                                                                   [ 60%]
tests/test_production.py::TestRateLimiting::test_rate_limit_header 
-------------------------------- live log call ---------------------------------
2026-01-21 10:51:36 [INFO] Request started: GET /health request_id=763453d2-3170-47c1-b98c-a66672b52e50 client=testclient
2026-01-21 10:51:36 [INFO] Request completed: GET /health status=200 duration=0.76ms request_id=763453d2-3170-47c1-b98c-a66672b52e50
2026-01-21 10:51:36 [INFO] HTTP Request: GET http://testserver/health "HTTP/1.1 200 OK"
PASSED                                                                   [ 61%]
tests/test_production.py::TestErrorHandling::test_404_endpoint 
-------------------------------- live log call ---------------------------------
2026-01-21 10:51:36 [INFO] Request started: GET /api/nonexistent request_id=3dcf6171-fed9-408e-8611-d979e8eca411 client=testclient
2026-01-21 10:51:36 [INFO] Request completed: GET /api/nonexistent status=404 duration=0.68ms request_id=3dcf6171-fed9-408e-8611-d979e8eca411
2026-01-21 10:51:36 [INFO] HTTP Request: GET http://testserver/api/nonexistent "HTTP/1.1 404 Not Found"
PASSED                                                                   [ 62%]
tests/test_production.py::TestErrorHandling::test_method_not_allowed 
-------------------------------- live log call ---------------------------------
2026-01-21 10:51:36 [INFO] Request started: DELETE /health request_id=3a0801f6-2f77-4579-a682-7ec35baa0568 client=testclient
2026-01-21 10:51:36 [INFO] Request completed: DELETE /health status=405 duration=0.41ms request_id=3a0801f6-2f77-4579-a682-7ec35baa0568
2026-01-21 10:51:36 [INFO] HTTP Request: DELETE http://testserver/health "HTTP/1.1 405 Method Not Allowed"
PASSED                                                                   [ 63%]
tests/test_production.py::TestErrorHandling::test_invalid_json 
-------------------------------- live log call ---------------------------------
2026-01-21 10:51:36 [INFO] Request started: POST /api/chat request_id=bda67160-75ea-4c7e-9262-93667b182ab8 client=testclient
2026-01-21 10:51:36 [INFO] Request completed: POST /api/chat status=422 duration=0.61ms request_id=bda67160-75ea-4c7e-9262-93667b182ab8
2026-01-21 10:51:36 [INFO] HTTP Request: POST http://testserver/api/chat "HTTP/1.1 422 Unprocessable Entity"
PASSED                                                                   [ 64%]
tests/test_production.py::TestResponseFormat::test_json_response 
-------------------------------- live log call ---------------------------------
2026-01-21 10:51:36 [INFO] Request started: GET /health request_id=d17de5bd-5a7c-45e7-a8f0-87471dfb0837 client=testclient
2026-01-21 10:51:36 [INFO] Request completed: GET /health status=200 duration=0.40ms request_id=d17de5bd-5a7c-45e7-a8f0-87471dfb0837
2026-01-21 10:51:36 [INFO] HTTP Request: GET http://testserver/health "HTTP/1.1 200 OK"
PASSED                                                                   [ 65%]
tests/test_production.py::TestResponseFormat::test_request_id_header 
-------------------------------- live log call ---------------------------------
2026-01-21 10:51:36 [INFO] Request started: GET /health request_id=df048180-6a4c-42c2-9962-9efd6c22494c client=testclient
2026-01-21 10:51:36 [INFO] Request completed: GET /health status=200 duration=0.39ms request_id=df048180-6a4c-42c2-9962-9efd6c22494c
2026-01-21 10:51:36 [INFO] HTTP Request: GET http://testserver/health "HTTP/1.1 200 OK"
PASSED                                                                   [ 67%]
tests/test_production.py::TestResponseFormat::test_cors_headers 
-------------------------------- live log call ---------------------------------
2026-01-21 10:51:36 [INFO] Request started: OPTIONS /health request_id=747108d2-3920-4958-b0f2-a9752ed19bbb client=testclient
2026-01-21 10:51:36 [INFO] Request completed: OPTIONS /health status=405 duration=0.43ms request_id=747108d2-3920-4958-b0f2-a9752ed19bbb
2026-01-21 10:51:36 [INFO] HTTP Request: OPTIONS http://testserver/health "HTTP/1.1 405 Method Not Allowed"
PASSED                                                                   [ 68%]
tests/test_production.py::TestPerformance::test_health_response_time 
-------------------------------- live log call ---------------------------------
2026-01-21 10:51:36 [INFO] Request started: GET /health request_id=bfe7432a-07ec-4b5b-a9bb-ee58024b4546 client=testclient
2026-01-21 10:51:36 [INFO] Request completed: GET /health status=200 duration=0.42ms request_id=bfe7432a-07ec-4b5b-a9bb-ee58024b4546
2026-01-21 10:51:36 [INFO] HTTP Request: GET http://testserver/health "HTTP/1.1 200 OK"
PASSED                                                                   [ 69%]
tests/test_production.py::TestPerformance::test_concurrent_requests 
-------------------------------- live log call ---------------------------------
2026-01-21 10:51:36 [INFO] Request started: GET /health request_id=9211bd49-b7d6-4b64-a524-4f8365542cb7 client=testclient
2026-01-21 10:51:36 [INFO] Request started: GET /health request_id=c6d10e0a-2c24-45bc-9d51-c7dbe1e363be client=testclient
2026-01-21 10:51:36 [INFO] Request started: GET /health request_id=dc029de3-ce44-4938-bd1a-a04ab32653e4 client=testclient
2026-01-21 10:51:36 [INFO] Request started: GET /health request_id=149336a5-9a39-4a1d-a552-7767b488c151 client=testclient
2026-01-21 10:51:36 [INFO] Request started: GET /health request_id=a257102e-1f27-4cb7-8c6a-b06e1e9a193d client=testclient
2026-01-21 10:51:36 [INFO] Request completed: GET /health status=200 duration=2.57ms request_id=9211bd49-b7d6-4b64-a524-4f8365542cb7
2026-01-21 10:51:36 [INFO] Request completed: GET /health status=200 duration=2.40ms request_id=c6d10e0a-2c24-45bc-9d51-c7dbe1e363be
2026-01-21 10:51:36 [INFO] Request started: GET /health request_id=6c10ac44-3c3a-405e-a640-d3e2f320ee14 client=testclient
2026-01-21 10:51:36 [INFO] Request started: GET /health request_id=14f488ab-e86e-4283-9c72-5e1d73a9c9c5 client=testclient
2026-01-21 10:51:36 [INFO] Request completed: GET /health status=200 duration=2.48ms request_id=dc029de3-ce44-4938-bd1a-a04ab32653e4
2026-01-21 10:51:36 [INFO] Request started: GET /health request_id=2d3b32fc-7277-4ae8-98d8-3afb825757dd client=testclient
2026-01-21 10:51:36 [INFO] Request completed: GET /health status=200 duration=2.33ms request_id=a257102e-1f27-4cb7-8c6a-b06e1e9a193d
2026-01-21 10:51:36 [INFO] Request started: GET /health request_id=edaf7ccc-3fed-42a9-9a14-49375d4fedc5 client=testclient
2026-01-21 10:51:36 [INFO] Request completed: GET /health status=200 duration=3.29ms request_id=149336a5-9a39-4a1d-a552-7767b488c151
2026-01-21 10:51:36 [INFO] Request started: GET /health request_id=8b30043f-888f-4801-bbd5-959a92f8b5b2 client=testclient
2026-01-21 10:51:36 [INFO] Request completed: GET /health status=200 duration=2.93ms request_id=6c10ac44-3c3a-405e-a640-d3e2f320ee14
2026-01-21 10:51:36 [INFO] Request completed: GET /health status=200 duration=5.23ms request_id=14f488ab-e86e-4283-9c72-5e1d73a9c9c5
2026-01-21 10:51:36 [INFO] Request completed: GET /health status=200 duration=4.88ms request_id=2d3b32fc-7277-4ae8-98d8-3afb825757dd
2026-01-21 10:51:36 [INFO] Request completed: GET /health status=200 duration=6.11ms request_id=edaf7ccc-3fed-42a9-9a14-49375d4fedc5
2026-01-21 10:51:36 [INFO] Request completed: GET /health status=200 duration=6.38ms request_id=8b30043f-888f-4801-bbd5-959a92f8b5b2
2026-01-21 10:51:36 [INFO] HTTP Request: GET http://testserver/health "HTTP/1.1 200 OK"
2026-01-21 10:51:36 [INFO] HTTP Request: GET http://testserver/health "HTTP/1.1 200 OK"
2026-01-21 10:51:36 [INFO] HTTP Request: GET http://testserver/health "HTTP/1.1 200 OK"
2026-01-21 10:51:36 [INFO] HTTP Request: GET http://testserver/health "HTTP/1.1 200 OK"
2026-01-21 10:51:36 [INFO] HTTP Request: GET http://testserver/health "HTTP/1.1 200 OK"
2026-01-21 10:51:36 [INFO] HTTP Request: GET http://testserver/health "HTTP/1.1 200 OK"
2026-01-21 10:51:36 [INFO] HTTP Request: GET http://testserver/health "HTTP/1.1 200 OK"
2026-01-21 10:51:36 [INFO] HTTP Request: GET http://testserver/health "HTTP/1.1 200 OK"
2026-01-21 10:51:36 [INFO] HTTP Request: GET http://testserver/health "HTTP/1.1 200 OK"
2026-01-21 10:51:36 [INFO] HTTP Request: GET http://testserver/health "HTTP/1.1 200 OK"
PASSED                                                                   [ 70%]
tests/test_production.py::TestIntegration::test_chat_workflow 
-------------------------------- live log call ---------------------------------
2026-01-21 10:51:36 [INFO] Request started: GET /health request_id=fa3c91fe-9ece-4671-972e-2dbcb69c65b2 client=testclient
2026-01-21 10:51:36 [INFO] Request completed: GET /health status=200 duration=0.42ms request_id=fa3c91fe-9ece-4671-972e-2dbcb69c65b2
2026-01-21 10:51:36 [INFO] HTTP Request: GET http://testserver/health "HTTP/1.1 200 OK"
2026-01-21 10:51:36 [INFO] Request started: POST /api/chat request_id=ccd28e66-8a4e-444b-9648-df970ee4645e client=testclient
2026-01-21 10:51:36 [INFO] Request completed: POST /api/chat status=200 duration=0.94ms request_id=ccd28e66-8a4e-444b-9648-df970ee4645e
2026-01-21 10:51:36 [INFO] HTTP Request: POST http://testserver/api/chat "HTTP/1.1 200 OK"
PASSED                                                                   [ 71%]
tests/test_production.py::TestIntegration::test_multimodal_workflow 
-------------------------------- live log call ---------------------------------
2026-01-21 10:51:36 [INFO] Request started: POST /api/chat/multimodal request_id=ecf50e4d-b040-497f-b0c3-866047db9d25 client=testclient
2026-01-21 10:51:36 [INFO] Built RAG index with 29 passages.
2026-01-21 10:51:36 [INFO] Request completed: POST /api/chat/multimodal status=200 duration=3.88ms request_id=ecf50e4d-b040-497f-b0c3-866047db9d25
2026-01-21 10:51:36 [INFO] HTTP Request: POST http://testserver/api/chat/multimodal "HTTP/1.1 200 OK"
PASSED                                                                   [ 72%]
tests/test_production.py::TestMetrics::test_metrics_endpoint 
-------------------------------- live log call ---------------------------------
2026-01-21 10:51:36 [INFO] Request started: GET /metrics request_id=b0d36052-15e9-4dea-8380-d932918df973 client=testclient
2026-01-21 10:51:36 [INFO] Request completed: GET /metrics status=200 duration=3.00ms request_id=b0d36052-15e9-4dea-8380-d932918df973
2026-01-21 10:51:36 [INFO] HTTP Request: GET http://testserver/metrics "HTTP/1.1 200 OK"
PASSED                                                                   [ 73%]
tests/test_production.py::TestConfiguration::test_settings_load PASSED   [ 74%]
tests/test_production.py::TestConfiguration::test_settings_cached PASSED [ 75%]
tests/test_production.py::TestMiddleware::test_exception_handling 
-------------------------------- live log call ---------------------------------
2026-01-21 10:51:36 [INFO] Request started: POST /api/fraud request_id=2c881ccf-75a7-4e80-b689-fba69fede5eb client=testclient
2026-01-21 10:51:36 [INFO] Request completed: POST /api/fraud status=422 duration=0.87ms request_id=2c881ccf-75a7-4e80-b689-fba69fede5eb
2026-01-21 10:51:36 [INFO] HTTP Request: POST http://testserver/api/fraud "HTTP/1.1 422 Unprocessable Entity"
PASSED                                                                   [ 76%]
tests/test_rag.py::test_rag_ingest_and_chat 
-------------------------------- live log call ---------------------------------
2026-01-21 10:51:36 [INFO] Request started: POST /api/rag/ingest request_id=93f339d3-33ed-49c5-9521-2fbe23ca5e67 client=testclient
2026-01-21 10:51:36 [INFO] Auto-selected chunking strategy: ChunkingStrategy.SENTENCE
2026-01-21 10:51:36 [INFO] Auto-selected chunking strategy: ChunkingStrategy.SENTENCE
2026-01-21 10:51:36 [INFO] Auto-selected chunking strategy: ChunkingStrategy.SENTENCE
2026-01-21 10:51:36 [INFO] Request completed: POST /api/rag/ingest status=200 duration=10.00ms request_id=93f339d3-33ed-49c5-9521-2fbe23ca5e67
2026-01-21 10:51:36 [INFO] HTTP Request: POST http://testserver/api/rag/ingest "HTTP/1.1 200 OK"
2026-01-21 10:51:36 [INFO] Request started: POST /api/chat request_id=00b1828a-2155-411d-a111-8e6ed5a539e1 client=testclient
2026-01-21 10:51:36 [INFO] Request completed: POST /api/chat status=200 duration=1.35ms request_id=00b1828a-2155-411d-a111-8e6ed5a539e1
2026-01-21 10:51:36 [INFO] HTTP Request: POST http://testserver/api/chat "HTTP/1.1 200 OK"
PASSED                                                                   [ 78%]
tests/test_recommender.py::test_recommender_endpoints 
-------------------------------- live log call ---------------------------------
2026-01-21 10:51:36 [INFO] Request started: POST /api/recommend request_id=6bffba7f-2639-4ae5-865d-66c76a469409 client=testclient
2026-01-21 10:51:36 [INFO] Request completed: POST /api/recommend status=200 duration=287.45ms request_id=6bffba7f-2639-4ae5-865d-66c76a469409
2026-01-21 10:51:36 [INFO] HTTP Request: POST http://testserver/api/recommend "HTTP/1.1 200 OK"
2026-01-21 10:51:36 [INFO] Request started: POST /api/recommend/explain request_id=003f4d1c-43bc-4c83-ba01-7fd3bed6649d client=testclient
2026-01-21 10:51:36 [INFO] Request completed: POST /api/recommend/explain status=200 duration=2.52ms request_id=003f4d1c-43bc-4c83-ba01-7fd3bed6649d
2026-01-21 10:51:36 [INFO] HTTP Request: POST http://testserver/api/recommend/explain "HTTP/1.1 200 OK"
PASSED                                                                   [ 79%]
tests/test_recommender_multimodal_api.py::test_recommender_multimodal_endpoint_returns_503_when_index_missing 
-------------------------------- live log call ---------------------------------
2026-01-21 10:51:36 [INFO] Request started: POST /api/recommend/multimodal request_id=42ff1a19-2a8b-49a5-8208-4a6caf196b25 client=testclient
2026-01-21 10:51:36 [INFO] Request completed: POST /api/recommend/multimodal status=503 duration=0.83ms request_id=42ff1a19-2a8b-49a5-8208-4a6caf196b25
2026-01-21 10:51:36 [INFO] HTTP Request: POST http://testserver/api/recommend/multimodal "HTTP/1.1 503 Service Unavailable"
PASSED                                                                   [ 80%]
tests/test_recommender_multimodal_api.py::test_recommender_multimodal_endpoint_accepts_text 
-------------------------------- live log call ---------------------------------
2026-01-21 10:51:36 [INFO] Request started: POST /api/recommend/multimodal request_id=6f59a60e-c5d4-4fa4-b548-7aa24e22eb47 client=testclient
2026-01-21 10:51:36 [INFO] Request completed: POST /api/recommend/multimodal status=200 duration=0.88ms request_id=6f59a60e-c5d4-4fa4-b548-7aa24e22eb47
2026-01-21 10:51:36 [INFO] HTTP Request: POST http://testserver/api/recommend/multimodal "HTTP/1.1 200 OK"
PASSED                                                                   [ 81%]
tests/test_recommender_multimodal_api.py::test_recommender_multimodal_endpoint_accepts_text_and_image 
-------------------------------- live log call ---------------------------------
2026-01-21 10:51:36 [INFO] Request started: POST /api/recommend/multimodal request_id=522572de-2dd2-4a9f-b792-cab14a37bf9b client=testclient
2026-01-21 10:51:36 [INFO] Request completed: POST /api/recommend/multimodal status=200 duration=1.17ms request_id=522572de-2dd2-4a9f-b792-cab14a37bf9b
2026-01-21 10:51:36 [INFO] HTTP Request: POST http://testserver/api/recommend/multimodal "HTTP/1.1 200 OK"
PASSED                                                                   [ 82%]
tests/test_recommender_multimodal_catalog.py::test_unified_catalog_loads_multiple_domains PASSED [ 83%]
tests/test_recommender_multimodal_import.py::test_multimodal_recommender_import_is_lightweight PASSED [ 84%]
tests/test_risk_api.py::test_risk_analyze_endpoint_happy_path 
-------------------------------- live log call ---------------------------------
2026-01-21 10:51:36 [INFO] Request started: POST /api/risk/analyze request_id=ce5c677b-fd58-427c-bd85-f8c98ea4b16f client=testclient
2026-01-21 10:51:36 [INFO] Request completed: POST /api/risk/analyze status=200 duration=22.25ms request_id=ce5c677b-fd58-427c-bd85-f8c98ea4b16f
2026-01-21 10:51:36 [INFO] HTTP Request: POST http://testserver/api/risk/analyze "HTTP/1.1 200 OK"
PASSED                                                                   [ 85%]
tests/test_vision_resnet.py::test_resnet_forward_smoke PASSED            [ 86%]
tests/test_voice_emotion.py::test_voice_emotion_endpoint 
-------------------------------- live log call ---------------------------------
2026-01-21 10:51:36 [INFO] Request started: POST /api/voice/emotion request_id=dc05c908-210a-4537-b0b8-8aded6403e42 client=testclient
2026-01-21 10:51:36 [INFO] Request completed: POST /api/voice/emotion status=200 duration=8.84ms request_id=dc05c908-210a-4537-b0b8-8aded6403e42
2026-01-21 10:51:36 [INFO] HTTP Request: POST http://testserver/api/voice/emotion "HTTP/1.1 200 OK"
PASSED                                                                   [ 87%]
tests/test_voice_noise.py::TestNoiseGenerator::test_white_noise_shape PASSED [ 89%]
tests/test_voice_noise.py::TestNoiseGenerator::test_pink_noise_generation PASSED [ 90%]
tests/test_voice_noise.py::TestNoiseGenerator::test_babble_noise_generation PASSED [ 91%]
tests/test_voice_noise.py::TestNoiseGenerator::test_add_noise_at_snr PASSED [ 92%]
tests/test_voice_noise.py::TestMockVoiceModel::test_prediction_output PASSED [ 93%]
tests/test_voice_noise.py::TestMockVoiceModel::test_noise_affects_accuracy PASSED [ 94%]
tests/test_voice_noise.py::TestVoiceRobustnessTester::test_run_test_returns_results PASSED [ 95%]
tests/test_voice_noise.py::TestVoiceRobustnessTester::test_result_fields PASSED [ 96%]
tests/test_voice_noise.py::TestVoiceRobustnessTester::test_accuracy_degrades_with_noise PASSED [ 97%]
tests/test_voice_noise.py::TestVoiceRobustnessTester::test_generate_report PASSED [ 98%]
tests/test_voice_noise.py::TestRobustnessResult::test_to_dict PASSED     [100%]

=============================== warnings summary ===============================
../../../../../opt/anaconda3/lib/python3.13/site-packages/_pytest/config/__init__.py:1441
  /opt/anaconda3/lib/python3.13/site-packages/_pytest/config/__init__.py:1441: PytestConfigWarning: Unknown config option: asyncio_mode
  
    self._warn_or_fail_if_strict(f"Unknown config option: {key}\n")

../../../../../opt/anaconda3/lib/python3.13/site-packages/_pytest/config/__init__.py:1441
  /opt/anaconda3/lib/python3.13/site-packages/_pytest/config/__init__.py:1441: PytestConfigWarning: Unknown config option: timeout
  
    self._warn_or_fail_if_strict(f"Unknown config option: {key}\n")

tests/test_behavior_logs_api.py::test_behavior_logs_endpoint_accepts_csv
tests/test_behavior_logs_api.py::test_behavior_logs_endpoint_accepts_csv
tests/test_production.py::TestBehaviorAPI::test_behavior_scoring
tests/test_risk_api.py::test_risk_analyze_endpoint_happy_path
  /opt/anaconda3/lib/python3.13/site-packages/sklearn/base.py:493: UserWarning: X does not have valid feature names, but StandardScaler was fitted with feature names
    warnings.warn(

tests/test_production.py::TestCyberAPI::test_cyber_scoring
tests/test_risk_api.py::test_risk_analyze_endpoint_happy_path
  /opt/anaconda3/lib/python3.13/site-packages/sklearn/base.py:493: UserWarning: X does not have valid feature names, but HistGradientBoostingClassifier was fitted with feature names
    warnings.warn(

tests/test_production.py::TestRecommendAPI::test_recommend_movies
  /opt/anaconda3/lib/python3.13/site-packages/sklearn/base.py:376: InconsistentVersionWarning: Trying to unpickle estimator DummyClassifier from version 1.7.2 when using version 1.5.2. This might lead to breaking code or invalid results. Use at your own risk. For more info please refer to:
  https://scikit-learn.org/stable/model_persistence.html#security-maintainability-limitations
    warnings.warn(

tests/test_production.py::TestRecommendAPI::test_recommend_movies
  /opt/anaconda3/lib/python3.13/site-packages/sklearn/base.py:376: InconsistentVersionWarning: Trying to unpickle estimator DecisionTreeRegressor from version 1.7.2 when using version 1.5.2. This might lead to breaking code or invalid results. Use at your own risk. For more info please refer to:
  https://scikit-learn.org/stable/model_persistence.html#security-maintainability-limitations
    warnings.warn(

tests/test_production.py::TestRecommendAPI::test_recommend_movies
  /opt/anaconda3/lib/python3.13/site-packages/sklearn/base.py:376: InconsistentVersionWarning: Trying to unpickle estimator GradientBoostingClassifier from version 1.7.2 when using version 1.5.2. This might lead to breaking code or invalid results. Use at your own risk. For more info please refer to:
  https://scikit-learn.org/stable/model_persistence.html#security-maintainability-limitations
    warnings.warn(

-- Docs: https://docs.pytest.org/en/stable/how-to/capture-warnings.html
=========================== short test summary info ============================
SKIPPED [1] tests/test_multi_sequence_30_tf.py:8: Set RUN_TF_TESTS=1 to execute TensorFlow tests
SKIPPED [1] tests/test_nlp_tiny.py:6: could not import 'transformers': No module named 'transformers'
================= 90 passed, 2 skipped, 11 warnings in 10.82s ==================
