============================= test session starts ==============================
platform darwin -- Python 3.13.5, pytest-8.3.4, pluggy-1.6.0
rootdir: /Users/pratik_n/Desktop/MyComputer/universal-anomaly-intelligence-v2
configfile: pytest.ini
testpaths: tests
plugins: anyio-4.7.0, hydra-core-1.3.2

----------------------------- live log collection ------------------------------
2026-01-21 11:02:46 [INFO] NumExpr defaulting to 10 threads.
2026-01-21 11:02:47 [INFO] Production middleware configured successfully
collected 91 items / 1 skipped

tests/e2e/test_rag_dsa.py::test_dsa_doc_rag_roundtrip PASSED             [  1%]
tests/e2e/test_smoke.py::test_health PASSED                              [  2%]
tests/e2e/test_smoke.py::test_chat PASSED                                [  3%]
tests/test_api_payloads.py::test_fusion_keys_sorted_for_payload PASSED   [  4%]
tests/test_api_v1_contract.py::test_api_v1_contract_in_openapi PASSED    [  5%]
tests/test_auth_password.py::test_password_hash_roundtrip 
-------------------------------- live log call ---------------------------------
2026-01-21 11:02:48 [WARNING] (trapped) error reading bcrypt version
Traceback (most recent call last):
  File "/opt/anaconda3/lib/python3.13/site-packages/passlib/handlers/bcrypt.py", line 620, in _load_backend_mixin
    version = _bcrypt.__about__.__version__
              ^^^^^^^^^^^^^^^^^
AttributeError: module 'bcrypt' has no attribute '__about__'
PASSED                                                                   [  6%]
tests/test_behavior_logs_api.py::test_behavior_logs_endpoint_accepts_csv 
-------------------------------- live log call ---------------------------------
2026-01-21 11:02:48 [INFO] Request started: POST /api/behavior/logs request_id=ced7dbc5-2d5f-4ca8-b5b9-92bc0a7b21a6 client=testclient
2026-01-21 11:02:48 [INFO] Request completed: POST /api/behavior/logs status=200 duration=70.74ms request_id=ced7dbc5-2d5f-4ca8-b5b9-92bc0a7b21a6
2026-01-21 11:02:48 [INFO] HTTP Request: POST http://testserver/api/behavior/logs?max_rows=1000&top_n=5 "HTTP/1.1 200 OK"
PASSED                                                                   [  7%]
tests/test_brand_routes_import.py::test_brand_route_import_does_not_require_weights PASSED [  8%]
tests/test_build_30seq_dataset.py::test_build_sequences_writes_files PASSED [  9%]
tests/test_build_recommender_index_script.py::test_build_recommender_index_script_runs PASSED [ 10%]
tests/test_chat.py::test_chat_route 
-------------------------------- live log call ---------------------------------
2026-01-21 11:02:49 [INFO] Request started: POST /api/chat request_id=b1108123-5cd0-4995-ade2-9bd5e0cb7cac client=testclient
2026-01-21 11:02:49 [INFO] Request completed: POST /api/chat status=200 duration=163.16ms request_id=b1108123-5cd0-4995-ade2-9bd5e0cb7cac
2026-01-21 11:02:49 [INFO] HTTP Request: POST http://testserver/api/chat "HTTP/1.1 200 OK"
PASSED                                                                   [ 12%]
tests/test_chat_multimodal_stt.py::test_chat_multimodal_transcribe_flag_does_not_break 
-------------------------------- live log call ---------------------------------
2026-01-21 11:02:49 [INFO] Request started: POST /api/chat/multimodal request_id=145a6dbc-3937-40c0-a1e2-6d27c3bf6f08 client=testclient
2026-01-21 11:02:50 [INFO] Request completed: POST /api/chat/multimodal status=200 duration=608.70ms request_id=145a6dbc-3937-40c0-a1e2-6d27c3bf6f08
2026-01-21 11:02:50 [INFO] HTTP Request: POST http://testserver/api/chat/multimodal "HTTP/1.1 200 OK"
PASSED                                                                   [ 13%]
tests/test_clothes_catalog.py::test_recommend_clothes_includes_brand_and_title PASSED [ 14%]
tests/test_clothes_catalog.py::test_recommend_clothes_works_without_preferred_tags PASSED [ 15%]
tests/test_decision_engine.py::test_make_decision_blocks_on_high_fraud PASSED [ 16%]
tests/test_decision_engine.py::test_make_decision_step_up_on_combined_risk PASSED [ 17%]
tests/test_decision_engine.py::test_make_decision_allows_low_risk PASSED [ 18%]
tests/test_dsa_algorithms_api.py::test_dsa_lca_api 
-------------------------------- live log call ---------------------------------
2026-01-21 11:02:50 [INFO] Request started: POST /api/dsa/algorithms/lca request_id=37b3d6e5-c834-4dcb-a966-c0e00a57d0c8 client=testclient
2026-01-21 11:02:50 [INFO] Request completed: POST /api/dsa/algorithms/lca status=200 duration=1.30ms request_id=37b3d6e5-c834-4dcb-a966-c0e00a57d0c8
2026-01-21 11:02:50 [INFO] HTTP Request: POST http://testserver/api/dsa/algorithms/lca "HTTP/1.1 200 OK"
PASSED                                                                   [ 19%]
tests/test_dsa_algorithms_api.py::test_dsa_segment_tree_api 
-------------------------------- live log call ---------------------------------
2026-01-21 11:02:50 [INFO] Request started: POST /api/dsa/algorithms/segment-tree request_id=94532778-0402-4fd7-b5fe-1f4346e1eef2 client=testclient
2026-01-21 11:02:50 [INFO] Request completed: POST /api/dsa/algorithms/segment-tree status=200 duration=1.26ms request_id=94532778-0402-4fd7-b5fe-1f4346e1eef2
2026-01-21 11:02:50 [INFO] HTTP Request: POST http://testserver/api/dsa/algorithms/segment-tree "HTTP/1.1 200 OK"
PASSED                                                                   [ 20%]
tests/test_dsa_algorithms_api.py::test_dsa_min_cost_max_flow_api 
-------------------------------- live log call ---------------------------------
2026-01-21 11:02:50 [INFO] Request started: POST /api/dsa/algorithms/min-cost-max-flow request_id=3a8469e8-ec03-4ea4-a72e-9cb53287bde5 client=testclient
2026-01-21 11:02:50 [INFO] Request completed: POST /api/dsa/algorithms/min-cost-max-flow status=200 duration=1.11ms request_id=3a8469e8-ec03-4ea4-a72e-9cb53287bde5
2026-01-21 11:02:50 [INFO] HTTP Request: POST http://testserver/api/dsa/algorithms/min-cost-max-flow "HTTP/1.1 200 OK"
PASSED                                                                   [ 21%]
tests/test_dsa_algorithms_api.py::test_dsa_graph_algorithms_api 
-------------------------------- live log call ---------------------------------
2026-01-21 11:02:50 [INFO] Request started: POST /api/dsa/algorithms/bfs request_id=58693236-5126-4676-9351-74cae06340a5 client=testclient
2026-01-21 11:02:50 [INFO] Request completed: POST /api/dsa/algorithms/bfs status=200 duration=1.49ms request_id=58693236-5126-4676-9351-74cae06340a5
2026-01-21 11:02:50 [INFO] HTTP Request: POST http://testserver/api/dsa/algorithms/bfs "HTTP/1.1 200 OK"
2026-01-21 11:02:50 [INFO] Request started: POST /api/dsa/algorithms/dfs request_id=996669f4-534e-4b42-8172-9eae8a544e39 client=testclient
2026-01-21 11:02:50 [INFO] Request completed: POST /api/dsa/algorithms/dfs status=200 duration=0.97ms request_id=996669f4-534e-4b42-8172-9eae8a544e39
2026-01-21 11:02:50 [INFO] HTTP Request: POST http://testserver/api/dsa/algorithms/dfs "HTTP/1.1 200 OK"
2026-01-21 11:02:50 [INFO] Request started: POST /api/dsa/algorithms/shortest-paths request_id=9c2ad7b4-5052-45e6-b11b-85da8fd4a604 client=testclient
2026-01-21 11:02:50 [INFO] Request completed: POST /api/dsa/algorithms/shortest-paths status=200 duration=1.11ms request_id=9c2ad7b4-5052-45e6-b11b-85da8fd4a604
2026-01-21 11:02:50 [INFO] HTTP Request: POST http://testserver/api/dsa/algorithms/shortest-paths "HTTP/1.1 200 OK"
2026-01-21 11:02:50 [INFO] Request started: POST /api/dsa/algorithms/mst request_id=465ab24b-67bf-4119-a657-a02da17b701f client=testclient
2026-01-21 11:02:50 [INFO] Request completed: POST /api/dsa/algorithms/mst status=200 duration=1.00ms request_id=465ab24b-67bf-4119-a657-a02da17b701f
2026-01-21 11:02:50 [INFO] HTTP Request: POST http://testserver/api/dsa/algorithms/mst "HTTP/1.1 200 OK"
2026-01-21 11:02:50 [INFO] Request started: POST /api/dsa/algorithms/scc request_id=5aabc338-2e80-4208-b085-0cad8e753497 client=testclient
2026-01-21 11:02:50 [INFO] Request completed: POST /api/dsa/algorithms/scc status=200 duration=1.22ms request_id=5aabc338-2e80-4208-b085-0cad8e753497
2026-01-21 11:02:50 [INFO] HTTP Request: POST http://testserver/api/dsa/algorithms/scc "HTTP/1.1 200 OK"
PASSED                                                                   [ 23%]
tests/test_dsa_algorithms_api.py::test_dsa_segment_tree_min_api 
-------------------------------- live log call ---------------------------------
2026-01-21 11:02:50 [INFO] Request started: POST /api/dsa/algorithms/segment-tree-min request_id=d2b5f3fb-152f-446d-bc7f-bf0eeb5fe16a client=testclient
2026-01-21 11:02:50 [INFO] Request completed: POST /api/dsa/algorithms/segment-tree-min status=200 duration=0.97ms request_id=d2b5f3fb-152f-446d-bc7f-bf0eeb5fe16a
2026-01-21 11:02:50 [INFO] HTTP Request: POST http://testserver/api/dsa/algorithms/segment-tree-min "HTTP/1.1 200 OK"
PASSED                                                                   [ 24%]
tests/test_dsa_algorithms_api.py::test_dsa_shortest_path_variants_api 
-------------------------------- live log call ---------------------------------
2026-01-21 11:02:50 [INFO] Request started: POST /api/dsa/algorithms/shortest-paths/bellman-ford request_id=f3f5b388-59b8-4033-9689-18df8a8ee82e client=testclient
2026-01-21 11:02:50 [INFO] Request completed: POST /api/dsa/algorithms/shortest-paths/bellman-ford status=200 duration=1.08ms request_id=f3f5b388-59b8-4033-9689-18df8a8ee82e
2026-01-21 11:02:50 [INFO] HTTP Request: POST http://testserver/api/dsa/algorithms/shortest-paths/bellman-ford "HTTP/1.1 200 OK"
2026-01-21 11:02:50 [INFO] Request started: POST /api/dsa/algorithms/shortest-paths/floyd-warshall request_id=60a09d70-4965-4d3d-96ac-59edf4c55bcd client=testclient
2026-01-21 11:02:50 [INFO] Request completed: POST /api/dsa/algorithms/shortest-paths/floyd-warshall status=200 duration=1.19ms request_id=60a09d70-4965-4d3d-96ac-59edf4c55bcd
2026-01-21 11:02:50 [INFO] HTTP Request: POST http://testserver/api/dsa/algorithms/shortest-paths/floyd-warshall "HTTP/1.1 200 OK"
2026-01-21 11:02:50 [INFO] Request started: POST /api/dsa/algorithms/shortest-paths/zero-one-bfs request_id=93246aec-bfc2-443c-9210-4a93e3bca7e6 client=testclient
2026-01-21 11:02:50 [INFO] Request completed: POST /api/dsa/algorithms/shortest-paths/zero-one-bfs status=200 duration=1.21ms request_id=93246aec-bfc2-443c-9210-4a93e3bca7e6
2026-01-21 11:02:50 [INFO] HTTP Request: POST http://testserver/api/dsa/algorithms/shortest-paths/zero-one-bfs "HTTP/1.1 200 OK"
PASSED                                                                   [ 25%]
tests/test_dsa_algorithms_api.py::test_dsa_trie_api 
-------------------------------- live log call ---------------------------------
2026-01-21 11:02:50 [INFO] Request started: POST /api/dsa/algorithms/trie request_id=1b02a412-5e04-4726-bfc2-14f20e0e1045 client=testclient
2026-01-21 11:02:50 [INFO] Request completed: POST /api/dsa/algorithms/trie status=200 duration=5.86ms request_id=1b02a412-5e04-4726-bfc2-14f20e0e1045
2026-01-21 11:02:50 [INFO] HTTP Request: POST http://testserver/api/dsa/algorithms/trie "HTTP/1.1 200 OK"
PASSED                                                                   [ 26%]
tests/test_dsa_algorithms_api.py::test_dsa_dp_api 
-------------------------------- live log call ---------------------------------
2026-01-21 11:02:50 [INFO] Request started: POST /api/dsa/algorithms/dp request_id=b26ff52f-c8a9-4dd1-8755-7f0bc2fd9a15 client=testclient
2026-01-21 11:02:50 [INFO] Request completed: POST /api/dsa/algorithms/dp status=200 duration=3.72ms request_id=b26ff52f-c8a9-4dd1-8755-7f0bc2fd9a15
2026-01-21 11:02:50 [INFO] HTTP Request: POST http://testserver/api/dsa/algorithms/dp "HTTP/1.1 200 OK"
2026-01-21 11:02:50 [INFO] Request started: POST /api/dsa/algorithms/dp request_id=102a5520-f7d9-46d2-a551-397fdd9bf54e client=testclient
2026-01-21 11:02:50 [INFO] Request completed: POST /api/dsa/algorithms/dp status=200 duration=3.22ms request_id=102a5520-f7d9-46d2-a551-397fdd9bf54e
2026-01-21 11:02:50 [INFO] HTTP Request: POST http://testserver/api/dsa/algorithms/dp "HTTP/1.1 200 OK"
2026-01-21 11:02:50 [INFO] Request started: POST /api/dsa/algorithms/dp request_id=e5add933-ac20-45a1-b5dc-ed322ad53e42 client=testclient
2026-01-21 11:02:50 [INFO] Request completed: POST /api/dsa/algorithms/dp status=200 duration=4.65ms request_id=e5add933-ac20-45a1-b5dc-ed322ad53e42
2026-01-21 11:02:50 [INFO] HTTP Request: POST http://testserver/api/dsa/algorithms/dp "HTTP/1.1 200 OK"
PASSED                                                                   [ 27%]
tests/test_face_emotion_endpoint.py::test_face_emotion_predict_no_file 
-------------------------------- live log call ---------------------------------
2026-01-21 11:02:50 [INFO] Request started: POST /api/vision/face_emotion/predict request_id=fe931443-7d72-4064-8292-0bc8f01e63f4 client=testclient
2026-01-21 11:02:50 [INFO] Request completed: POST /api/vision/face_emotion/predict status=422 duration=1.63ms request_id=fe931443-7d72-4064-8292-0bc8f01e63f4
2026-01-21 11:02:50 [INFO] HTTP Request: POST http://testserver/api/vision/face_emotion/predict "HTTP/1.1 422 Unprocessable Entity"
PASSED                                                                   [ 28%]
tests/test_face_emotion_endpoint.py::test_face_emotion_predict_invalid_file 
-------------------------------- live log call ---------------------------------
2026-01-21 11:02:50 [INFO] Request started: POST /api/vision/face_emotion/predict request_id=403fca0e-7afc-42ee-85ad-cffa3519c2b6 client=testclient
2026-01-21 11:02:50 [INFO] Request completed: POST /api/vision/face_emotion/predict status=400 duration=1.76ms request_id=403fca0e-7afc-42ee-85ad-cffa3519c2b6
2026-01-21 11:02:50 [INFO] HTTP Request: POST http://testserver/api/vision/face_emotion/predict "HTTP/1.1 400 Bad Request"
PASSED                                                                   [ 29%]
tests/test_fusion_run.py::test_generate_meta_features_and_train PASSED   [ 30%]
tests/test_health.py::test_health_endpoint 
-------------------------------- live log call ---------------------------------
2026-01-21 11:02:50 [INFO] Request started: GET /health request_id=5a4f3ee9-e6bf-4dd2-a9cf-46e824cc8a5d client=testclient
2026-01-21 11:02:50 [INFO] Request completed: GET /health status=200 duration=0.60ms request_id=5a4f3ee9-e6bf-4dd2-a9cf-46e824cc8a5d
2026-01-21 11:02:50 [INFO] HTTP Request: GET http://testserver/health "HTTP/1.1 200 OK"
PASSED                                                                   [ 31%]
tests/test_health_endpoint.py::test_api_health_contract 
-------------------------------- live log call ---------------------------------
2026-01-21 11:02:50 [INFO] Request started: GET /api/health request_id=cf6d87aa-db9e-4eff-a1e2-fe8c3614ba98 client=testclient
2026-01-21 11:02:50 [INFO] Request completed: GET /api/health status=200 duration=1.33ms request_id=cf6d87aa-db9e-4eff-a1e2-fe8c3614ba98
2026-01-21 11:02:50 [INFO] HTTP Request: GET http://testserver/api/health "HTTP/1.1 200 OK"
PASSED                                                                   [ 32%]
tests/test_monitoring.py::test_monitor_workflow 
-------------------------------- live log call ---------------------------------
2026-01-21 11:02:50 [INFO] Request started: POST /api/monitor/log request_id=8af2e7ae-f2a9-41eb-bbda-416956c5179c client=testclient
2026-01-21 11:02:50 [INFO] Request completed: POST /api/monitor/log status=200 duration=1.00ms request_id=8af2e7ae-f2a9-41eb-bbda-416956c5179c
2026-01-21 11:02:50 [INFO] HTTP Request: POST http://testserver/api/monitor/log "HTTP/1.1 200 OK"
2026-01-21 11:02:50 [INFO] Request started: GET /api/monitor/summary request_id=993761e9-abdc-43e4-934f-bb581e5ee2eb client=testclient
2026-01-21 11:02:50 [INFO] Request completed: GET /api/monitor/summary status=200 duration=1.36ms request_id=993761e9-abdc-43e4-934f-bb581e5ee2eb
2026-01-21 11:02:50 [INFO] HTTP Request: GET http://testserver/api/monitor/summary?window_n=10 "HTTP/1.1 200 OK"
2026-01-21 11:02:50 [INFO] Request started: POST /api/monitor/baseline/build request_id=3d8ee508-50f9-4236-b141-16d09ddbfe15 client=testclient
2026-01-21 11:02:50 [INFO] Request completed: POST /api/monitor/baseline/build status=200 duration=0.86ms request_id=3d8ee508-50f9-4236-b141-16d09ddbfe15
2026-01-21 11:02:50 [INFO] HTTP Request: POST http://testserver/api/monitor/baseline/build "HTTP/1.1 200 OK"
2026-01-21 11:02:50 [INFO] Request started: GET /api/monitor/drift request_id=1d6513c5-f7db-4d0b-be14-1b562bbf6478 client=testclient
2026-01-21 11:02:50 [INFO] Request completed: GET /api/monitor/drift status=200 duration=0.78ms request_id=1d6513c5-f7db-4d0b-be14-1b562bbf6478
2026-01-21 11:02:50 [INFO] HTTP Request: GET http://testserver/api/monitor/drift?window_n=10 "HTTP/1.1 200 OK"
PASSED                                                                   [ 34%]
tests/test_multi_sequence_30_torch.py::test_forward_pass_small_shape PASSED [ 35%]
tests/test_nlp_tiny.py::test_distilbert_forward_smoke SKIPPED (could...) [ 36%]
tests/test_paths.py::test_paths_exist PASSED                             [ 37%]
tests/test_production.py::TestHealthEndpoints::test_health_check 
-------------------------------- live log call ---------------------------------
2026-01-21 11:02:50 [INFO] Request started: GET /health request_id=0a977357-9cd1-4e4c-9502-58867f83fc45 client=testclient
2026-01-21 11:02:50 [INFO] Request completed: GET /health status=200 duration=0.53ms request_id=0a977357-9cd1-4e4c-9502-58867f83fc45
2026-01-21 11:02:50 [INFO] HTTP Request: GET http://testserver/health "HTTP/1.1 200 OK"
PASSED                                                                   [ 38%]
tests/test_production.py::TestHealthEndpoints::test_liveness_check 
-------------------------------- live log call ---------------------------------
2026-01-21 11:02:50 [INFO] Request started: GET /health/live request_id=0348e1f0-e5a1-41b0-b074-358d4d325fbd client=testclient
2026-01-21 11:02:50 [INFO] Request completed: GET /health/live status=200 duration=0.41ms request_id=0348e1f0-e5a1-41b0-b074-358d4d325fbd
2026-01-21 11:02:50 [INFO] HTTP Request: GET http://testserver/health/live "HTTP/1.1 200 OK"
PASSED                                                                   [ 39%]
tests/test_production.py::TestHealthEndpoints::test_readiness_check 
-------------------------------- live log call ---------------------------------
2026-01-21 11:02:50 [INFO] Request started: GET /health/ready request_id=6e9f4731-24f6-42cc-b585-f92c09310a1d client=testclient
2026-01-21 11:02:50 [INFO] Request completed: GET /health/ready status=200 duration=1.59ms request_id=6e9f4731-24f6-42cc-b585-f92c09310a1d
2026-01-21 11:02:50 [INFO] HTTP Request: GET http://testserver/health/ready "HTTP/1.1 200 OK"
PASSED                                                                   [ 40%]
tests/test_production.py::TestHealthEndpoints::test_detailed_health 
-------------------------------- live log call ---------------------------------
2026-01-21 11:02:50 [INFO] Request started: GET /health/detailed request_id=5ad786eb-a582-470d-a8c9-6be63e334b5d client=testclient
2026-01-21 11:02:50 [INFO] Request completed: GET /health/detailed status=200 duration=33.62ms request_id=5ad786eb-a582-470d-a8c9-6be63e334b5d
2026-01-21 11:02:50 [INFO] HTTP Request: GET http://testserver/health/detailed "HTTP/1.1 200 OK"
PASSED                                                                   [ 41%]
tests/test_production.py::TestChatAPI::test_chat_endpoint 
-------------------------------- live log call ---------------------------------
2026-01-21 11:02:50 [INFO] Request started: POST /api/chat request_id=0d8ac583-b5fc-4acb-99cb-d1d55f559b10 client=testclient
2026-01-21 11:02:50 [INFO] Request completed: POST /api/chat status=200 duration=1.30ms request_id=0d8ac583-b5fc-4acb-99cb-d1d55f559b10
2026-01-21 11:02:50 [INFO] HTTP Request: POST http://testserver/api/chat "HTTP/1.1 200 OK"
PASSED                                                                   [ 42%]
tests/test_production.py::TestChatAPI::test_chat_empty_message 
-------------------------------- live log call ---------------------------------
2026-01-21 11:02:50 [INFO] Request started: POST /api/chat request_id=edc403d1-5ab5-48e4-b5e5-312e6bdac875 client=testclient
2026-01-21 11:02:50 [INFO] Request completed: POST /api/chat status=422 duration=0.96ms request_id=edc403d1-5ab5-48e4-b5e5-312e6bdac875
2026-01-21 11:02:50 [INFO] HTTP Request: POST http://testserver/api/chat "HTTP/1.1 422 Unprocessable Entity"
PASSED                                                                   [ 43%]
tests/test_production.py::TestChatAPI::test_chat_with_rag 
-------------------------------- live log call ---------------------------------
2026-01-21 11:02:50 [INFO] Request started: POST /api/chat request_id=9912fdd4-0407-4fb7-aa7a-8fdce4e5de3f client=testclient
2026-01-21 11:02:50 [WARNING] SHAP explanation failed: property 'feature_names_in_' of 'Pipeline' object has no setter
2026-01-21 11:02:50 [INFO] Request completed: POST /api/chat status=200 duration=5.42ms request_id=9912fdd4-0407-4fb7-aa7a-8fdce4e5de3f
2026-01-21 11:02:50 [INFO] HTTP Request: POST http://testserver/api/chat "HTTP/1.1 200 OK"
PASSED                                                                   [ 45%]
tests/test_production.py::TestFraudAPI::test_fraud_scoring 
-------------------------------- live log call ---------------------------------
2026-01-21 11:02:50 [INFO] Request started: POST /api/fraud request_id=b6feac6b-abec-442b-9190-10d5a5a4180a client=testclient
2026-01-21 11:02:50 [INFO] Request completed: POST /api/fraud status=200 duration=5.98ms request_id=b6feac6b-abec-442b-9190-10d5a5a4180a
2026-01-21 11:02:50 [INFO] HTTP Request: POST http://testserver/api/fraud "HTTP/1.1 200 OK"
PASSED                                                                   [ 46%]
tests/test_production.py::TestFraudAPI::test_fraud_invalid_features 
-------------------------------- live log call ---------------------------------
2026-01-21 11:02:50 [INFO] Request started: POST /api/fraud request_id=2837cb70-0def-4031-8d29-cad3513ba76b client=testclient
2026-01-21 11:02:50 [INFO] Request completed: POST /api/fraud status=422 duration=1.40ms request_id=2837cb70-0def-4031-8d29-cad3513ba76b
2026-01-21 11:02:50 [INFO] HTTP Request: POST http://testserver/api/fraud "HTTP/1.1 422 Unprocessable Entity"
PASSED                                                                   [ 47%]
tests/test_production.py::TestFraudAPI::test_fraud_empty_features 
-------------------------------- live log call ---------------------------------
2026-01-21 11:02:50 [INFO] Request started: POST /api/fraud request_id=d38b18f3-33ad-47e9-9c31-2f1c98a32e5f client=testclient
2026-01-21 11:02:50 [INFO] Request completed: POST /api/fraud status=200 duration=2.60ms request_id=d38b18f3-33ad-47e9-9c31-2f1c98a32e5f
2026-01-21 11:02:50 [INFO] HTTP Request: POST http://testserver/api/fraud "HTTP/1.1 200 OK"
PASSED                                                                   [ 48%]
tests/test_production.py::TestCyberAPI::test_cyber_scoring 
-------------------------------- live log call ---------------------------------
2026-01-21 11:02:50 [INFO] Request started: POST /api/cyber request_id=f57c2edb-a474-48eb-93df-5dfe76163797 client=testclient
2026-01-21 11:02:50 [INFO] Request completed: POST /api/cyber status=200 duration=17.72ms request_id=f57c2edb-a474-48eb-93df-5dfe76163797
2026-01-21 11:02:50 [INFO] HTTP Request: POST http://testserver/api/cyber "HTTP/1.1 200 OK"
PASSED                                                                   [ 49%]
tests/test_production.py::TestBehaviorAPI::test_behavior_scoring 
-------------------------------- live log call ---------------------------------
2026-01-21 11:02:50 [INFO] Request started: POST /api/behavior request_id=992c1723-2749-4427-9bd1-f12c651ed054 client=testclient
2026-01-21 11:02:50 [INFO] Request completed: POST /api/behavior status=200 duration=2.12ms request_id=992c1723-2749-4427-9bd1-f12c651ed054
2026-01-21 11:02:50 [INFO] HTTP Request: POST http://testserver/api/behavior "HTTP/1.1 200 OK"
PASSED                                                                   [ 50%]
tests/test_production.py::TestVisionAPI::test_vision_predict_no_file 
-------------------------------- live log call ---------------------------------
2026-01-21 11:02:50 [INFO] Request started: POST /api/vision/predict request_id=2394eb6e-3d9a-41da-9098-2df41378a9c7 client=testclient
2026-01-21 11:02:50 [INFO] Request completed: POST /api/vision/predict status=400 duration=0.69ms request_id=2394eb6e-3d9a-41da-9098-2df41378a9c7
2026-01-21 11:02:50 [INFO] HTTP Request: POST http://testserver/api/vision/predict "HTTP/1.1 400 Bad Request"
PASSED                                                                   [ 51%]
tests/test_production.py::TestVisionAPI::test_vision_predict_invalid_file 
-------------------------------- live log call ---------------------------------
2026-01-21 11:02:50 [INFO] Request started: POST /api/vision/predict request_id=547d18c3-7abe-4b81-88d8-fe1f3e614eb3 client=testclient
2026-01-21 11:02:50 [INFO] Request completed: POST /api/vision/predict status=400 duration=1.16ms request_id=547d18c3-7abe-4b81-88d8-fe1f3e614eb3
2026-01-21 11:02:50 [INFO] HTTP Request: POST http://testserver/api/vision/predict "HTTP/1.1 400 Bad Request"
PASSED                                                                   [ 52%]
tests/test_production.py::TestRecommendAPI::test_recommend_movies 
-------------------------------- live log call ---------------------------------
2026-01-21 11:02:50 [INFO] Request started: POST /api/recommend request_id=1b71281d-ced2-49f8-a684-7a3d5a0b5083 client=testclient
2026-01-21 11:02:52 [INFO] Request completed: POST /api/recommend status=200 duration=2447.94ms request_id=1b71281d-ced2-49f8-a684-7a3d5a0b5083
2026-01-21 11:02:52 [INFO] HTTP Request: POST http://testserver/api/recommend "HTTP/1.1 200 OK"
PASSED                                                                   [ 53%]
tests/test_production.py::TestRecommendAPI::test_recommend_products 
-------------------------------- live log call ---------------------------------
2026-01-21 11:02:52 [INFO] Request started: POST /api/recommend request_id=cadcf225-2074-4ec8-96ad-96f44f1dac77 client=testclient
2026-01-21 11:02:53 [INFO] Request completed: POST /api/recommend status=200 duration=258.77ms request_id=cadcf225-2074-4ec8-96ad-96f44f1dac77
2026-01-21 11:02:53 [INFO] HTTP Request: POST http://testserver/api/recommend "HTTP/1.1 200 OK"
PASSED                                                                   [ 54%]
tests/test_production.py::TestRAGAPI::test_rag_query 
-------------------------------- live log call ---------------------------------
2026-01-21 11:02:53 [INFO] Request started: POST /api/rag/query request_id=039f04ae-7ac3-4da3-8a76-dcc93e7174cf client=testclient
2026-01-21 11:02:53 [INFO] Request completed: POST /api/rag/query status=200 duration=2.00ms request_id=039f04ae-7ac3-4da3-8a76-dcc93e7174cf
2026-01-21 11:02:53 [INFO] HTTP Request: POST http://testserver/api/rag/query "HTTP/1.1 200 OK"
PASSED                                                                   [ 56%]
tests/test_production.py::TestRAGAPI::test_rag_upload_no_file 
-------------------------------- live log call ---------------------------------
2026-01-21 11:02:53 [INFO] Request started: POST /api/rag/upload request_id=669031ac-3dea-4f5b-933c-63fa850e22e6 client=testclient
2026-01-21 11:02:53 [INFO] Request completed: POST /api/rag/upload status=422 duration=0.66ms request_id=669031ac-3dea-4f5b-933c-63fa850e22e6
2026-01-21 11:02:53 [INFO] HTTP Request: POST http://testserver/api/rag/upload "HTTP/1.1 422 Unprocessable Entity"
PASSED                                                                   [ 57%]
tests/test_production.py::TestAuthentication::test_protected_endpoint_no_token 
-------------------------------- live log call ---------------------------------
2026-01-21 11:02:53 [INFO] Request started: GET /api/monitor/summary request_id=b5205bf4-5bcd-4dbc-b715-fe88585c0d85 client=testclient
2026-01-21 11:02:53 [INFO] Request completed: GET /api/monitor/summary status=200 duration=3.75ms request_id=b5205bf4-5bcd-4dbc-b715-fe88585c0d85
2026-01-21 11:02:53 [INFO] HTTP Request: GET http://testserver/api/monitor/summary "HTTP/1.1 200 OK"
PASSED                                                                   [ 58%]
tests/test_production.py::TestAuthentication::test_protected_endpoint_invalid_token 
-------------------------------- live log call ---------------------------------
2026-01-21 11:02:53 [INFO] Request started: GET /api/monitor/summary request_id=e6519b27-54ed-48ed-986d-25ec00bb19c7 client=testclient
2026-01-21 11:02:53 [INFO] Request completed: GET /api/monitor/summary status=200 duration=1.07ms request_id=e6519b27-54ed-48ed-986d-25ec00bb19c7
2026-01-21 11:02:53 [INFO] HTTP Request: GET http://testserver/api/monitor/summary "HTTP/1.1 200 OK"
PASSED                                                                   [ 59%]
tests/test_production.py::TestRateLimiting::test_rate_limit_not_exceeded 
-------------------------------- live log call ---------------------------------
2026-01-21 11:02:53 [INFO] Request started: GET /health request_id=3fcf3a38-6a57-496b-bf43-21f6781539c3 client=testclient
2026-01-21 11:02:53 [INFO] Request completed: GET /health status=200 duration=0.50ms request_id=3fcf3a38-6a57-496b-bf43-21f6781539c3
2026-01-21 11:02:53 [INFO] HTTP Request: GET http://testserver/health "HTTP/1.1 200 OK"
2026-01-21 11:02:53 [INFO] Request started: GET /health request_id=5a7d71e2-8905-47f4-9881-9f122c887f09 client=testclient
2026-01-21 11:02:53 [INFO] Request completed: GET /health status=200 duration=0.45ms request_id=5a7d71e2-8905-47f4-9881-9f122c887f09
2026-01-21 11:02:53 [INFO] HTTP Request: GET http://testserver/health "HTTP/1.1 200 OK"
2026-01-21 11:02:53 [INFO] Request started: GET /health request_id=9d08030e-fe2d-4193-b84a-50743ba0f7ef client=testclient
2026-01-21 11:02:53 [INFO] Request completed: GET /health status=200 duration=0.64ms request_id=9d08030e-fe2d-4193-b84a-50743ba0f7ef
2026-01-21 11:02:53 [INFO] HTTP Request: GET http://testserver/health "HTTP/1.1 200 OK"
2026-01-21 11:02:53 [INFO] Request started: GET /health request_id=810bbb3a-8a8f-4386-a199-c16f542594a6 client=testclient
2026-01-21 11:02:53 [INFO] Request completed: GET /health status=200 duration=0.37ms request_id=810bbb3a-8a8f-4386-a199-c16f542594a6
2026-01-21 11:02:53 [INFO] HTTP Request: GET http://testserver/health "HTTP/1.1 200 OK"
2026-01-21 11:02:53 [INFO] Request started: GET /health request_id=9fe916fb-f2f6-4faf-877c-d471f5f58d64 client=testclient
2026-01-21 11:02:53 [INFO] Request completed: GET /health status=200 duration=0.42ms request_id=9fe916fb-f2f6-4faf-877c-d471f5f58d64
2026-01-21 11:02:53 [INFO] HTTP Request: GET http://testserver/health "HTTP/1.1 200 OK"
PASSED                                                                   [ 60%]
tests/test_production.py::TestRateLimiting::test_rate_limit_header 
-------------------------------- live log call ---------------------------------
2026-01-21 11:02:53 [INFO] Request started: GET /health request_id=963606c0-ddb1-40cf-ac1a-707a02d966ed client=testclient
2026-01-21 11:02:53 [INFO] Request completed: GET /health status=200 duration=0.67ms request_id=963606c0-ddb1-40cf-ac1a-707a02d966ed
2026-01-21 11:02:53 [INFO] HTTP Request: GET http://testserver/health "HTTP/1.1 200 OK"
PASSED                                                                   [ 61%]
tests/test_production.py::TestErrorHandling::test_404_endpoint 
-------------------------------- live log call ---------------------------------
2026-01-21 11:02:53 [INFO] Request started: GET /api/nonexistent request_id=92075f9f-509c-4bff-9259-78e9c13daaa3 client=testclient
2026-01-21 11:02:53 [INFO] Request completed: GET /api/nonexistent status=404 duration=0.53ms request_id=92075f9f-509c-4bff-9259-78e9c13daaa3
2026-01-21 11:02:53 [INFO] HTTP Request: GET http://testserver/api/nonexistent "HTTP/1.1 404 Not Found"
PASSED                                                                   [ 62%]
tests/test_production.py::TestErrorHandling::test_method_not_allowed 
-------------------------------- live log call ---------------------------------
2026-01-21 11:02:53 [INFO] Request started: DELETE /health request_id=be82c20b-1f29-4350-a684-754ceb9770e7 client=testclient
2026-01-21 11:02:53 [INFO] Request completed: DELETE /health status=405 duration=0.45ms request_id=be82c20b-1f29-4350-a684-754ceb9770e7
2026-01-21 11:02:53 [INFO] HTTP Request: DELETE http://testserver/health "HTTP/1.1 405 Method Not Allowed"
PASSED                                                                   [ 63%]
tests/test_production.py::TestErrorHandling::test_invalid_json 
-------------------------------- live log call ---------------------------------
2026-01-21 11:02:53 [INFO] Request started: POST /api/chat request_id=1bece920-0ba9-42bb-96d3-135b3cc28a3b client=testclient
2026-01-21 11:02:53 [INFO] Request completed: POST /api/chat status=422 duration=0.65ms request_id=1bece920-0ba9-42bb-96d3-135b3cc28a3b
2026-01-21 11:02:53 [INFO] HTTP Request: POST http://testserver/api/chat "HTTP/1.1 422 Unprocessable Entity"
PASSED                                                                   [ 64%]
tests/test_production.py::TestResponseFormat::test_json_response 
-------------------------------- live log call ---------------------------------
2026-01-21 11:02:53 [INFO] Request started: GET /health request_id=8cc6414e-615d-436c-ac20-965b2cab33d3 client=testclient
2026-01-21 11:02:53 [INFO] Request completed: GET /health status=200 duration=0.44ms request_id=8cc6414e-615d-436c-ac20-965b2cab33d3
2026-01-21 11:02:53 [INFO] HTTP Request: GET http://testserver/health "HTTP/1.1 200 OK"
PASSED                                                                   [ 65%]
tests/test_production.py::TestResponseFormat::test_request_id_header 
-------------------------------- live log call ---------------------------------
2026-01-21 11:02:53 [INFO] Request started: GET /health request_id=ffb568a7-869c-4eb9-84c9-9aa6f0ac9859 client=testclient
2026-01-21 11:02:53 [INFO] Request completed: GET /health status=200 duration=0.43ms request_id=ffb568a7-869c-4eb9-84c9-9aa6f0ac9859
2026-01-21 11:02:53 [INFO] HTTP Request: GET http://testserver/health "HTTP/1.1 200 OK"
PASSED                                                                   [ 67%]
tests/test_production.py::TestResponseFormat::test_cors_headers 
-------------------------------- live log call ---------------------------------
2026-01-21 11:02:53 [INFO] Request started: OPTIONS /health request_id=6a04ea57-05b9-4e50-946f-14ccca7c1d21 client=testclient
2026-01-21 11:02:53 [INFO] Request completed: OPTIONS /health status=405 duration=0.41ms request_id=6a04ea57-05b9-4e50-946f-14ccca7c1d21
2026-01-21 11:02:53 [INFO] HTTP Request: OPTIONS http://testserver/health "HTTP/1.1 405 Method Not Allowed"
PASSED                                                                   [ 68%]
tests/test_production.py::TestPerformance::test_health_response_time 
-------------------------------- live log call ---------------------------------
2026-01-21 11:02:53 [INFO] Request started: GET /health request_id=93230264-99af-4129-a222-e2455f169e3e client=testclient
2026-01-21 11:02:53 [INFO] Request completed: GET /health status=200 duration=0.43ms request_id=93230264-99af-4129-a222-e2455f169e3e
2026-01-21 11:02:53 [INFO] HTTP Request: GET http://testserver/health "HTTP/1.1 200 OK"
PASSED                                                                   [ 69%]
tests/test_production.py::TestPerformance::test_concurrent_requests 
-------------------------------- live log call ---------------------------------
2026-01-21 11:02:53 [INFO] Request started: GET /health request_id=d5a3448f-54e9-4fab-bfe2-9ee9eb2e2e00 client=testclient
2026-01-21 11:02:53 [INFO] Request started: GET /health request_id=c511cbec-c416-43e8-9896-b824c1cba1aa client=testclient
2026-01-21 11:02:53 [INFO] Request started: GET /health request_id=22282418-22bc-4853-9ae6-4b20a0d2c96a client=testclient
2026-01-21 11:02:53 [INFO] Request started: GET /health request_id=a1c846f8-c76a-4ee8-949d-4207b9858644 client=testclient
2026-01-21 11:02:53 [INFO] Request started: GET /health request_id=be14b04f-10be-43c1-999b-bc6e9d8b4fc6 client=testclient
2026-01-21 11:02:53 [INFO] Request started: GET /health request_id=0aed8cdb-447b-4276-bb57-23c9e9df5309 client=testclient
2026-01-21 11:02:53 [INFO] Request completed: GET /health status=200 duration=3.16ms request_id=d5a3448f-54e9-4fab-bfe2-9ee9eb2e2e00
2026-01-21 11:02:53 [INFO] Request completed: GET /health status=200 duration=2.52ms request_id=c511cbec-c416-43e8-9896-b824c1cba1aa
2026-01-21 11:02:53 [INFO] Request started: GET /health request_id=7e9bcd67-b257-43f3-ab32-529c749bb939 client=testclient
2026-01-21 11:02:53 [INFO] Request started: GET /health request_id=5078fa23-447d-409a-b60a-8e99361d1dc2 client=testclient
2026-01-21 11:02:53 [INFO] Request started: GET /health request_id=4b61a559-b6a2-4a33-a788-ae4785e8b707 client=testclient
2026-01-21 11:02:53 [INFO] Request completed: GET /health status=200 duration=2.53ms request_id=22282418-22bc-4853-9ae6-4b20a0d2c96a
2026-01-21 11:02:53 [INFO] Request started: GET /health request_id=e9758488-de94-4d4d-8916-9c5f0543a675 client=testclient
2026-01-21 11:02:53 [INFO] Request completed: GET /health status=200 duration=3.22ms request_id=a1c846f8-c76a-4ee8-949d-4207b9858644
2026-01-21 11:02:53 [INFO] Request completed: GET /health status=200 duration=2.24ms request_id=be14b04f-10be-43c1-999b-bc6e9d8b4fc6
2026-01-21 11:02:53 [INFO] Request completed: GET /health status=200 duration=2.68ms request_id=0aed8cdb-447b-4276-bb57-23c9e9df5309
2026-01-21 11:02:53 [INFO] Request completed: GET /health status=200 duration=4.03ms request_id=7e9bcd67-b257-43f3-ab32-529c749bb939
2026-01-21 11:02:53 [INFO] Request completed: GET /health status=200 duration=4.79ms request_id=4b61a559-b6a2-4a33-a788-ae4785e8b707
2026-01-21 11:02:53 [INFO] Request completed: GET /health status=200 duration=4.86ms request_id=5078fa23-447d-409a-b60a-8e99361d1dc2
2026-01-21 11:02:53 [INFO] Request completed: GET /health status=200 duration=4.56ms request_id=e9758488-de94-4d4d-8916-9c5f0543a675
2026-01-21 11:02:53 [INFO] HTTP Request: GET http://testserver/health "HTTP/1.1 200 OK"
2026-01-21 11:02:53 [INFO] HTTP Request: GET http://testserver/health "HTTP/1.1 200 OK"
2026-01-21 11:02:53 [INFO] HTTP Request: GET http://testserver/health "HTTP/1.1 200 OK"
2026-01-21 11:02:53 [INFO] HTTP Request: GET http://testserver/health "HTTP/1.1 200 OK"
2026-01-21 11:02:53 [INFO] HTTP Request: GET http://testserver/health "HTTP/1.1 200 OK"
2026-01-21 11:02:53 [INFO] HTTP Request: GET http://testserver/health "HTTP/1.1 200 OK"
2026-01-21 11:02:53 [INFO] HTTP Request: GET http://testserver/health "HTTP/1.1 200 OK"
2026-01-21 11:02:53 [INFO] HTTP Request: GET http://testserver/health "HTTP/1.1 200 OK"
2026-01-21 11:02:53 [INFO] HTTP Request: GET http://testserver/health "HTTP/1.1 200 OK"
2026-01-21 11:02:53 [INFO] HTTP Request: GET http://testserver/health "HTTP/1.1 200 OK"
PASSED                                                                   [ 70%]
tests/test_production.py::TestIntegration::test_chat_workflow 
-------------------------------- live log call ---------------------------------
2026-01-21 11:02:53 [INFO] Request started: GET /health request_id=30426efa-80bf-42cc-9f23-8475f143660c client=testclient
2026-01-21 11:02:53 [INFO] Request completed: GET /health status=200 duration=0.42ms request_id=30426efa-80bf-42cc-9f23-8475f143660c
2026-01-21 11:02:53 [INFO] HTTP Request: GET http://testserver/health "HTTP/1.1 200 OK"
2026-01-21 11:02:53 [INFO] Request started: POST /api/chat request_id=0018ecc2-9e7a-425c-8a7e-170fe4417ae6 client=testclient
2026-01-21 11:02:53 [INFO] Request completed: POST /api/chat status=200 duration=0.97ms request_id=0018ecc2-9e7a-425c-8a7e-170fe4417ae6
2026-01-21 11:02:53 [INFO] HTTP Request: POST http://testserver/api/chat "HTTP/1.1 200 OK"
PASSED                                                                   [ 71%]
tests/test_production.py::TestIntegration::test_multimodal_workflow 
-------------------------------- live log call ---------------------------------
2026-01-21 11:02:53 [INFO] Request started: POST /api/chat/multimodal request_id=d32ba995-7392-41e1-9f62-7803c0d92bb1 client=testclient
2026-01-21 11:02:53 [INFO] Built RAG index with 29 passages.
2026-01-21 11:02:53 [INFO] Request completed: POST /api/chat/multimodal status=200 duration=7.34ms request_id=d32ba995-7392-41e1-9f62-7803c0d92bb1
2026-01-21 11:02:53 [INFO] HTTP Request: POST http://testserver/api/chat/multimodal "HTTP/1.1 200 OK"
PASSED                                                                   [ 72%]
tests/test_production.py::TestMetrics::test_metrics_endpoint 
-------------------------------- live log call ---------------------------------
2026-01-21 11:02:53 [INFO] Request started: GET /metrics request_id=68fb1fbf-dcf2-470d-a1f4-8db11086d1e1 client=testclient
2026-01-21 11:02:53 [INFO] Request completed: GET /metrics status=200 duration=3.09ms request_id=68fb1fbf-dcf2-470d-a1f4-8db11086d1e1
2026-01-21 11:02:53 [INFO] HTTP Request: GET http://testserver/metrics "HTTP/1.1 200 OK"
PASSED                                                                   [ 73%]
tests/test_production.py::TestConfiguration::test_settings_load PASSED   [ 74%]
tests/test_production.py::TestConfiguration::test_settings_cached PASSED [ 75%]
tests/test_production.py::TestMiddleware::test_exception_handling 
-------------------------------- live log call ---------------------------------
2026-01-21 11:02:53 [INFO] Request started: POST /api/fraud request_id=ae16f94d-76e0-42da-a4b2-0320f4a16885 client=testclient
2026-01-21 11:02:53 [INFO] Request completed: POST /api/fraud status=422 duration=1.42ms request_id=ae16f94d-76e0-42da-a4b2-0320f4a16885
2026-01-21 11:02:53 [INFO] HTTP Request: POST http://testserver/api/fraud "HTTP/1.1 422 Unprocessable Entity"
PASSED                                                                   [ 76%]
tests/test_rag.py::test_rag_ingest_and_chat 
-------------------------------- live log call ---------------------------------
2026-01-21 11:02:53 [INFO] Request started: POST /api/rag/ingest request_id=58ef2b20-64b5-4820-a69b-e9b4749ab20a client=testclient
2026-01-21 11:02:53 [INFO] Auto-selected chunking strategy: ChunkingStrategy.SENTENCE
2026-01-21 11:02:53 [INFO] Auto-selected chunking strategy: ChunkingStrategy.SENTENCE
2026-01-21 11:02:53 [INFO] Auto-selected chunking strategy: ChunkingStrategy.SENTENCE
2026-01-21 11:02:53 [INFO] Request completed: POST /api/rag/ingest status=200 duration=10.35ms request_id=58ef2b20-64b5-4820-a69b-e9b4749ab20a
2026-01-21 11:02:53 [INFO] HTTP Request: POST http://testserver/api/rag/ingest "HTTP/1.1 200 OK"
2026-01-21 11:02:53 [INFO] Request started: POST /api/chat request_id=c75cf8b6-6a22-4d70-b43e-41e91c77a7c6 client=testclient
2026-01-21 11:02:53 [INFO] Request completed: POST /api/chat status=200 duration=1.25ms request_id=c75cf8b6-6a22-4d70-b43e-41e91c77a7c6
2026-01-21 11:02:53 [INFO] HTTP Request: POST http://testserver/api/chat "HTTP/1.1 200 OK"
PASSED                                                                   [ 78%]
tests/test_recommender.py::test_recommender_endpoints 
-------------------------------- live log call ---------------------------------
2026-01-21 11:02:53 [INFO] Request started: POST /api/recommend request_id=e16795f2-9886-44ed-a564-98114263855a client=testclient
2026-01-21 11:02:53 [INFO] Request completed: POST /api/recommend status=200 duration=258.01ms request_id=e16795f2-9886-44ed-a564-98114263855a
2026-01-21 11:02:53 [INFO] HTTP Request: POST http://testserver/api/recommend "HTTP/1.1 200 OK"
2026-01-21 11:02:53 [INFO] Request started: POST /api/recommend/explain request_id=382b7208-e829-428f-a30e-70762dd369b4 client=testclient
2026-01-21 11:02:53 [INFO] Request completed: POST /api/recommend/explain status=200 duration=5.75ms request_id=382b7208-e829-428f-a30e-70762dd369b4
2026-01-21 11:02:53 [INFO] HTTP Request: POST http://testserver/api/recommend/explain "HTTP/1.1 200 OK"
PASSED                                                                   [ 79%]
tests/test_recommender_multimodal_api.py::test_recommender_multimodal_endpoint_returns_503_when_index_missing 
-------------------------------- live log call ---------------------------------
2026-01-21 11:02:53 [INFO] Request started: POST /api/recommend/multimodal request_id=59bab99c-6585-4476-b392-42191c6cee2d client=testclient
2026-01-21 11:02:53 [INFO] Request completed: POST /api/recommend/multimodal status=503 duration=1.03ms request_id=59bab99c-6585-4476-b392-42191c6cee2d
2026-01-21 11:02:53 [INFO] HTTP Request: POST http://testserver/api/recommend/multimodal "HTTP/1.1 503 Service Unavailable"
PASSED                                                                   [ 80%]
tests/test_recommender_multimodal_api.py::test_recommender_multimodal_endpoint_accepts_text 
-------------------------------- live log call ---------------------------------
2026-01-21 11:02:53 [INFO] Request started: POST /api/recommend/multimodal request_id=2132149b-97e5-4793-bcb3-6cb6bf25caeb client=testclient
2026-01-21 11:02:53 [INFO] Request completed: POST /api/recommend/multimodal status=200 duration=0.85ms request_id=2132149b-97e5-4793-bcb3-6cb6bf25caeb
2026-01-21 11:02:53 [INFO] HTTP Request: POST http://testserver/api/recommend/multimodal "HTTP/1.1 200 OK"
PASSED                                                                   [ 81%]
tests/test_recommender_multimodal_api.py::test_recommender_multimodal_endpoint_accepts_text_and_image 
-------------------------------- live log call ---------------------------------
2026-01-21 11:02:53 [INFO] Request started: POST /api/recommend/multimodal request_id=565edb50-ad29-48c9-937b-d15e85800e43 client=testclient
2026-01-21 11:02:53 [INFO] Request completed: POST /api/recommend/multimodal status=200 duration=1.14ms request_id=565edb50-ad29-48c9-937b-d15e85800e43
2026-01-21 11:02:53 [INFO] HTTP Request: POST http://testserver/api/recommend/multimodal "HTTP/1.1 200 OK"
PASSED                                                                   [ 82%]
tests/test_recommender_multimodal_catalog.py::test_unified_catalog_loads_multiple_domains PASSED [ 83%]
tests/test_recommender_multimodal_import.py::test_multimodal_recommender_import_is_lightweight PASSED [ 84%]
tests/test_risk_api.py::test_risk_analyze_endpoint_happy_path 
-------------------------------- live log call ---------------------------------
2026-01-21 11:02:53 [INFO] Request started: POST /api/risk/analyze request_id=6bd0bbdb-205c-4934-abd0-d59febb9fc88 client=testclient
2026-01-21 11:02:53 [INFO] Request completed: POST /api/risk/analyze status=200 duration=38.13ms request_id=6bd0bbdb-205c-4934-abd0-d59febb9fc88
2026-01-21 11:02:53 [INFO] HTTP Request: POST http://testserver/api/risk/analyze "HTTP/1.1 200 OK"
PASSED                                                                   [ 85%]
tests/test_vision_resnet.py::test_resnet_forward_smoke PASSED            [ 86%]
tests/test_voice_emotion.py::test_voice_emotion_endpoint 
-------------------------------- live log call ---------------------------------
2026-01-21 11:02:53 [INFO] Request started: POST /api/voice/emotion request_id=25d77bc2-7015-4174-85d0-8c07ec4b2ab1 client=testclient
2026-01-21 11:02:53 [INFO] Request completed: POST /api/voice/emotion status=200 duration=7.80ms request_id=25d77bc2-7015-4174-85d0-8c07ec4b2ab1
2026-01-21 11:02:53 [INFO] HTTP Request: POST http://testserver/api/voice/emotion "HTTP/1.1 200 OK"
PASSED                                                                   [ 87%]
tests/test_voice_noise.py::TestNoiseGenerator::test_white_noise_shape PASSED [ 89%]
tests/test_voice_noise.py::TestNoiseGenerator::test_pink_noise_generation PASSED [ 90%]
tests/test_voice_noise.py::TestNoiseGenerator::test_babble_noise_generation PASSED [ 91%]
tests/test_voice_noise.py::TestNoiseGenerator::test_add_noise_at_snr PASSED [ 92%]
tests/test_voice_noise.py::TestMockVoiceModel::test_prediction_output PASSED [ 93%]
tests/test_voice_noise.py::TestMockVoiceModel::test_noise_affects_accuracy PASSED [ 94%]
tests/test_voice_noise.py::TestVoiceRobustnessTester::test_run_test_returns_results PASSED [ 95%]
tests/test_voice_noise.py::TestVoiceRobustnessTester::test_result_fields PASSED [ 96%]
tests/test_voice_noise.py::TestVoiceRobustnessTester::test_accuracy_degrades_with_noise PASSED [ 97%]
tests/test_voice_noise.py::TestVoiceRobustnessTester::test_generate_report PASSED [ 98%]
tests/test_voice_noise.py::TestRobustnessResult::test_to_dict PASSED     [100%]

=============================== warnings summary ===============================
../../../../../opt/anaconda3/lib/python3.13/site-packages/_pytest/config/__init__.py:1441
  /opt/anaconda3/lib/python3.13/site-packages/_pytest/config/__init__.py:1441: PytestConfigWarning: Unknown config option: asyncio_mode
  
    self._warn_or_fail_if_strict(f"Unknown config option: {key}\n")

../../../../../opt/anaconda3/lib/python3.13/site-packages/_pytest/config/__init__.py:1441
  /opt/anaconda3/lib/python3.13/site-packages/_pytest/config/__init__.py:1441: PytestConfigWarning: Unknown config option: timeout
  
    self._warn_or_fail_if_strict(f"Unknown config option: {key}\n")

tests/test_behavior_logs_api.py::test_behavior_logs_endpoint_accepts_csv
tests/test_behavior_logs_api.py::test_behavior_logs_endpoint_accepts_csv
tests/test_production.py::TestBehaviorAPI::test_behavior_scoring
tests/test_risk_api.py::test_risk_analyze_endpoint_happy_path
  /opt/anaconda3/lib/python3.13/site-packages/sklearn/base.py:493: UserWarning: X does not have valid feature names, but StandardScaler was fitted with feature names
    warnings.warn(

tests/test_production.py::TestCyberAPI::test_cyber_scoring
tests/test_risk_api.py::test_risk_analyze_endpoint_happy_path
  /opt/anaconda3/lib/python3.13/site-packages/sklearn/base.py:493: UserWarning: X does not have valid feature names, but HistGradientBoostingClassifier was fitted with feature names
    warnings.warn(

tests/test_production.py::TestRecommendAPI::test_recommend_movies
  /opt/anaconda3/lib/python3.13/site-packages/sklearn/base.py:376: InconsistentVersionWarning: Trying to unpickle estimator DummyClassifier from version 1.7.2 when using version 1.5.2. This might lead to breaking code or invalid results. Use at your own risk. For more info please refer to:
  https://scikit-learn.org/stable/model_persistence.html#security-maintainability-limitations
    warnings.warn(

tests/test_production.py::TestRecommendAPI::test_recommend_movies
  /opt/anaconda3/lib/python3.13/site-packages/sklearn/base.py:376: InconsistentVersionWarning: Trying to unpickle estimator DecisionTreeRegressor from version 1.7.2 when using version 1.5.2. This might lead to breaking code or invalid results. Use at your own risk. For more info please refer to:
  https://scikit-learn.org/stable/model_persistence.html#security-maintainability-limitations
    warnings.warn(

tests/test_production.py::TestRecommendAPI::test_recommend_movies
  /opt/anaconda3/lib/python3.13/site-packages/sklearn/base.py:376: InconsistentVersionWarning: Trying to unpickle estimator GradientBoostingClassifier from version 1.7.2 when using version 1.5.2. This might lead to breaking code or invalid results. Use at your own risk. For more info please refer to:
  https://scikit-learn.org/stable/model_persistence.html#security-maintainability-limitations
    warnings.warn(

-- Docs: https://docs.pytest.org/en/stable/how-to/capture-warnings.html
=========================== short test summary info ============================
SKIPPED [1] tests/test_multi_sequence_30_tf.py:8: Set RUN_TF_TESTS=1 to execute TensorFlow tests
SKIPPED [1] tests/test_nlp_tiny.py:6: could not import 'transformers': No module named 'transformers'
================== 90 passed, 2 skipped, 11 warnings in 9.33s ==================
