============================= test session starts ==============================
platform darwin -- Python 3.13.5, pytest-8.3.4, pluggy-1.6.0
rootdir: /Users/pratik_n/Desktop/MyComputer/universal-anomaly-intelligence-v2
configfile: pytest.ini
testpaths: tests
plugins: anyio-4.7.0, hydra-core-1.3.2

----------------------------- live log collection ------------------------------
2026-01-21 13:18:39 [INFO] NumExpr defaulting to 10 threads.
2026-01-21 13:18:42 [INFO] Production middleware configured successfully
collected 91 items / 1 skipped

tests/e2e/test_rag_dsa.py::test_dsa_doc_rag_roundtrip PASSED             [  1%]
tests/e2e/test_smoke.py::test_health PASSED                              [  2%]
tests/e2e/test_smoke.py::test_chat PASSED                                [  3%]
tests/test_api_payloads.py::test_fusion_keys_sorted_for_payload PASSED   [  4%]
tests/test_api_v1_contract.py::test_api_v1_contract_in_openapi PASSED    [  5%]
tests/test_auth_password.py::test_password_hash_roundtrip 
-------------------------------- live log call ---------------------------------
2026-01-21 13:18:43 [WARNING] (trapped) error reading bcrypt version
Traceback (most recent call last):
  File "/opt/anaconda3/lib/python3.13/site-packages/passlib/handlers/bcrypt.py", line 620, in _load_backend_mixin
    version = _bcrypt.__about__.__version__
              ^^^^^^^^^^^^^^^^^
AttributeError: module 'bcrypt' has no attribute '__about__'
PASSED                                                                   [  6%]
tests/test_behavior_logs_api.py::test_behavior_logs_endpoint_accepts_csv 
-------------------------------- live log call ---------------------------------
2026-01-21 13:18:43 [INFO] Request started: POST /api/behavior/logs request_id=2d27ed7f-caa2-4ae7-8c58-f96f049d8200 client=testclient
2026-01-21 13:18:43 [INFO] Request completed: POST /api/behavior/logs status=200 duration=88.32ms request_id=2d27ed7f-caa2-4ae7-8c58-f96f049d8200
2026-01-21 13:18:43 [INFO] HTTP Request: POST http://testserver/api/behavior/logs?max_rows=1000&top_n=5 "HTTP/1.1 200 OK"
PASSED                                                                   [  7%]
tests/test_brand_routes_import.py::test_brand_route_import_does_not_require_weights PASSED [  8%]
tests/test_build_30seq_dataset.py::test_build_sequences_writes_files PASSED [  9%]
tests/test_build_recommender_index_script.py::test_build_recommender_index_script_runs PASSED [ 10%]
tests/test_chat.py::test_chat_route 
-------------------------------- live log call ---------------------------------
2026-01-21 13:18:45 [INFO] Request started: POST /api/chat request_id=758e9f98-14fe-4f05-a3bc-d424adec4124 client=testclient
2026-01-21 13:18:45 [INFO] Request completed: POST /api/chat status=200 duration=179.54ms request_id=758e9f98-14fe-4f05-a3bc-d424adec4124
2026-01-21 13:18:45 [INFO] HTTP Request: POST http://testserver/api/chat "HTTP/1.1 200 OK"
PASSED                                                                   [ 12%]
tests/test_chat_multimodal_stt.py::test_chat_multimodal_transcribe_flag_does_not_break 
-------------------------------- live log call ---------------------------------
2026-01-21 13:18:45 [INFO] Request started: POST /api/chat/multimodal request_id=fff50051-c955-45ee-8041-33ab38dd6979 client=testclient
2026-01-21 13:18:46 [INFO] Request completed: POST /api/chat/multimodal status=200 duration=770.20ms request_id=fff50051-c955-45ee-8041-33ab38dd6979
2026-01-21 13:18:46 [INFO] HTTP Request: POST http://testserver/api/chat/multimodal "HTTP/1.1 200 OK"
PASSED                                                                   [ 13%]
tests/test_clothes_catalog.py::test_recommend_clothes_includes_brand_and_title PASSED [ 14%]
tests/test_clothes_catalog.py::test_recommend_clothes_works_without_preferred_tags PASSED [ 15%]
tests/test_decision_engine.py::test_make_decision_blocks_on_high_fraud PASSED [ 16%]
tests/test_decision_engine.py::test_make_decision_step_up_on_combined_risk PASSED [ 17%]
tests/test_decision_engine.py::test_make_decision_allows_low_risk PASSED [ 18%]
tests/test_dsa_algorithms_api.py::test_dsa_lca_api 
-------------------------------- live log call ---------------------------------
2026-01-21 13:18:46 [INFO] Request started: POST /api/dsa/algorithms/lca request_id=6a979499-42ac-4754-8834-74dbefdb5713 client=testclient
2026-01-21 13:18:46 [INFO] Request completed: POST /api/dsa/algorithms/lca status=200 duration=1.37ms request_id=6a979499-42ac-4754-8834-74dbefdb5713
2026-01-21 13:18:46 [INFO] HTTP Request: POST http://testserver/api/dsa/algorithms/lca "HTTP/1.1 200 OK"
PASSED                                                                   [ 19%]
tests/test_dsa_algorithms_api.py::test_dsa_segment_tree_api 
-------------------------------- live log call ---------------------------------
2026-01-21 13:18:46 [INFO] Request started: POST /api/dsa/algorithms/segment-tree request_id=134b952a-a78b-4875-8f04-0088fea0c799 client=testclient
2026-01-21 13:18:46 [INFO] Request completed: POST /api/dsa/algorithms/segment-tree status=200 duration=1.48ms request_id=134b952a-a78b-4875-8f04-0088fea0c799
2026-01-21 13:18:46 [INFO] HTTP Request: POST http://testserver/api/dsa/algorithms/segment-tree "HTTP/1.1 200 OK"
PASSED                                                                   [ 20%]
tests/test_dsa_algorithms_api.py::test_dsa_min_cost_max_flow_api 
-------------------------------- live log call ---------------------------------
2026-01-21 13:18:46 [INFO] Request started: POST /api/dsa/algorithms/min-cost-max-flow request_id=dfc9550d-85cd-4f23-934f-d695e58591c2 client=testclient
2026-01-21 13:18:46 [INFO] Request completed: POST /api/dsa/algorithms/min-cost-max-flow status=200 duration=1.07ms request_id=dfc9550d-85cd-4f23-934f-d695e58591c2
2026-01-21 13:18:46 [INFO] HTTP Request: POST http://testserver/api/dsa/algorithms/min-cost-max-flow "HTTP/1.1 200 OK"
PASSED                                                                   [ 21%]
tests/test_dsa_algorithms_api.py::test_dsa_graph_algorithms_api 
-------------------------------- live log call ---------------------------------
2026-01-21 13:18:46 [INFO] Request started: POST /api/dsa/algorithms/bfs request_id=b2140b8e-8ddc-4028-898a-a0f0aad9fea4 client=testclient
2026-01-21 13:18:46 [INFO] Request completed: POST /api/dsa/algorithms/bfs status=200 duration=1.40ms request_id=b2140b8e-8ddc-4028-898a-a0f0aad9fea4
2026-01-21 13:18:46 [INFO] HTTP Request: POST http://testserver/api/dsa/algorithms/bfs "HTTP/1.1 200 OK"
2026-01-21 13:18:46 [INFO] Request started: POST /api/dsa/algorithms/dfs request_id=40a9661b-e01c-4b60-ad10-5d644b234d50 client=testclient
2026-01-21 13:18:46 [INFO] Request completed: POST /api/dsa/algorithms/dfs status=200 duration=1.00ms request_id=40a9661b-e01c-4b60-ad10-5d644b234d50
2026-01-21 13:18:46 [INFO] HTTP Request: POST http://testserver/api/dsa/algorithms/dfs "HTTP/1.1 200 OK"
2026-01-21 13:18:46 [INFO] Request started: POST /api/dsa/algorithms/shortest-paths request_id=bfe73696-d759-4c9d-b9cf-36ef6b71b2a4 client=testclient
2026-01-21 13:18:46 [INFO] Request completed: POST /api/dsa/algorithms/shortest-paths status=200 duration=1.39ms request_id=bfe73696-d759-4c9d-b9cf-36ef6b71b2a4
2026-01-21 13:18:46 [INFO] HTTP Request: POST http://testserver/api/dsa/algorithms/shortest-paths "HTTP/1.1 200 OK"
2026-01-21 13:18:46 [INFO] Request started: POST /api/dsa/algorithms/mst request_id=e724722a-ff0f-420e-9af4-c545fd89d63c client=testclient
2026-01-21 13:18:46 [INFO] Request completed: POST /api/dsa/algorithms/mst status=200 duration=0.91ms request_id=e724722a-ff0f-420e-9af4-c545fd89d63c
2026-01-21 13:18:46 [INFO] HTTP Request: POST http://testserver/api/dsa/algorithms/mst "HTTP/1.1 200 OK"
2026-01-21 13:18:46 [INFO] Request started: POST /api/dsa/algorithms/scc request_id=389ee1f2-6bbe-4a14-8ef2-d577d5b8c30e client=testclient
2026-01-21 13:18:46 [INFO] Request completed: POST /api/dsa/algorithms/scc status=200 duration=1.28ms request_id=389ee1f2-6bbe-4a14-8ef2-d577d5b8c30e
2026-01-21 13:18:46 [INFO] HTTP Request: POST http://testserver/api/dsa/algorithms/scc "HTTP/1.1 200 OK"
PASSED                                                                   [ 23%]
tests/test_dsa_algorithms_api.py::test_dsa_segment_tree_min_api 
-------------------------------- live log call ---------------------------------
2026-01-21 13:18:46 [INFO] Request started: POST /api/dsa/algorithms/segment-tree-min request_id=38af1222-6a5d-4717-99c9-f8a2daee1488 client=testclient
2026-01-21 13:18:46 [INFO] Request completed: POST /api/dsa/algorithms/segment-tree-min status=200 duration=1.04ms request_id=38af1222-6a5d-4717-99c9-f8a2daee1488
2026-01-21 13:18:46 [INFO] HTTP Request: POST http://testserver/api/dsa/algorithms/segment-tree-min "HTTP/1.1 200 OK"
PASSED                                                                   [ 24%]
tests/test_dsa_algorithms_api.py::test_dsa_shortest_path_variants_api 
-------------------------------- live log call ---------------------------------
2026-01-21 13:18:46 [INFO] Request started: POST /api/dsa/algorithms/shortest-paths/bellman-ford request_id=65dc19fa-817d-495e-b196-511c256e4fd8 client=testclient
2026-01-21 13:18:46 [INFO] Request completed: POST /api/dsa/algorithms/shortest-paths/bellman-ford status=200 duration=1.27ms request_id=65dc19fa-817d-495e-b196-511c256e4fd8
2026-01-21 13:18:46 [INFO] HTTP Request: POST http://testserver/api/dsa/algorithms/shortest-paths/bellman-ford "HTTP/1.1 200 OK"
2026-01-21 13:18:46 [INFO] Request started: POST /api/dsa/algorithms/shortest-paths/floyd-warshall request_id=5d41e43d-249a-4b6a-be0d-58da23af031f client=testclient
2026-01-21 13:18:46 [INFO] Request completed: POST /api/dsa/algorithms/shortest-paths/floyd-warshall status=200 duration=0.92ms request_id=5d41e43d-249a-4b6a-be0d-58da23af031f
2026-01-21 13:18:46 [INFO] HTTP Request: POST http://testserver/api/dsa/algorithms/shortest-paths/floyd-warshall "HTTP/1.1 200 OK"
2026-01-21 13:18:46 [INFO] Request started: POST /api/dsa/algorithms/shortest-paths/zero-one-bfs request_id=c3d0c773-6364-4172-84a4-b4ed1cda57ba client=testclient
2026-01-21 13:18:46 [INFO] Request completed: POST /api/dsa/algorithms/shortest-paths/zero-one-bfs status=200 duration=1.24ms request_id=c3d0c773-6364-4172-84a4-b4ed1cda57ba
2026-01-21 13:18:46 [INFO] HTTP Request: POST http://testserver/api/dsa/algorithms/shortest-paths/zero-one-bfs "HTTP/1.1 200 OK"
PASSED                                                                   [ 25%]
tests/test_dsa_algorithms_api.py::test_dsa_trie_api 
-------------------------------- live log call ---------------------------------
2026-01-21 13:18:46 [INFO] Request started: POST /api/dsa/algorithms/trie request_id=b975215a-aafb-455b-99e2-a6388c111453 client=testclient
2026-01-21 13:18:46 [INFO] Request completed: POST /api/dsa/algorithms/trie status=200 duration=0.93ms request_id=b975215a-aafb-455b-99e2-a6388c111453
2026-01-21 13:18:46 [INFO] HTTP Request: POST http://testserver/api/dsa/algorithms/trie "HTTP/1.1 200 OK"
PASSED                                                                   [ 26%]
tests/test_dsa_algorithms_api.py::test_dsa_dp_api 
-------------------------------- live log call ---------------------------------
2026-01-21 13:18:46 [INFO] Request started: POST /api/dsa/algorithms/dp request_id=4f3b02d0-079a-4315-9c67-97e6e750d794 client=testclient
2026-01-21 13:18:46 [INFO] Request completed: POST /api/dsa/algorithms/dp status=200 duration=1.26ms request_id=4f3b02d0-079a-4315-9c67-97e6e750d794
2026-01-21 13:18:46 [INFO] HTTP Request: POST http://testserver/api/dsa/algorithms/dp "HTTP/1.1 200 OK"
2026-01-21 13:18:46 [INFO] Request started: POST /api/dsa/algorithms/dp request_id=05d8c3e8-075d-4f8c-b93f-24e445d1f830 client=testclient
2026-01-21 13:18:46 [INFO] Request completed: POST /api/dsa/algorithms/dp status=200 duration=0.91ms request_id=05d8c3e8-075d-4f8c-b93f-24e445d1f830
2026-01-21 13:18:46 [INFO] HTTP Request: POST http://testserver/api/dsa/algorithms/dp "HTTP/1.1 200 OK"
2026-01-21 13:18:46 [INFO] Request started: POST /api/dsa/algorithms/dp request_id=57e98b7a-7363-4dd3-95e9-1ae5741f7ada client=testclient
2026-01-21 13:18:46 [INFO] Request completed: POST /api/dsa/algorithms/dp status=200 duration=1.01ms request_id=57e98b7a-7363-4dd3-95e9-1ae5741f7ada
2026-01-21 13:18:46 [INFO] HTTP Request: POST http://testserver/api/dsa/algorithms/dp "HTTP/1.1 200 OK"
PASSED                                                                   [ 27%]
tests/test_face_emotion_endpoint.py::test_face_emotion_predict_no_file 
-------------------------------- live log call ---------------------------------
2026-01-21 13:18:46 [INFO] Request started: POST /api/vision/face_emotion/predict request_id=fa6da7ee-1d19-4980-a0f1-de5a038c1c22 client=testclient
2026-01-21 13:18:46 [INFO] Request completed: POST /api/vision/face_emotion/predict status=422 duration=0.89ms request_id=fa6da7ee-1d19-4980-a0f1-de5a038c1c22
2026-01-21 13:18:46 [INFO] HTTP Request: POST http://testserver/api/vision/face_emotion/predict "HTTP/1.1 422 Unprocessable Entity"
PASSED                                                                   [ 28%]
tests/test_face_emotion_endpoint.py::test_face_emotion_predict_invalid_file 
-------------------------------- live log call ---------------------------------
2026-01-21 13:18:46 [INFO] Request started: POST /api/vision/face_emotion/predict request_id=13ebbefc-bc0c-4e7c-be49-e936b0cdd6e3 client=testclient
2026-01-21 13:18:46 [INFO] Request completed: POST /api/vision/face_emotion/predict status=400 duration=0.88ms request_id=13ebbefc-bc0c-4e7c-be49-e936b0cdd6e3
2026-01-21 13:18:46 [INFO] HTTP Request: POST http://testserver/api/vision/face_emotion/predict "HTTP/1.1 400 Bad Request"
PASSED                                                                   [ 29%]
tests/test_fusion_run.py::test_generate_meta_features_and_train PASSED   [ 30%]
tests/test_health.py::test_health_endpoint 
-------------------------------- live log call ---------------------------------
2026-01-21 13:18:46 [INFO] Request started: GET /health request_id=ace4c0a6-f8ec-4e03-8031-db1723338562 client=testclient
2026-01-21 13:18:46 [INFO] Request completed: GET /health status=200 duration=0.55ms request_id=ace4c0a6-f8ec-4e03-8031-db1723338562
2026-01-21 13:18:46 [INFO] HTTP Request: GET http://testserver/health "HTTP/1.1 200 OK"
PASSED                                                                   [ 31%]
tests/test_health_endpoint.py::test_api_health_contract 
-------------------------------- live log call ---------------------------------
2026-01-21 13:18:46 [INFO] Request started: GET /api/health request_id=51a054c0-9c73-422c-aaee-9ee1e6b2bd7e client=testclient
2026-01-21 13:18:46 [INFO] Request completed: GET /api/health status=200 duration=1.39ms request_id=51a054c0-9c73-422c-aaee-9ee1e6b2bd7e
2026-01-21 13:18:46 [INFO] HTTP Request: GET http://testserver/api/health "HTTP/1.1 200 OK"
PASSED                                                                   [ 32%]
tests/test_monitoring.py::test_monitor_workflow 
-------------------------------- live log call ---------------------------------
2026-01-21 13:18:46 [INFO] Request started: POST /api/monitor/log request_id=f6057d7c-1bdb-4673-b906-ff7178eee177 client=testclient
2026-01-21 13:18:46 [INFO] Request completed: POST /api/monitor/log status=200 duration=1.13ms request_id=f6057d7c-1bdb-4673-b906-ff7178eee177
2026-01-21 13:18:46 [INFO] HTTP Request: POST http://testserver/api/monitor/log "HTTP/1.1 200 OK"
2026-01-21 13:18:46 [INFO] Request started: GET /api/monitor/summary request_id=24d4dd85-8d70-4cc3-bbf2-62ee52215017 client=testclient
2026-01-21 13:18:46 [INFO] Request completed: GET /api/monitor/summary status=200 duration=1.33ms request_id=24d4dd85-8d70-4cc3-bbf2-62ee52215017
2026-01-21 13:18:46 [INFO] HTTP Request: GET http://testserver/api/monitor/summary?window_n=10 "HTTP/1.1 200 OK"
2026-01-21 13:18:46 [INFO] Request started: POST /api/monitor/baseline/build request_id=2384eeb0-4b5f-4369-92c4-14f58c6b5876 client=testclient
2026-01-21 13:18:46 [INFO] Request completed: POST /api/monitor/baseline/build status=200 duration=0.92ms request_id=2384eeb0-4b5f-4369-92c4-14f58c6b5876
2026-01-21 13:18:46 [INFO] HTTP Request: POST http://testserver/api/monitor/baseline/build "HTTP/1.1 200 OK"
2026-01-21 13:18:46 [INFO] Request started: GET /api/monitor/drift request_id=c5b7a0bc-01aa-40e5-bfe4-ae08e5897e65 client=testclient
2026-01-21 13:18:46 [INFO] Request completed: GET /api/monitor/drift status=200 duration=0.83ms request_id=c5b7a0bc-01aa-40e5-bfe4-ae08e5897e65
2026-01-21 13:18:46 [INFO] HTTP Request: GET http://testserver/api/monitor/drift?window_n=10 "HTTP/1.1 200 OK"
PASSED                                                                   [ 34%]
tests/test_multi_sequence_30_torch.py::test_forward_pass_small_shape PASSED [ 35%]
tests/test_nlp_tiny.py::test_distilbert_forward_smoke SKIPPED (could...) [ 36%]
tests/test_paths.py::test_paths_exist PASSED                             [ 37%]
tests/test_production.py::TestHealthEndpoints::test_health_check 
-------------------------------- live log call ---------------------------------
2026-01-21 13:18:46 [INFO] Request started: GET /health request_id=88eefb1d-d3a2-4f2f-a2ca-acd078e8dbd8 client=testclient
2026-01-21 13:18:46 [INFO] Request completed: GET /health status=200 duration=0.62ms request_id=88eefb1d-d3a2-4f2f-a2ca-acd078e8dbd8
2026-01-21 13:18:46 [INFO] HTTP Request: GET http://testserver/health "HTTP/1.1 200 OK"
PASSED                                                                   [ 38%]
tests/test_production.py::TestHealthEndpoints::test_liveness_check 
-------------------------------- live log call ---------------------------------
2026-01-21 13:18:46 [INFO] Request started: GET /health/live request_id=2d58b935-326e-4610-b3b9-a4c71508f37c client=testclient
2026-01-21 13:18:46 [INFO] Request completed: GET /health/live status=200 duration=0.46ms request_id=2d58b935-326e-4610-b3b9-a4c71508f37c
2026-01-21 13:18:46 [INFO] HTTP Request: GET http://testserver/health/live "HTTP/1.1 200 OK"
PASSED                                                                   [ 39%]
tests/test_production.py::TestHealthEndpoints::test_readiness_check 
-------------------------------- live log call ---------------------------------
2026-01-21 13:18:46 [INFO] Request started: GET /health/ready request_id=96fcf941-461a-412e-a106-c13c476c43ac client=testclient
2026-01-21 13:18:46 [INFO] Request completed: GET /health/ready status=200 duration=1.19ms request_id=96fcf941-461a-412e-a106-c13c476c43ac
2026-01-21 13:18:46 [INFO] HTTP Request: GET http://testserver/health/ready "HTTP/1.1 200 OK"
PASSED                                                                   [ 40%]
tests/test_production.py::TestHealthEndpoints::test_detailed_health 
-------------------------------- live log call ---------------------------------
2026-01-21 13:18:46 [INFO] Request started: GET /health/detailed request_id=b1043650-b8e5-44b4-83f2-2e967fb21680 client=testclient
2026-01-21 13:18:46 [INFO] Request completed: GET /health/detailed status=200 duration=37.48ms request_id=b1043650-b8e5-44b4-83f2-2e967fb21680
2026-01-21 13:18:46 [INFO] HTTP Request: GET http://testserver/health/detailed "HTTP/1.1 200 OK"
PASSED                                                                   [ 41%]
tests/test_production.py::TestChatAPI::test_chat_endpoint 
-------------------------------- live log call ---------------------------------
2026-01-21 13:18:46 [INFO] Request started: POST /api/chat request_id=282436d4-d780-4c91-8e1a-8ef604cce8bf client=testclient
2026-01-21 13:18:46 [INFO] Request completed: POST /api/chat status=200 duration=1.30ms request_id=282436d4-d780-4c91-8e1a-8ef604cce8bf
2026-01-21 13:18:46 [INFO] HTTP Request: POST http://testserver/api/chat "HTTP/1.1 200 OK"
PASSED                                                                   [ 42%]
tests/test_production.py::TestChatAPI::test_chat_empty_message 
-------------------------------- live log call ---------------------------------
2026-01-21 13:18:46 [INFO] Request started: POST /api/chat request_id=02cf9800-7d9f-493e-8287-7669e6248a62 client=testclient
2026-01-21 13:18:46 [INFO] Request completed: POST /api/chat status=422 duration=1.14ms request_id=02cf9800-7d9f-493e-8287-7669e6248a62
2026-01-21 13:18:46 [INFO] HTTP Request: POST http://testserver/api/chat "HTTP/1.1 422 Unprocessable Entity"
PASSED                                                                   [ 43%]
tests/test_production.py::TestChatAPI::test_chat_with_rag 
-------------------------------- live log call ---------------------------------
2026-01-21 13:18:46 [INFO] Request started: POST /api/chat request_id=064fdeec-6367-49b1-b52a-8922dcc0969e client=testclient
2026-01-21 13:18:46 [WARNING] SHAP explanation failed: property 'feature_names_in_' of 'Pipeline' object has no setter
2026-01-21 13:18:46 [INFO] Request completed: POST /api/chat status=200 duration=5.40ms request_id=064fdeec-6367-49b1-b52a-8922dcc0969e
2026-01-21 13:18:46 [INFO] HTTP Request: POST http://testserver/api/chat "HTTP/1.1 200 OK"
PASSED                                                                   [ 45%]
tests/test_production.py::TestFraudAPI::test_fraud_scoring 
-------------------------------- live log call ---------------------------------
2026-01-21 13:18:46 [INFO] Request started: POST /api/fraud request_id=006d82e8-b900-4788-9373-6de3be8f0935 client=testclient
2026-01-21 13:18:46 [INFO] Request completed: POST /api/fraud status=200 duration=3.84ms request_id=006d82e8-b900-4788-9373-6de3be8f0935
2026-01-21 13:18:46 [INFO] HTTP Request: POST http://testserver/api/fraud "HTTP/1.1 200 OK"
PASSED                                                                   [ 46%]
tests/test_production.py::TestFraudAPI::test_fraud_invalid_features 
-------------------------------- live log call ---------------------------------
2026-01-21 13:18:46 [INFO] Request started: POST /api/fraud request_id=73e7c35e-9986-4386-a272-4b06bf01d7d3 client=testclient
2026-01-21 13:18:46 [INFO] Request completed: POST /api/fraud status=422 duration=2.52ms request_id=73e7c35e-9986-4386-a272-4b06bf01d7d3
2026-01-21 13:18:46 [INFO] HTTP Request: POST http://testserver/api/fraud "HTTP/1.1 422 Unprocessable Entity"
PASSED                                                                   [ 47%]
tests/test_production.py::TestFraudAPI::test_fraud_empty_features 
-------------------------------- live log call ---------------------------------
2026-01-21 13:18:46 [INFO] Request started: POST /api/fraud request_id=e5dbc63e-000b-4b77-a0ef-8d83af84f026 client=testclient
2026-01-21 13:18:46 [INFO] Request completed: POST /api/fraud status=200 duration=2.84ms request_id=e5dbc63e-000b-4b77-a0ef-8d83af84f026
2026-01-21 13:18:46 [INFO] HTTP Request: POST http://testserver/api/fraud "HTTP/1.1 200 OK"
PASSED                                                                   [ 48%]
tests/test_production.py::TestCyberAPI::test_cyber_scoring 
-------------------------------- live log call ---------------------------------
2026-01-21 13:18:46 [INFO] Request started: POST /api/cyber request_id=ecd74953-dc0c-4339-80e9-bf2c2f853aea client=testclient
2026-01-21 13:18:46 [INFO] Request completed: POST /api/cyber status=200 duration=19.52ms request_id=ecd74953-dc0c-4339-80e9-bf2c2f853aea
2026-01-21 13:18:46 [INFO] HTTP Request: POST http://testserver/api/cyber "HTTP/1.1 200 OK"
PASSED                                                                   [ 49%]
tests/test_production.py::TestBehaviorAPI::test_behavior_scoring 
-------------------------------- live log call ---------------------------------
2026-01-21 13:18:46 [INFO] Request started: POST /api/behavior request_id=4472be20-20a7-4097-9b1e-4f084f09bd05 client=testclient
2026-01-21 13:18:46 [INFO] Request completed: POST /api/behavior status=200 duration=2.73ms request_id=4472be20-20a7-4097-9b1e-4f084f09bd05
2026-01-21 13:18:46 [INFO] HTTP Request: POST http://testserver/api/behavior "HTTP/1.1 200 OK"
PASSED                                                                   [ 50%]
tests/test_production.py::TestVisionAPI::test_vision_predict_no_file 
-------------------------------- live log call ---------------------------------
2026-01-21 13:18:46 [INFO] Request started: POST /api/vision/predict request_id=93dc43cf-2a18-41a4-b3f0-25cf5974e962 client=testclient
2026-01-21 13:18:46 [INFO] Request completed: POST /api/vision/predict status=400 duration=0.77ms request_id=93dc43cf-2a18-41a4-b3f0-25cf5974e962
2026-01-21 13:18:46 [INFO] HTTP Request: POST http://testserver/api/vision/predict "HTTP/1.1 400 Bad Request"
PASSED                                                                   [ 51%]
tests/test_production.py::TestVisionAPI::test_vision_predict_invalid_file 
-------------------------------- live log call ---------------------------------
2026-01-21 13:18:46 [INFO] Request started: POST /api/vision/predict request_id=142cc0ef-5bab-43b6-9bfb-66177e492e93 client=testclient
2026-01-21 13:18:46 [INFO] Request completed: POST /api/vision/predict status=400 duration=1.18ms request_id=142cc0ef-5bab-43b6-9bfb-66177e492e93
2026-01-21 13:18:46 [INFO] HTTP Request: POST http://testserver/api/vision/predict "HTTP/1.1 400 Bad Request"
PASSED                                                                   [ 52%]
tests/test_production.py::TestRecommendAPI::test_recommend_movies 
-------------------------------- live log call ---------------------------------
2026-01-21 13:18:46 [INFO] Request started: POST /api/recommend request_id=19a0d72c-f8df-4f25-bff9-ee6c332a56b5 client=testclient
2026-01-21 13:18:49 [INFO] Request completed: POST /api/recommend status=200 duration=2689.04ms request_id=19a0d72c-f8df-4f25-bff9-ee6c332a56b5
2026-01-21 13:18:49 [INFO] HTTP Request: POST http://testserver/api/recommend "HTTP/1.1 200 OK"
PASSED                                                                   [ 53%]
tests/test_production.py::TestRecommendAPI::test_recommend_products 
-------------------------------- live log call ---------------------------------
2026-01-21 13:18:49 [INFO] Request started: POST /api/recommend request_id=529828dd-eed0-4640-a46f-1209395f380b client=testclient
2026-01-21 13:18:49 [INFO] Request completed: POST /api/recommend status=200 duration=268.26ms request_id=529828dd-eed0-4640-a46f-1209395f380b
2026-01-21 13:18:49 [INFO] HTTP Request: POST http://testserver/api/recommend "HTTP/1.1 200 OK"
PASSED                                                                   [ 54%]
tests/test_production.py::TestRAGAPI::test_rag_query 
-------------------------------- live log call ---------------------------------
2026-01-21 13:18:49 [INFO] Request started: POST /api/rag/query request_id=5e18bc8e-4d1c-4ac4-9047-0dd4fbaec079 client=testclient
2026-01-21 13:18:49 [INFO] Request completed: POST /api/rag/query status=200 duration=3.04ms request_id=5e18bc8e-4d1c-4ac4-9047-0dd4fbaec079
2026-01-21 13:18:49 [INFO] HTTP Request: POST http://testserver/api/rag/query "HTTP/1.1 200 OK"
PASSED                                                                   [ 56%]
tests/test_production.py::TestRAGAPI::test_rag_upload_no_file 
-------------------------------- live log call ---------------------------------
2026-01-21 13:18:49 [INFO] Request started: POST /api/rag/upload request_id=e95f811a-d454-4e96-89b2-970c24e9b266 client=testclient
2026-01-21 13:18:49 [INFO] Request completed: POST /api/rag/upload status=422 duration=1.55ms request_id=e95f811a-d454-4e96-89b2-970c24e9b266
2026-01-21 13:18:49 [INFO] HTTP Request: POST http://testserver/api/rag/upload "HTTP/1.1 422 Unprocessable Entity"
PASSED                                                                   [ 57%]
tests/test_production.py::TestAuthentication::test_protected_endpoint_no_token 
-------------------------------- live log call ---------------------------------
2026-01-21 13:18:49 [INFO] Request started: GET /api/monitor/summary request_id=6274c906-d945-468a-8714-386591502736 client=testclient
2026-01-21 13:18:49 [INFO] Request completed: GET /api/monitor/summary status=200 duration=3.04ms request_id=6274c906-d945-468a-8714-386591502736
2026-01-21 13:18:49 [INFO] HTTP Request: GET http://testserver/api/monitor/summary "HTTP/1.1 200 OK"
PASSED                                                                   [ 58%]
tests/test_production.py::TestAuthentication::test_protected_endpoint_invalid_token 
-------------------------------- live log call ---------------------------------
2026-01-21 13:18:49 [INFO] Request started: GET /api/monitor/summary request_id=ffb5fad7-e8f7-46f2-8f1b-a284566e7561 client=testclient
2026-01-21 13:18:49 [INFO] Request completed: GET /api/monitor/summary status=200 duration=5.64ms request_id=ffb5fad7-e8f7-46f2-8f1b-a284566e7561
2026-01-21 13:18:49 [INFO] HTTP Request: GET http://testserver/api/monitor/summary "HTTP/1.1 200 OK"
PASSED                                                                   [ 59%]
tests/test_production.py::TestRateLimiting::test_rate_limit_not_exceeded 
-------------------------------- live log call ---------------------------------
2026-01-21 13:18:49 [INFO] Request started: GET /health request_id=efb9c5ca-5d7b-4ca1-8ba7-abd2efa2fcce client=testclient
2026-01-21 13:18:49 [INFO] Request completed: GET /health status=200 duration=1.46ms request_id=efb9c5ca-5d7b-4ca1-8ba7-abd2efa2fcce
2026-01-21 13:18:49 [INFO] HTTP Request: GET http://testserver/health "HTTP/1.1 200 OK"
2026-01-21 13:18:49 [INFO] Request started: GET /health request_id=6f390777-da19-4722-9a47-bc28c4875f9b client=testclient
2026-01-21 13:18:49 [INFO] Request completed: GET /health status=200 duration=2.13ms request_id=6f390777-da19-4722-9a47-bc28c4875f9b
2026-01-21 13:18:49 [INFO] HTTP Request: GET http://testserver/health "HTTP/1.1 200 OK"
2026-01-21 13:18:49 [INFO] Request started: GET /health request_id=0e2cf4de-a9e3-480b-b6df-96faf488a477 client=testclient
2026-01-21 13:18:49 [INFO] Request completed: GET /health status=200 duration=0.73ms request_id=0e2cf4de-a9e3-480b-b6df-96faf488a477
2026-01-21 13:18:49 [INFO] HTTP Request: GET http://testserver/health "HTTP/1.1 200 OK"
2026-01-21 13:18:49 [INFO] Request started: GET /health request_id=11ca75bf-f625-431e-b56f-645701c32e71 client=testclient
2026-01-21 13:18:49 [INFO] Request completed: GET /health status=200 duration=0.73ms request_id=11ca75bf-f625-431e-b56f-645701c32e71
2026-01-21 13:18:49 [INFO] HTTP Request: GET http://testserver/health "HTTP/1.1 200 OK"
2026-01-21 13:18:49 [INFO] Request started: GET /health request_id=1ddde4e9-d35b-4f23-8fa2-6e354a142bbf client=testclient
2026-01-21 13:18:49 [INFO] Request completed: GET /health status=200 duration=0.84ms request_id=1ddde4e9-d35b-4f23-8fa2-6e354a142bbf
2026-01-21 13:18:49 [INFO] HTTP Request: GET http://testserver/health "HTTP/1.1 200 OK"
PASSED                                                                   [ 60%]
tests/test_production.py::TestRateLimiting::test_rate_limit_header 
-------------------------------- live log call ---------------------------------
2026-01-21 13:18:49 [INFO] Request started: GET /health request_id=52b3956c-1a22-4fab-a003-c0c89dd2f495 client=testclient
2026-01-21 13:18:49 [INFO] Request completed: GET /health status=200 duration=1.34ms request_id=52b3956c-1a22-4fab-a003-c0c89dd2f495
2026-01-21 13:18:49 [INFO] HTTP Request: GET http://testserver/health "HTTP/1.1 200 OK"
PASSED                                                                   [ 61%]
tests/test_production.py::TestErrorHandling::test_404_endpoint 
-------------------------------- live log call ---------------------------------
2026-01-21 13:18:49 [INFO] Request started: GET /api/nonexistent request_id=6d3b82c0-e31b-493d-96a5-15f2082ae907 client=testclient
2026-01-21 13:18:49 [INFO] Request completed: GET /api/nonexistent status=404 duration=0.67ms request_id=6d3b82c0-e31b-493d-96a5-15f2082ae907
2026-01-21 13:18:49 [INFO] HTTP Request: GET http://testserver/api/nonexistent "HTTP/1.1 404 Not Found"
PASSED                                                                   [ 62%]
tests/test_production.py::TestErrorHandling::test_method_not_allowed 
-------------------------------- live log call ---------------------------------
2026-01-21 13:18:49 [INFO] Request started: DELETE /health request_id=fb73dbaf-537c-4500-862a-29cdf003fac2 client=testclient
2026-01-21 13:18:49 [INFO] Request completed: DELETE /health status=405 duration=0.45ms request_id=fb73dbaf-537c-4500-862a-29cdf003fac2
2026-01-21 13:18:49 [INFO] HTTP Request: DELETE http://testserver/health "HTTP/1.1 405 Method Not Allowed"
PASSED                                                                   [ 63%]
tests/test_production.py::TestErrorHandling::test_invalid_json 
-------------------------------- live log call ---------------------------------
2026-01-21 13:18:49 [INFO] Request started: POST /api/chat request_id=52768e3b-9d39-4838-9bf0-6ab9740d1afa client=testclient
2026-01-21 13:18:49 [INFO] Request completed: POST /api/chat status=422 duration=0.76ms request_id=52768e3b-9d39-4838-9bf0-6ab9740d1afa
2026-01-21 13:18:49 [INFO] HTTP Request: POST http://testserver/api/chat "HTTP/1.1 422 Unprocessable Entity"
PASSED                                                                   [ 64%]
tests/test_production.py::TestResponseFormat::test_json_response 
-------------------------------- live log call ---------------------------------
2026-01-21 13:18:49 [INFO] Request started: GET /health request_id=1da82ee5-87b2-46ac-b66a-d9d5d540b35d client=testclient
2026-01-21 13:18:49 [INFO] Request completed: GET /health status=200 duration=0.46ms request_id=1da82ee5-87b2-46ac-b66a-d9d5d540b35d
2026-01-21 13:18:49 [INFO] HTTP Request: GET http://testserver/health "HTTP/1.1 200 OK"
PASSED                                                                   [ 65%]
tests/test_production.py::TestResponseFormat::test_request_id_header 
-------------------------------- live log call ---------------------------------
2026-01-21 13:18:49 [INFO] Request started: GET /health request_id=dbe2f765-af33-4e03-98cd-e98ae429b1da client=testclient
2026-01-21 13:18:49 [INFO] Request completed: GET /health status=200 duration=0.46ms request_id=dbe2f765-af33-4e03-98cd-e98ae429b1da
2026-01-21 13:18:49 [INFO] HTTP Request: GET http://testserver/health "HTTP/1.1 200 OK"
PASSED                                                                   [ 67%]
tests/test_production.py::TestResponseFormat::test_cors_headers 
-------------------------------- live log call ---------------------------------
2026-01-21 13:18:49 [INFO] Request started: OPTIONS /health request_id=6754b704-4d04-4b83-b804-194e7e489299 client=testclient
2026-01-21 13:18:49 [INFO] Request completed: OPTIONS /health status=405 duration=0.44ms request_id=6754b704-4d04-4b83-b804-194e7e489299
2026-01-21 13:18:49 [INFO] HTTP Request: OPTIONS http://testserver/health "HTTP/1.1 405 Method Not Allowed"
PASSED                                                                   [ 68%]
tests/test_production.py::TestPerformance::test_health_response_time 
-------------------------------- live log call ---------------------------------
2026-01-21 13:18:49 [INFO] Request started: GET /health request_id=a325b844-1465-46ab-9f76-66c3178933a6 client=testclient
2026-01-21 13:18:49 [INFO] Request completed: GET /health status=200 duration=0.40ms request_id=a325b844-1465-46ab-9f76-66c3178933a6
2026-01-21 13:18:49 [INFO] HTTP Request: GET http://testserver/health "HTTP/1.1 200 OK"
PASSED                                                                   [ 69%]
tests/test_production.py::TestPerformance::test_concurrent_requests 
-------------------------------- live log call ---------------------------------
2026-01-21 13:18:49 [INFO] Request started: GET /health request_id=66b2ae1e-b4f9-4cb2-803d-e5630c160fc6 client=testclient
2026-01-21 13:18:49 [INFO] Request started: GET /health request_id=04b5fa2b-5e93-4960-beb7-f3a362931509 client=testclient
2026-01-21 13:18:49 [INFO] Request started: GET /health request_id=3522405e-9d19-4b50-943c-8ef5cd3eacd8 client=testclient
2026-01-21 13:18:49 [INFO] Request started: GET /health request_id=a9c4e615-b976-4bff-acb7-4bed25ac3893 client=testclient
2026-01-21 13:18:49 [INFO] Request completed: GET /health status=200 duration=3.29ms request_id=66b2ae1e-b4f9-4cb2-803d-e5630c160fc6
2026-01-21 13:18:49 [INFO] Request started: GET /health request_id=aa645e2c-22fe-4bbf-8fab-99bef7800996 client=testclient
2026-01-21 13:18:49 [INFO] Request started: GET /health request_id=75963866-3970-4e6c-b409-c0730ae1983e client=testclient
2026-01-21 13:18:49 [INFO] Request started: GET /health request_id=e2448fea-d4c3-4aa9-8674-f6b1cc1235b7 client=testclient
2026-01-21 13:18:49 [INFO] Request started: GET /health request_id=871e37f0-6921-42b6-82e9-78a090a3fc39 client=testclient
2026-01-21 13:18:49 [INFO] Request completed: GET /health status=200 duration=2.24ms request_id=3522405e-9d19-4b50-943c-8ef5cd3eacd8
2026-01-21 13:18:49 [INFO] Request started: GET /health request_id=08de70b1-0b5e-4609-a4df-cbe5684a7c40 client=testclient
2026-01-21 13:18:49 [INFO] Request completed: GET /health status=200 duration=2.47ms request_id=a9c4e615-b976-4bff-acb7-4bed25ac3893
2026-01-21 13:18:49 [INFO] Request started: GET /health request_id=4add510a-c71e-42fb-a790-9283a243c95a client=testclient
2026-01-21 13:18:49 [INFO] Request completed: GET /health status=200 duration=2.30ms request_id=aa645e2c-22fe-4bbf-8fab-99bef7800996
2026-01-21 13:18:49 [INFO] Request completed: GET /health status=200 duration=4.73ms request_id=04b5fa2b-5e93-4960-beb7-f3a362931509
2026-01-21 13:18:49 [INFO] Request completed: GET /health status=200 duration=2.92ms request_id=75963866-3970-4e6c-b409-c0730ae1983e
2026-01-21 13:18:49 [INFO] Request completed: GET /health status=200 duration=2.78ms request_id=e2448fea-d4c3-4aa9-8674-f6b1cc1235b7
2026-01-21 13:18:49 [INFO] Request completed: GET /health status=200 duration=3.04ms request_id=871e37f0-6921-42b6-82e9-78a090a3fc39
2026-01-21 13:18:49 [INFO] Request completed: GET /health status=200 duration=4.15ms request_id=4add510a-c71e-42fb-a790-9283a243c95a
2026-01-21 13:18:49 [INFO] Request completed: GET /health status=200 duration=5.47ms request_id=08de70b1-0b5e-4609-a4df-cbe5684a7c40
2026-01-21 13:18:49 [INFO] HTTP Request: GET http://testserver/health "HTTP/1.1 200 OK"
2026-01-21 13:18:49 [INFO] HTTP Request: GET http://testserver/health "HTTP/1.1 200 OK"
2026-01-21 13:18:49 [INFO] HTTP Request: GET http://testserver/health "HTTP/1.1 200 OK"
2026-01-21 13:18:49 [INFO] HTTP Request: GET http://testserver/health "HTTP/1.1 200 OK"
2026-01-21 13:18:49 [INFO] HTTP Request: GET http://testserver/health "HTTP/1.1 200 OK"
2026-01-21 13:18:49 [INFO] HTTP Request: GET http://testserver/health "HTTP/1.1 200 OK"
2026-01-21 13:18:49 [INFO] HTTP Request: GET http://testserver/health "HTTP/1.1 200 OK"
2026-01-21 13:18:49 [INFO] HTTP Request: GET http://testserver/health "HTTP/1.1 200 OK"
2026-01-21 13:18:49 [INFO] HTTP Request: GET http://testserver/health "HTTP/1.1 200 OK"
2026-01-21 13:18:49 [INFO] HTTP Request: GET http://testserver/health "HTTP/1.1 200 OK"
PASSED                                                                   [ 70%]
tests/test_production.py::TestIntegration::test_chat_workflow 
-------------------------------- live log call ---------------------------------
2026-01-21 13:18:49 [INFO] Request started: GET /health request_id=0b26ab6b-6997-4313-98a2-22a30ee30b43 client=testclient
2026-01-21 13:18:49 [INFO] Request completed: GET /health status=200 duration=0.39ms request_id=0b26ab6b-6997-4313-98a2-22a30ee30b43
2026-01-21 13:18:49 [INFO] HTTP Request: GET http://testserver/health "HTTP/1.1 200 OK"
2026-01-21 13:18:49 [INFO] Request started: POST /api/chat request_id=d099e0fd-44c4-492d-9db3-0b8937a5321a client=testclient
2026-01-21 13:18:49 [INFO] Request completed: POST /api/chat status=200 duration=1.11ms request_id=d099e0fd-44c4-492d-9db3-0b8937a5321a
2026-01-21 13:18:49 [INFO] HTTP Request: POST http://testserver/api/chat "HTTP/1.1 200 OK"
PASSED                                                                   [ 71%]
tests/test_production.py::TestIntegration::test_multimodal_workflow 
-------------------------------- live log call ---------------------------------
2026-01-21 13:18:49 [INFO] Request started: POST /api/chat/multimodal request_id=19450485-78c1-421d-b453-f2eecd36fce7 client=testclient
2026-01-21 13:18:49 [INFO] Built RAG index with 29 passages.
2026-01-21 13:18:49 [INFO] Request completed: POST /api/chat/multimodal status=200 duration=4.84ms request_id=19450485-78c1-421d-b453-f2eecd36fce7
2026-01-21 13:18:49 [INFO] HTTP Request: POST http://testserver/api/chat/multimodal "HTTP/1.1 200 OK"
PASSED                                                                   [ 72%]
tests/test_production.py::TestMetrics::test_metrics_endpoint 
-------------------------------- live log call ---------------------------------
2026-01-21 13:18:49 [INFO] Request started: GET /metrics request_id=cf3df50d-bca1-4c9b-a93e-b1b1b1a61a6e client=testclient
2026-01-21 13:18:49 [INFO] Request completed: GET /metrics status=200 duration=3.10ms request_id=cf3df50d-bca1-4c9b-a93e-b1b1b1a61a6e
2026-01-21 13:18:49 [INFO] HTTP Request: GET http://testserver/metrics "HTTP/1.1 200 OK"
PASSED                                                                   [ 73%]
tests/test_production.py::TestConfiguration::test_settings_load PASSED   [ 74%]
tests/test_production.py::TestConfiguration::test_settings_cached PASSED [ 75%]
tests/test_production.py::TestMiddleware::test_exception_handling 
-------------------------------- live log call ---------------------------------
2026-01-21 13:18:49 [INFO] Request started: POST /api/fraud request_id=489afce4-0896-4074-8f10-4b50739e766e client=testclient
2026-01-21 13:18:49 [INFO] Request completed: POST /api/fraud status=422 duration=0.77ms request_id=489afce4-0896-4074-8f10-4b50739e766e
2026-01-21 13:18:49 [INFO] HTTP Request: POST http://testserver/api/fraud "HTTP/1.1 422 Unprocessable Entity"
PASSED                                                                   [ 76%]
tests/test_rag.py::test_rag_ingest_and_chat 
-------------------------------- live log call ---------------------------------
2026-01-21 13:18:49 [INFO] Request started: POST /api/rag/ingest request_id=9edc75aa-3f12-4c39-b3f0-d6f2e4df03a7 client=testclient
2026-01-21 13:18:49 [INFO] Auto-selected chunking strategy: ChunkingStrategy.SENTENCE
2026-01-21 13:18:49 [INFO] Auto-selected chunking strategy: ChunkingStrategy.SENTENCE
2026-01-21 13:18:49 [INFO] Auto-selected chunking strategy: ChunkingStrategy.SENTENCE
2026-01-21 13:18:49 [INFO] Request completed: POST /api/rag/ingest status=200 duration=13.20ms request_id=9edc75aa-3f12-4c39-b3f0-d6f2e4df03a7
2026-01-21 13:18:49 [INFO] HTTP Request: POST http://testserver/api/rag/ingest "HTTP/1.1 200 OK"
2026-01-21 13:18:49 [INFO] Request started: POST /api/chat request_id=8d4a7eff-6b1a-4168-8725-b2760bd7072a client=testclient
2026-01-21 13:18:49 [INFO] Request completed: POST /api/chat status=200 duration=1.41ms request_id=8d4a7eff-6b1a-4168-8725-b2760bd7072a
2026-01-21 13:18:49 [INFO] HTTP Request: POST http://testserver/api/chat "HTTP/1.1 200 OK"
PASSED                                                                   [ 78%]
tests/test_recommender.py::test_recommender_endpoints 
-------------------------------- live log call ---------------------------------
2026-01-21 13:18:49 [INFO] Request started: POST /api/recommend request_id=cb0d3258-49a8-459b-a174-7514bf3a9fcd client=testclient
2026-01-21 13:18:49 [INFO] Request completed: POST /api/recommend status=200 duration=260.74ms request_id=cb0d3258-49a8-459b-a174-7514bf3a9fcd
2026-01-21 13:18:49 [INFO] HTTP Request: POST http://testserver/api/recommend "HTTP/1.1 200 OK"
2026-01-21 13:18:49 [INFO] Request started: POST /api/recommend/explain request_id=c2b60427-e391-4633-9305-8fc28fdc94bd client=testclient
2026-01-21 13:18:49 [INFO] Request completed: POST /api/recommend/explain status=200 duration=3.23ms request_id=c2b60427-e391-4633-9305-8fc28fdc94bd
2026-01-21 13:18:49 [INFO] HTTP Request: POST http://testserver/api/recommend/explain "HTTP/1.1 200 OK"
PASSED                                                                   [ 79%]
tests/test_recommender_multimodal_api.py::test_recommender_multimodal_endpoint_returns_503_when_index_missing 
-------------------------------- live log call ---------------------------------
2026-01-21 13:18:49 [INFO] Request started: POST /api/recommend/multimodal request_id=3e767b5c-26fc-43ca-9f69-26c2ccd3219f client=testclient
2026-01-21 13:18:49 [INFO] Request completed: POST /api/recommend/multimodal status=503 duration=0.86ms request_id=3e767b5c-26fc-43ca-9f69-26c2ccd3219f
2026-01-21 13:18:49 [INFO] HTTP Request: POST http://testserver/api/recommend/multimodal "HTTP/1.1 503 Service Unavailable"
PASSED                                                                   [ 80%]
tests/test_recommender_multimodal_api.py::test_recommender_multimodal_endpoint_accepts_text 
-------------------------------- live log call ---------------------------------
2026-01-21 13:18:49 [INFO] Request started: POST /api/recommend/multimodal request_id=0fc943de-493a-4500-9afb-6f3556a9cb65 client=testclient
2026-01-21 13:18:49 [INFO] Request completed: POST /api/recommend/multimodal status=200 duration=0.87ms request_id=0fc943de-493a-4500-9afb-6f3556a9cb65
2026-01-21 13:18:49 [INFO] HTTP Request: POST http://testserver/api/recommend/multimodal "HTTP/1.1 200 OK"
PASSED                                                                   [ 81%]
tests/test_recommender_multimodal_api.py::test_recommender_multimodal_endpoint_accepts_text_and_image 
-------------------------------- live log call ---------------------------------
2026-01-21 13:18:49 [INFO] Request started: POST /api/recommend/multimodal request_id=68a9dcdf-11da-4c2f-9cc4-4d5e1b6ec636 client=testclient
2026-01-21 13:18:49 [INFO] Request completed: POST /api/recommend/multimodal status=200 duration=1.22ms request_id=68a9dcdf-11da-4c2f-9cc4-4d5e1b6ec636
2026-01-21 13:18:49 [INFO] HTTP Request: POST http://testserver/api/recommend/multimodal "HTTP/1.1 200 OK"
PASSED                                                                   [ 82%]
tests/test_recommender_multimodal_catalog.py::test_unified_catalog_loads_multiple_domains PASSED [ 83%]
tests/test_recommender_multimodal_import.py::test_multimodal_recommender_import_is_lightweight PASSED [ 84%]
tests/test_risk_api.py::test_risk_analyze_endpoint_happy_path 
-------------------------------- live log call ---------------------------------
2026-01-21 13:18:49 [INFO] Request started: POST /api/risk/analyze request_id=482535b8-6341-4838-b25b-0545d0328085 client=testclient
2026-01-21 13:18:49 [INFO] Request completed: POST /api/risk/analyze status=200 duration=22.77ms request_id=482535b8-6341-4838-b25b-0545d0328085
2026-01-21 13:18:49 [INFO] HTTP Request: POST http://testserver/api/risk/analyze "HTTP/1.1 200 OK"
PASSED                                                                   [ 85%]
tests/test_vision_resnet.py::test_resnet_forward_smoke PASSED            [ 86%]
tests/test_voice_emotion.py::test_voice_emotion_endpoint 
-------------------------------- live log call ---------------------------------
2026-01-21 13:18:49 [INFO] Request started: POST /api/voice/emotion request_id=18bb025e-ea78-4c9d-9c2f-535b3f5e2e9a client=testclient
2026-01-21 13:18:49 [INFO] Request completed: POST /api/voice/emotion status=200 duration=9.38ms request_id=18bb025e-ea78-4c9d-9c2f-535b3f5e2e9a
2026-01-21 13:18:49 [INFO] HTTP Request: POST http://testserver/api/voice/emotion "HTTP/1.1 200 OK"
PASSED                                                                   [ 87%]
tests/test_voice_noise.py::TestNoiseGenerator::test_white_noise_shape PASSED [ 89%]
tests/test_voice_noise.py::TestNoiseGenerator::test_pink_noise_generation PASSED [ 90%]
tests/test_voice_noise.py::TestNoiseGenerator::test_babble_noise_generation PASSED [ 91%]
tests/test_voice_noise.py::TestNoiseGenerator::test_add_noise_at_snr PASSED [ 92%]
tests/test_voice_noise.py::TestMockVoiceModel::test_prediction_output PASSED [ 93%]
tests/test_voice_noise.py::TestMockVoiceModel::test_noise_affects_accuracy PASSED [ 94%]
tests/test_voice_noise.py::TestVoiceRobustnessTester::test_run_test_returns_results PASSED [ 95%]
tests/test_voice_noise.py::TestVoiceRobustnessTester::test_result_fields PASSED [ 96%]
tests/test_voice_noise.py::TestVoiceRobustnessTester::test_accuracy_degrades_with_noise PASSED [ 97%]
tests/test_voice_noise.py::TestVoiceRobustnessTester::test_generate_report PASSED [ 98%]
tests/test_voice_noise.py::TestRobustnessResult::test_to_dict PASSED     [100%]

=============================== warnings summary ===============================
../../../../../opt/anaconda3/lib/python3.13/site-packages/_pytest/config/__init__.py:1441
  /opt/anaconda3/lib/python3.13/site-packages/_pytest/config/__init__.py:1441: PytestConfigWarning: Unknown config option: asyncio_mode
  
    self._warn_or_fail_if_strict(f"Unknown config option: {key}\n")

../../../../../opt/anaconda3/lib/python3.13/site-packages/_pytest/config/__init__.py:1441
  /opt/anaconda3/lib/python3.13/site-packages/_pytest/config/__init__.py:1441: PytestConfigWarning: Unknown config option: timeout
  
    self._warn_or_fail_if_strict(f"Unknown config option: {key}\n")

tests/test_behavior_logs_api.py::test_behavior_logs_endpoint_accepts_csv
tests/test_behavior_logs_api.py::test_behavior_logs_endpoint_accepts_csv
tests/test_production.py::TestBehaviorAPI::test_behavior_scoring
tests/test_risk_api.py::test_risk_analyze_endpoint_happy_path
  /opt/anaconda3/lib/python3.13/site-packages/sklearn/base.py:493: UserWarning: X does not have valid feature names, but StandardScaler was fitted with feature names
    warnings.warn(

tests/test_production.py::TestCyberAPI::test_cyber_scoring
tests/test_risk_api.py::test_risk_analyze_endpoint_happy_path
  /opt/anaconda3/lib/python3.13/site-packages/sklearn/base.py:493: UserWarning: X does not have valid feature names, but HistGradientBoostingClassifier was fitted with feature names
    warnings.warn(

tests/test_production.py::TestRecommendAPI::test_recommend_movies
  /opt/anaconda3/lib/python3.13/site-packages/sklearn/base.py:376: InconsistentVersionWarning: Trying to unpickle estimator DummyClassifier from version 1.7.2 when using version 1.5.2. This might lead to breaking code or invalid results. Use at your own risk. For more info please refer to:
  https://scikit-learn.org/stable/model_persistence.html#security-maintainability-limitations
    warnings.warn(

tests/test_production.py::TestRecommendAPI::test_recommend_movies
  /opt/anaconda3/lib/python3.13/site-packages/sklearn/base.py:376: InconsistentVersionWarning: Trying to unpickle estimator DecisionTreeRegressor from version 1.7.2 when using version 1.5.2. This might lead to breaking code or invalid results. Use at your own risk. For more info please refer to:
  https://scikit-learn.org/stable/model_persistence.html#security-maintainability-limitations
    warnings.warn(

tests/test_production.py::TestRecommendAPI::test_recommend_movies
  /opt/anaconda3/lib/python3.13/site-packages/sklearn/base.py:376: InconsistentVersionWarning: Trying to unpickle estimator GradientBoostingClassifier from version 1.7.2 when using version 1.5.2. This might lead to breaking code or invalid results. Use at your own risk. For more info please refer to:
  https://scikit-learn.org/stable/model_persistence.html#security-maintainability-limitations
    warnings.warn(

-- Docs: https://docs.pytest.org/en/stable/how-to/capture-warnings.html
=========================== short test summary info ============================
SKIPPED [1] tests/test_multi_sequence_30_tf.py:8: Set RUN_TF_TESTS=1 to execute TensorFlow tests
SKIPPED [1] tests/test_nlp_tiny.py:6: could not import 'transformers': No module named 'transformers'
================= 90 passed, 2 skipped, 11 warnings in 12.95s ==================
